<?xml version="1.0" encoding="UTF-8"?>
<testsuite xmlns:xsi="http://www.w3.org/2001/XMLSchema-instance" xsi:noNamespaceSchemaLocation="https://maven.apache.org/surefire/maven-surefire-plugin/xsd/surefire-test-report-3.0.xsd" version="3.0" name="com.bika.config.DatabaseConnectionTest" time="4.557" tests="1" errors="0" skipped="0" failures="0">
  <properties>
[...]
</properties>
  <testcase name="testDatabaseConnection" classname="com.bika.config.DatabaseConnectionTest" time="0.025">
    <system-out><![CDATA[2025-07-08T20:07:14.058+02:00  INFO 2708 --- [bika] [           main] t.c.s.AnnotationConfigContextLoaderUtils : Could not detect default configuration classes for test class [com.bika.config.DatabaseConnectionTest]: DatabaseConnectionTest does not declare any static, non-private, non-final, nested classes annotated with @Configuration.
2025-07-08T20:07:14.127+02:00  INFO 2708 --- [bika] [           main] .b.t.c.SpringBootTestContextBootstrapper : Found @SpringBootConfiguration com.bika.BikaApplication for test class com.bika.config.DatabaseConnectionTest

  .   ____          _            __ _ _
 /\\ / ___'_ __ _ _(_)_ __  __ _ \ \ \ \
( ( )\___ | '_ | '_| | '_ \/ _` | \ \ \ \
 \\/  ___)| |_)| | | | | || (_| |  ) ) ) )
  '  |____| .__|_| |_|_| |_\__, | / / / /
 =========|_|==============|___/=/_/_/_/
 :: Spring Boot ::                (v3.2.3)

2025-07-08T20:07:14.258+02:00  INFO 2708 --- [bika] [           main] com.bika.config.DatabaseConnectionTest   : Starting DatabaseConnectionTest using Java 21.0.6 with PID 2708 (started by Yann in C:\Users\Yann\Desktop\biakasystem\backend)
2025-07-08T20:07:14.260+02:00 DEBUG 2708 --- [bika] [           main] com.bika.config.DatabaseConnectionTest   : Running with Spring Boot v3.2.3, Spring v6.1.4
2025-07-08T20:07:14.260+02:00  INFO 2708 --- [bika] [           main] com.bika.config.DatabaseConnectionTest   : The following 1 profile is active: "test"
2025-07-08T20:07:15.226+02:00  INFO 2708 --- [bika] [           main] .s.d.r.c.RepositoryConfigurationDelegate : Multiple Spring Data modules found, entering strict repository configuration mode
2025-07-08T20:07:15.226+02:00  INFO 2708 --- [bika] [           main] .s.d.r.c.RepositoryConfigurationDelegate : Bootstrapping Spring Data Elasticsearch repositories in DEFAULT mode.
2025-07-08T20:07:15.260+02:00  INFO 2708 --- [bika] [           main] .RepositoryConfigurationExtensionSupport : Spring Data Elasticsearch - Could not safely identify store assignment for repository candidate interface com.bika.audit.repository.AuditLogAuditRepository; If you want this repository to be a Elasticsearch repository, consider annotating your entities with one of these annotations: org.springframework.data.elasticsearch.annotations.Document (preferred), or consider extending one of the following types with your repository: org.springframework.data.elasticsearch.repository.ElasticsearchRepository, org.springframework.data.elasticsearch.repository.ElasticsearchRepository
2025-07-08T20:07:15.260+02:00  INFO 2708 --- [bika] [           main] .RepositoryConfigurationExtensionSupport : Spring Data Elasticsearch - Could not safely identify store assignment for repository candidate interface com.bika.company.repository.CompanyRepository; If you want this repository to be a Elasticsearch repository, consider annotating your entities with one of these annotations: org.springframework.data.elasticsearch.annotations.Document (preferred), or consider extending one of the following types with your repository: org.springframework.data.elasticsearch.repository.ElasticsearchRepository, org.springframework.data.elasticsearch.repository.ElasticsearchRepository
2025-07-08T20:07:15.260+02:00  INFO 2708 --- [bika] [           main] .RepositoryConfigurationExtensionSupport : Spring Data Elasticsearch - Could not safely identify store assignment for repository candidate interface com.bika.company.repository.DepartmentRepository; If you want this repository to be a Elasticsearch repository, consider annotating your entities with one of these annotations: org.springframework.data.elasticsearch.annotations.Document (preferred), or consider extending one of the following types with your repository: org.springframework.data.elasticsearch.repository.ElasticsearchRepository, org.springframework.data.elasticsearch.repository.ElasticsearchRepository
2025-07-08T20:07:15.260+02:00  INFO 2708 --- [bika] [           main] .RepositoryConfigurationExtensionSupport : Spring Data Elasticsearch - Could not safely identify store assignment for repository candidate interface com.bika.document.repository.AuditLogRepository; If you want this repository to be a Elasticsearch repository, consider annotating your entities with one of these annotations: org.springframework.data.elasticsearch.annotations.Document (preferred), or consider extending one of the following types with your repository: org.springframework.data.elasticsearch.repository.ElasticsearchRepository, org.springframework.data.elasticsearch.repository.ElasticsearchRepository
2025-07-08T20:07:15.260+02:00  INFO 2708 --- [bika] [           main] .RepositoryConfigurationExtensionSupport : Spring Data Elasticsearch - Could not safely identify store assignment for repository candidate interface com.bika.document.repository.DocumentRepository; If you want this repository to be a Elasticsearch repository, consider annotating your entities with one of these annotations: org.springframework.data.elasticsearch.annotations.Document (preferred), or consider extending one of the following types with your repository: org.springframework.data.elasticsearch.repository.ElasticsearchRepository, org.springframework.data.elasticsearch.repository.ElasticsearchRepository
2025-07-08T20:07:15.261+02:00  INFO 2708 --- [bika] [           main] .RepositoryConfigurationExtensionSupport : Spring Data Elasticsearch - Could not safely identify store assignment for repository candidate interface com.bika.document.repository.DocumentTypeRepository; If you want this repository to be a Elasticsearch repository, consider annotating your entities with one of these annotations: org.springframework.data.elasticsearch.annotations.Document (preferred), or consider extending one of the following types with your repository: org.springframework.data.elasticsearch.repository.ElasticsearchRepository, org.springframework.data.elasticsearch.repository.ElasticsearchRepository
2025-07-08T20:07:15.261+02:00  INFO 2708 --- [bika] [           main] .RepositoryConfigurationExtensionSupport : Spring Data Elasticsearch - Could not safely identify store assignment for repository candidate interface com.bika.document.repository.FolderRepository; If you want this repository to be a Elasticsearch repository, consider annotating your entities with one of these annotations: org.springframework.data.elasticsearch.annotations.Document (preferred), or consider extending one of the following types with your repository: org.springframework.data.elasticsearch.repository.ElasticsearchRepository, org.springframework.data.elasticsearch.repository.ElasticsearchRepository
2025-07-08T20:07:15.261+02:00  INFO 2708 --- [bika] [           main] .RepositoryConfigurationExtensionSupport : Spring Data Elasticsearch - Could not safely identify store assignment for repository candidate interface com.bika.project.repository.ProjectRepository; If you want this repository to be a Elasticsearch repository, consider annotating your entities with one of these annotations: org.springframework.data.elasticsearch.annotations.Document (preferred), or consider extending one of the following types with your repository: org.springframework.data.elasticsearch.repository.ElasticsearchRepository, org.springframework.data.elasticsearch.repository.ElasticsearchRepository
2025-07-08T20:07:15.261+02:00  INFO 2708 --- [bika] [           main] .RepositoryConfigurationExtensionSupport : Spring Data Elasticsearch - Could not safely identify store assignment for repository candidate interface com.bika.task.repository.TaskRepository; If you want this repository to be a Elasticsearch repository, consider annotating your entities with one of these annotations: org.springframework.data.elasticsearch.annotations.Document (preferred), or consider extending one of the following types with your repository: org.springframework.data.elasticsearch.repository.ElasticsearchRepository, org.springframework.data.elasticsearch.repository.ElasticsearchRepository
2025-07-08T20:07:15.261+02:00  INFO 2708 --- [bika] [           main] .RepositoryConfigurationExtensionSupport : Spring Data Elasticsearch - Could not safely identify store assignment for repository candidate interface com.bika.user.repository.UserRepository; If you want this repository to be a Elasticsearch repository, consider annotating your entities with one of these annotations: org.springframework.data.elasticsearch.annotations.Document (preferred), or consider extending one of the following types with your repository: org.springframework.data.elasticsearch.repository.ElasticsearchRepository, org.springframework.data.elasticsearch.repository.ElasticsearchRepository
2025-07-08T20:07:15.261+02:00  INFO 2708 --- [bika] [           main] .s.d.r.c.RepositoryConfigurationDelegate : Finished Spring Data repository scanning in 35 ms. Found 0 Elasticsearch repository interfaces.
2025-07-08T20:07:15.263+02:00  INFO 2708 --- [bika] [           main] .s.d.r.c.RepositoryConfigurationDelegate : Multiple Spring Data modules found, entering strict repository configuration mode
2025-07-08T20:07:15.263+02:00  INFO 2708 --- [bika] [           main] .s.d.r.c.RepositoryConfigurationDelegate : Bootstrapping Spring Data Reactive Elasticsearch repositories in DEFAULT mode.
2025-07-08T20:07:15.276+02:00  INFO 2708 --- [bika] [           main] .RepositoryConfigurationExtensionSupport : Spring Data Reactive Elasticsearch - Could not safely identify store assignment for repository candidate interface com.bika.audit.repository.AuditLogAuditRepository; If you want this repository to be a Reactive Elasticsearch repository, consider annotating your entities with one of these annotations: org.springframework.data.elasticsearch.annotations.Document (preferred), or consider extending one of the following types with your repository: org.springframework.data.elasticsearch.repository.ReactiveElasticsearchRepository
2025-07-08T20:07:15.276+02:00  INFO 2708 --- [bika] [           main] .RepositoryConfigurationExtensionSupport : Spring Data Reactive Elasticsearch - Could not safely identify store assignment for repository candidate interface com.bika.company.repository.CompanyRepository; If you want this repository to be a Reactive Elasticsearch repository, consider annotating your entities with one of these annotations: org.springframework.data.elasticsearch.annotations.Document (preferred), or consider extending one of the following types with your repository: org.springframework.data.elasticsearch.repository.ReactiveElasticsearchRepository
2025-07-08T20:07:15.276+02:00  INFO 2708 --- [bika] [           main] .RepositoryConfigurationExtensionSupport : Spring Data Reactive Elasticsearch - Could not safely identify store assignment for repository candidate interface com.bika.company.repository.DepartmentRepository; If you want this repository to be a Reactive Elasticsearch repository, consider annotating your entities with one of these annotations: org.springframework.data.elasticsearch.annotations.Document (preferred), or consider extending one of the following types with your repository: org.springframework.data.elasticsearch.repository.ReactiveElasticsearchRepository
2025-07-08T20:07:15.276+02:00  INFO 2708 --- [bika] [           main] .RepositoryConfigurationExtensionSupport : Spring Data Reactive Elasticsearch - Could not safely identify store assignment for repository candidate interface com.bika.document.repository.AuditLogRepository; If you want this repository to be a Reactive Elasticsearch repository, consider annotating your entities with one of these annotations: org.springframework.data.elasticsearch.annotations.Document (preferred), or consider extending one of the following types with your repository: org.springframework.data.elasticsearch.repository.ReactiveElasticsearchRepository
2025-07-08T20:07:15.277+02:00  INFO 2708 --- [bika] [           main] .RepositoryConfigurationExtensionSupport : Spring Data Reactive Elasticsearch - Could not safely identify store assignment for repository candidate interface com.bika.document.repository.DocumentRepository; If you want this repository to be a Reactive Elasticsearch repository, consider annotating your entities with one of these annotations: org.springframework.data.elasticsearch.annotations.Document (preferred), or consider extending one of the following types with your repository: org.springframework.data.elasticsearch.repository.ReactiveElasticsearchRepository
2025-07-08T20:07:15.277+02:00  INFO 2708 --- [bika] [           main] .RepositoryConfigurationExtensionSupport : Spring Data Reactive Elasticsearch - Could not safely identify store assignment for repository candidate interface com.bika.document.repository.DocumentTypeRepository; If you want this repository to be a Reactive Elasticsearch repository, consider annotating your entities with one of these annotations: org.springframework.data.elasticsearch.annotations.Document (preferred), or consider extending one of the following types with your repository: org.springframework.data.elasticsearch.repository.ReactiveElasticsearchRepository
2025-07-08T20:07:15.277+02:00  INFO 2708 --- [bika] [           main] .RepositoryConfigurationExtensionSupport : Spring Data Reactive Elasticsearch - Could not safely identify store assignment for repository candidate interface com.bika.document.repository.FolderRepository; If you want this repository to be a Reactive Elasticsearch repository, consider annotating your entities with one of these annotations: org.springframework.data.elasticsearch.annotations.Document (preferred), or consider extending one of the following types with your repository: org.springframework.data.elasticsearch.repository.ReactiveElasticsearchRepository
2025-07-08T20:07:15.277+02:00  INFO 2708 --- [bika] [           main] .RepositoryConfigurationExtensionSupport : Spring Data Reactive Elasticsearch - Could not safely identify store assignment for repository candidate interface com.bika.project.repository.ProjectRepository; If you want this repository to be a Reactive Elasticsearch repository, consider annotating your entities with one of these annotations: org.springframework.data.elasticsearch.annotations.Document (preferred), or consider extending one of the following types with your repository: org.springframework.data.elasticsearch.repository.ReactiveElasticsearchRepository
2025-07-08T20:07:15.277+02:00  INFO 2708 --- [bika] [           main] .RepositoryConfigurationExtensionSupport : Spring Data Reactive Elasticsearch - Could not safely identify store assignment for repository candidate interface com.bika.task.repository.TaskRepository; If you want this repository to be a Reactive Elasticsearch repository, consider annotating your entities with one of these annotations: org.springframework.data.elasticsearch.annotations.Document (preferred), or consider extending one of the following types with your repository: org.springframework.data.elasticsearch.repository.ReactiveElasticsearchRepository
2025-07-08T20:07:15.277+02:00  INFO 2708 --- [bika] [           main] .RepositoryConfigurationExtensionSupport : Spring Data Reactive Elasticsearch - Could not safely identify store assignment for repository candidate interface com.bika.user.repository.UserRepository; If you want this repository to be a Reactive Elasticsearch repository, consider annotating your entities with one of these annotations: org.springframework.data.elasticsearch.annotations.Document (preferred), or consider extending one of the following types with your repository: org.springframework.data.elasticsearch.repository.ReactiveElasticsearchRepository
2025-07-08T20:07:15.277+02:00  INFO 2708 --- [bika] [           main] .s.d.r.c.RepositoryConfigurationDelegate : Finished Spring Data repository scanning in 13 ms. Found 0 Reactive Elasticsearch repository interfaces.
2025-07-08T20:07:15.286+02:00  INFO 2708 --- [bika] [           main] .s.d.r.c.RepositoryConfigurationDelegate : Multiple Spring Data modules found, entering strict repository configuration mode
2025-07-08T20:07:15.287+02:00  INFO 2708 --- [bika] [           main] .s.d.r.c.RepositoryConfigurationDelegate : Bootstrapping Spring Data JPA repositories in DEFAULT mode.
2025-07-08T20:07:15.370+02:00  INFO 2708 --- [bika] [           main] .s.d.r.c.RepositoryConfigurationDelegate : Finished Spring Data repository scanning in 83 ms. Found 10 JPA repository interfaces.
2025-07-08T20:07:15.381+02:00  INFO 2708 --- [bika] [           main] .s.d.r.c.RepositoryConfigurationDelegate : Multiple Spring Data modules found, entering strict repository configuration mode
2025-07-08T20:07:15.390+02:00  INFO 2708 --- [bika] [           main] .s.d.r.c.RepositoryConfigurationDelegate : Bootstrapping Spring Data Redis repositories in DEFAULT mode.
2025-07-08T20:07:15.438+02:00  INFO 2708 --- [bika] [           main] .RepositoryConfigurationExtensionSupport : Spring Data Redis - Could not safely identify store assignment for repository candidate interface com.bika.audit.repository.AuditLogAuditRepository; If you want this repository to be a Redis repository, consider annotating your entities with one of these annotations: org.springframework.data.redis.core.RedisHash (preferred), or consider extending one of the following types with your repository: org.springframework.data.keyvalue.repository.KeyValueRepository
2025-07-08T20:07:15.440+02:00  INFO 2708 --- [bika] [           main] .RepositoryConfigurationExtensionSupport : Spring Data Redis - Could not safely identify store assignment for repository candidate interface com.bika.company.repository.CompanyRepository; If you want this repository to be a Redis repository, consider annotating your entities with one of these annotations: org.springframework.data.redis.core.RedisHash (preferred), or consider extending one of the following types with your repository: org.springframework.data.keyvalue.repository.KeyValueRepository
2025-07-08T20:07:15.440+02:00  INFO 2708 --- [bika] [           main] .RepositoryConfigurationExtensionSupport : Spring Data Redis - Could not safely identify store assignment for repository candidate interface com.bika.company.repository.DepartmentRepository; If you want this repository to be a Redis repository, consider annotating your entities with one of these annotations: org.springframework.data.redis.core.RedisHash (preferred), or consider extending one of the following types with your repository: org.springframework.data.keyvalue.repository.KeyValueRepository
2025-07-08T20:07:15.440+02:00  INFO 2708 --- [bika] [           main] .RepositoryConfigurationExtensionSupport : Spring Data Redis - Could not safely identify store assignment for repository candidate interface com.bika.document.repository.AuditLogRepository; If you want this repository to be a Redis repository, consider annotating your entities with one of these annotations: org.springframework.data.redis.core.RedisHash (preferred), or consider extending one of the following types with your repository: org.springframework.data.keyvalue.repository.KeyValueRepository
2025-07-08T20:07:15.440+02:00  INFO 2708 --- [bika] [           main] .RepositoryConfigurationExtensionSupport : Spring Data Redis - Could not safely identify store assignment for repository candidate interface com.bika.document.repository.DocumentRepository; If you want this repository to be a Redis repository, consider annotating your entities with one of these annotations: org.springframework.data.redis.core.RedisHash (preferred), or consider extending one of the following types with your repository: org.springframework.data.keyvalue.repository.KeyValueRepository
2025-07-08T20:07:15.440+02:00  INFO 2708 --- [bika] [           main] .RepositoryConfigurationExtensionSupport : Spring Data Redis - Could not safely identify store assignment for repository candidate interface com.bika.document.repository.DocumentTypeRepository; If you want this repository to be a Redis repository, consider annotating your entities with one of these annotations: org.springframework.data.redis.core.RedisHash (preferred), or consider extending one of the following types with your repository: org.springframework.data.keyvalue.repository.KeyValueRepository
2025-07-08T20:07:15.441+02:00  INFO 2708 --- [bika] [           main] .RepositoryConfigurationExtensionSupport : Spring Data Redis - Could not safely identify store assignment for repository candidate interface com.bika.document.repository.FolderRepository; If you want this repository to be a Redis repository, consider annotating your entities with one of these annotations: org.springframework.data.redis.core.RedisHash (preferred), or consider extending one of the following types with your repository: org.springframework.data.keyvalue.repository.KeyValueRepository
2025-07-08T20:07:15.441+02:00  INFO 2708 --- [bika] [           main] .RepositoryConfigurationExtensionSupport : Spring Data Redis - Could not safely identify store assignment for repository candidate interface com.bika.project.repository.ProjectRepository; If you want this repository to be a Redis repository, consider annotating your entities with one of these annotations: org.springframework.data.redis.core.RedisHash (preferred), or consider extending one of the following types with your repository: org.springframework.data.keyvalue.repository.KeyValueRepository
2025-07-08T20:07:15.441+02:00  INFO 2708 --- [bika] [           main] .RepositoryConfigurationExtensionSupport : Spring Data Redis - Could not safely identify store assignment for repository candidate interface com.bika.task.repository.TaskRepository; If you want this repository to be a Redis repository, consider annotating your entities with one of these annotations: org.springframework.data.redis.core.RedisHash (preferred), or consider extending one of the following types with your repository: org.springframework.data.keyvalue.repository.KeyValueRepository
2025-07-08T20:07:15.441+02:00  INFO 2708 --- [bika] [           main] .RepositoryConfigurationExtensionSupport : Spring Data Redis - Could not safely identify store assignment for repository candidate interface com.bika.user.repository.UserRepository; If you want this repository to be a Redis repository, consider annotating your entities with one of these annotations: org.springframework.data.redis.core.RedisHash (preferred), or consider extending one of the following types with your repository: org.springframework.data.keyvalue.repository.KeyValueRepository
2025-07-08T20:07:15.441+02:00  INFO 2708 --- [bika] [           main] .s.d.r.c.RepositoryConfigurationDelegate : Finished Spring Data repository scanning in 48 ms. Found 0 Redis repository interfaces.
2025-07-08T20:07:15.626+02:00  INFO 2708 --- [bika] [           main] com.zaxxer.hikari.HikariDataSource       : HikariPool-2 - Starting...
2025-07-08T20:07:15.630+02:00  INFO 2708 --- [bika] [           main] com.zaxxer.hikari.pool.HikariPool        : HikariPool-2 - Added connection conn5: url=jdbc:h2:mem:testdb user=SA
2025-07-08T20:07:15.630+02:00  INFO 2708 --- [bika] [           main] com.zaxxer.hikari.HikariDataSource       : HikariPool-2 - Start completed.
2025-07-08T20:07:15.715+02:00  INFO 2708 --- [bika] [           main] o.hibernate.jpa.internal.util.LogHelper  : HHH000204: Processing PersistenceUnitInfo [name: default]
2025-07-08T20:07:15.722+02:00  INFO 2708 --- [bika] [           main] o.h.c.internal.RegionFactoryInitiator    : HHH000026: Second-level cache disabled
2025-07-08T20:07:15.733+02:00  WARN 2708 --- [bika] [           main] org.hibernate.orm.deprecation            : HHH90000025: H2Dialect does not need to be specified explicitly using 'hibernate.dialect' (remove the property setting and it will be selected by default)
2025-07-08T20:07:15.753+02:00  INFO 2708 --- [bika] [           main] o.s.o.j.p.SpringPersistenceUnitInfo      : No LoadTimeWeaver setup: ignoring JPA class transformer
2025-07-08T20:07:16.243+02:00  INFO 2708 --- [bika] [           main] o.h.e.t.j.p.i.JtaPlatformInitiator       : HHH000489: No JTA platform available (set 'hibernate.transaction.jta.platform' to enable JTA platform integration)
2025-07-08T20:07:16.243+02:00 DEBUG 2708 --- [bika] [           main] org.hibernate.SQL                        : 
    drop table if exists audit_logs cascade 
Hibernate: 
    drop table if exists audit_logs cascade 
2025-07-08T20:07:16.246+02:00 DEBUG 2708 --- [bika] [           main] org.hibernate.SQL                        : 
    drop table if exists companies cascade 
Hibernate: 
    drop table if exists companies cascade 
2025-07-08T20:07:16.249+02:00 DEBUG 2708 --- [bika] [           main] org.hibernate.SQL                        : 
    drop table if exists departments cascade 
Hibernate: 
    drop table if exists departments cascade 
2025-07-08T20:07:16.252+02:00 DEBUG 2708 --- [bika] [           main] org.hibernate.SQL                        : 
    drop table if exists document_types cascade 
Hibernate: 
    drop table if exists document_types cascade 
2025-07-08T20:07:16.253+02:00 DEBUG 2708 --- [bika] [           main] org.hibernate.SQL                        : 
    drop table if exists documents cascade 
Hibernate: 
    drop table if exists documents cascade 
2025-07-08T20:07:16.254+02:00 DEBUG 2708 --- [bika] [           main] org.hibernate.SQL                        : 
    drop table if exists folders cascade 
Hibernate: 
    drop table if exists folders cascade 
2025-07-08T20:07:16.255+02:00 DEBUG 2708 --- [bika] [           main] org.hibernate.SQL                        : 
    drop table if exists projects cascade 
Hibernate: 
    drop table if exists projects cascade 
2025-07-08T20:07:16.256+02:00 DEBUG 2708 --- [bika] [           main] org.hibernate.SQL                        : 
    drop table if exists tasks cascade 
Hibernate: 
    drop table if exists tasks cascade 
2025-07-08T20:07:16.257+02:00 DEBUG 2708 --- [bika] [           main] org.hibernate.SQL                        : 
    drop table if exists users cascade 
Hibernate: 
    drop table if exists users cascade 
2025-07-08T20:07:16.259+02:00 DEBUG 2708 --- [bika] [           main] org.hibernate.SQL                        : 
    create table audit_logs (
        company_id bigint not null,
        created_at timestamp(6) not null,
        department_id bigint,
        document_id bigint,
        entity_id bigint not null,
        id bigint generated by default as identity,
        updated_at timestamp(6) not null,
        user_id bigint not null,
        action varchar(255) not null,
        created_by varchar(255) not null,
        details jsonb,
        entity_type varchar(255) not null,
        ip_address varchar(255),
        updated_by varchar(255) not null,
        user_agent varchar(255),
        primary key (id)
    )
Hibernate: 
    create table audit_logs (
        company_id bigint not null,
        created_at timestamp(6) not null,
        department_id bigint,
        document_id bigint,
        entity_id bigint not null,
        id bigint generated by default as identity,
        updated_at timestamp(6) not null,
        user_id bigint not null,
        action varchar(255) not null,
        created_by varchar(255) not null,
        details jsonb,
        entity_type varchar(255) not null,
        ip_address varchar(255),
        updated_by varchar(255) not null,
        user_agent varchar(255),
        primary key (id)
    )
2025-07-08T20:07:16.262+02:00 DEBUG 2708 --- [bika] [           main] org.hibernate.SQL                        : 
    create table companies (
        is_active boolean,
        created_at timestamp(6) not null,
        id bigint generated by default as identity,
        updated_at timestamp(6) not null,
        address varchar(255),
        code varchar(255) not null unique,
        created_by varchar(255) not null,
        description varchar(255),
        email varchar(255) not null,
        name varchar(255) not null,
        phone varchar(255),
        updated_by varchar(255) not null,
        primary key (id)
    )
Hibernate: 
    create table companies (
        is_active boolean,
        created_at timestamp(6) not null,
        id bigint generated by default as identity,
        updated_at timestamp(6) not null,
        address varchar(255),
        code varchar(255) not null unique,
        created_by varchar(255) not null,
        description varchar(255),
        email varchar(255) not null,
        name varchar(255) not null,
        phone varchar(255),
        updated_by varchar(255) not null,
        primary key (id)
    )
2025-07-08T20:07:16.264+02:00 DEBUG 2708 --- [bika] [           main] org.hibernate.SQL                        : 
    create table departments (
        is_active boolean not null,
        company_id bigint not null,
        created_at timestamp(6) not null,
        id bigint generated by default as identity,
        parent_id bigint,
        updated_at timestamp(6) not null,
        code varchar(255) not null unique,
        created_by varchar(255) not null,
        name varchar(255) not null,
        updated_by varchar(255) not null,
        primary key (id)
    )
Hibernate: 
    create table departments (
        is_active boolean not null,
        company_id bigint not null,
        created_at timestamp(6) not null,
        id bigint generated by default as identity,
        parent_id bigint,
        updated_at timestamp(6) not null,
        code varchar(255) not null unique,
        created_by varchar(255) not null,
        name varchar(255) not null,
        updated_by varchar(255) not null,
        primary key (id)
    )
2025-07-08T20:07:16.266+02:00 DEBUG 2708 --- [bika] [           main] org.hibernate.SQL                        : 
    create table document_types (
        is_active boolean,
        company_id bigint not null,
        created_at timestamp(6) not null,
        id bigint generated by default as identity,
        updated_at timestamp(6) not null,
        code varchar(255) not null unique,
        created_by varchar(255) not null,
        description varchar(255),
        metadata_schema jsonb not null,
        name varchar(255) not null,
        updated_by varchar(255) not null,
        primary key (id)
    )
Hibernate: 
    create table document_types (
        is_active boolean,
        company_id bigint not null,
        created_at timestamp(6) not null,
        id bigint generated by default as identity,
        updated_at timestamp(6) not null,
        code varchar(255) not null unique,
        created_by varchar(255) not null,
        description varchar(255),
        metadata_schema jsonb not null,
        name varchar(255) not null,
        updated_by varchar(255) not null,
        primary key (id)
    )
2025-07-08T20:07:16.269+02:00 DEBUG 2708 --- [bika] [           main] org.hibernate.SQL                        : 
    create table documents (
        company_id bigint not null,
        created_at timestamp(6) not null,
        department_id bigint,
        document_type_id bigint not null,
        file_size bigint not null,
        folder_id bigint,
        id bigint generated by default as identity,
        updated_at timestamp(6) not null,
        created_by varchar(255) not null,
        file_path varchar(255) not null,
        metadata jsonb not null,
        mime_type varchar(255) not null,
        name varchar(255) not null,
        physical_location jsonb,
        status varchar(255) not null check (status in ('DRAFT','APPROVED','ACTIVE','ARCHIVED','DELETED')),
        updated_by varchar(255) not null,
        primary key (id)
    )
Hibernate: 
    create table documents (
        company_id bigint not null,
        created_at timestamp(6) not null,
        department_id bigint,
        document_type_id bigint not null,
        file_size bigint not null,
        folder_id bigint,
        id bigint generated by default as identity,
        updated_at timestamp(6) not null,
        created_by varchar(255) not null,
        file_path varchar(255) not null,
        metadata jsonb not null,
        mime_type varchar(255) not null,
        name varchar(255) not null,
        physical_location jsonb,
        status varchar(255) not null check (status in ('DRAFT','APPROVED','ACTIVE','ARCHIVED','DELETED')),
        updated_by varchar(255) not null,
        primary key (id)
    )
2025-07-08T20:07:16.271+02:00 DEBUG 2708 --- [bika] [           main] org.hibernate.SQL                        : 
    create table folders (
        is_active boolean,
        company_id bigint not null,
        created_at timestamp(6) not null,
        department_id bigint,
        id bigint generated by default as identity,
        parent_id bigint,
        updated_at timestamp(6) not null,
        created_by varchar(255) not null,
        description varchar(255),
        name varchar(255) not null,
        path varchar(255) not null,
        updated_by varchar(255) not null,
        primary key (id)
    )
Hibernate: 
    create table folders (
        is_active boolean,
        company_id bigint not null,
        created_at timestamp(6) not null,
        department_id bigint,
        id bigint generated by default as identity,
        parent_id bigint,
        updated_at timestamp(6) not null,
        created_by varchar(255) not null,
        description varchar(255),
        name varchar(255) not null,
        path varchar(255) not null,
        updated_by varchar(255) not null,
        primary key (id)
    )
2025-07-08T20:07:16.275+02:00 DEBUG 2708 --- [bika] [           main] org.hibernate.SQL                        : 
    create table projects (
        is_active boolean not null,
        company_id bigint not null,
        created_at timestamp(6) not null,
        department_id bigint,
        end_date timestamp(6),
        id bigint generated by default as identity,
        start_date timestamp(6),
        updated_at timestamp(6) not null,
        code varchar(255) not null unique,
        created_by varchar(255) not null,
        description TEXT,
        name varchar(255) not null,
        status varchar(255) not null check (status in ('PLANNING','IN_PROGRESS','ON_HOLD','COMPLETED','CANCELLED')),
        updated_by varchar(255) not null,
        primary key (id)
    )
Hibernate: 
    create table projects (
        is_active boolean not null,
        company_id bigint not null,
        created_at timestamp(6) not null,
        department_id bigint,
        end_date timestamp(6),
        id bigint generated by default as identity,
        start_date timestamp(6),
        updated_at timestamp(6) not null,
        code varchar(255) not null unique,
        created_by varchar(255) not null,
        description TEXT,
        name varchar(255) not null,
        status varchar(255) not null check (status in ('PLANNING','IN_PROGRESS','ON_HOLD','COMPLETED','CANCELLED')),
        updated_by varchar(255) not null,
        primary key (id)
    )
2025-07-08T20:07:16.279+02:00 DEBUG 2708 --- [bika] [           main] org.hibernate.SQL                        : 
    create table tasks (
        is_active boolean not null,
        assigned_to bigint,
        company_id bigint not null,
        completed_date timestamp(6),
        created_at timestamp(6) not null,
        creator_id bigint not null,
        department_id bigint,
        due_date timestamp(6),
        id bigint generated by default as identity,
        project_id bigint,
        start_date timestamp(6),
        updated_at timestamp(6) not null,
        created_by varchar(255) not null,
        description TEXT,
        priority varchar(255) not null check (priority in ('LOW','MEDIUM','HIGH','URGENT')),
        status varchar(255) not null check (status in ('TODO','IN_PROGRESS','REVIEW','COMPLETED','CANCELLED')),
        title varchar(255) not null,
        updated_by varchar(255) not null,
        primary key (id)
    )
Hibernate: 
    create table tasks (
        is_active boolean not null,
        assigned_to bigint,
        company_id bigint not null,
        completed_date timestamp(6),
        created_at timestamp(6) not null,
        creator_id bigint not null,
        department_id bigint,
        due_date timestamp(6),
        id bigint generated by default as identity,
        project_id bigint,
        start_date timestamp(6),
        updated_at timestamp(6) not null,
        created_by varchar(255) not null,
        description TEXT,
        priority varchar(255) not null check (priority in ('LOW','MEDIUM','HIGH','URGENT')),
        status varchar(255) not null check (status in ('TODO','IN_PROGRESS','REVIEW','COMPLETED','CANCELLED')),
        title varchar(255) not null,
        updated_by varchar(255) not null,
        primary key (id)
    )
2025-07-08T20:07:16.283+02:00 DEBUG 2708 --- [bika] [           main] org.hibernate.SQL                        : 
    create table users (
        is_active boolean,
        company_id bigint,
        created_at timestamp(6) not null,
        department_id bigint,
        id bigint generated by default as identity,
        last_login timestamp(6),
        updated_at timestamp(6) not null,
        created_by varchar(255) not null,
        email varchar(255) not null unique,
        first_name varchar(255),
        last_name varchar(255),
        password varchar(255) not null,
        role varchar(255) not null check (role in ('ADMIN','MANAGER','USER')),
        updated_by varchar(255) not null,
        username varchar(255) not null unique,
        primary key (id)
    )
Hibernate: 
    create table users (
        is_active boolean,
        company_id bigint,
        created_at timestamp(6) not null,
        department_id bigint,
        id bigint generated by default as identity,
        last_login timestamp(6),
        updated_at timestamp(6) not null,
        created_by varchar(255) not null,
        email varchar(255) not null unique,
        first_name varchar(255),
        last_name varchar(255),
        password varchar(255) not null,
        role varchar(255) not null check (role in ('ADMIN','MANAGER','USER')),
        updated_by varchar(255) not null,
        username varchar(255) not null unique,
        primary key (id)
    )
2025-07-08T20:07:16.286+02:00 DEBUG 2708 --- [bika] [           main] org.hibernate.SQL                        : 
    alter table if exists audit_logs 
       add constraint FKfg211lj17r6s3w2q7c7qp9fej 
       foreign key (company_id) 
       references companies
Hibernate: 
    alter table if exists audit_logs 
       add constraint FKfg211lj17r6s3w2q7c7qp9fej 
       foreign key (company_id) 
       references companies
2025-07-08T20:07:16.288+02:00 DEBUG 2708 --- [bika] [           main] org.hibernate.SQL                        : 
    alter table if exists audit_logs 
       add constraint FK7fv7fcvd7a1hsxt1mjfhd8cly 
       foreign key (department_id) 
       references departments
Hibernate: 
    alter table if exists audit_logs 
       add constraint FK7fv7fcvd7a1hsxt1mjfhd8cly 
       foreign key (department_id) 
       references departments
2025-07-08T20:07:16.289+02:00 DEBUG 2708 --- [bika] [           main] org.hibernate.SQL                        : 
    alter table if exists audit_logs 
       add constraint FKd68ggaet4dvmk182mqlcsri9b 
       foreign key (document_id) 
       references documents
Hibernate: 
    alter table if exists audit_logs 
       add constraint FKd68ggaet4dvmk182mqlcsri9b 
       foreign key (document_id) 
       references documents
2025-07-08T20:07:16.290+02:00 DEBUG 2708 --- [bika] [           main] org.hibernate.SQL                        : 
    alter table if exists audit_logs 
       add constraint FKjs4iimve3y0xssbtve5ysyef0 
       foreign key (user_id) 
       references users
Hibernate: 
    alter table if exists audit_logs 
       add constraint FKjs4iimve3y0xssbtve5ysyef0 
       foreign key (user_id) 
       references users
2025-07-08T20:07:16.291+02:00 DEBUG 2708 --- [bika] [           main] org.hibernate.SQL                        : 
    alter table if exists departments 
       add constraint FKoq64wrpwbvd4lq19c3qyxykl0 
       foreign key (company_id) 
       references companies
Hibernate: 
    alter table if exists departments 
       add constraint FKoq64wrpwbvd4lq19c3qyxykl0 
       foreign key (company_id) 
       references companies
2025-07-08T20:07:16.292+02:00 DEBUG 2708 --- [bika] [           main] org.hibernate.SQL                        : 
    alter table if exists departments 
       add constraint FK63q917a0aq92i7gcw6h7f1jrv 
       foreign key (parent_id) 
       references departments
Hibernate: 
    alter table if exists departments 
       add constraint FK63q917a0aq92i7gcw6h7f1jrv 
       foreign key (parent_id) 
       references departments
2025-07-08T20:07:16.295+02:00 DEBUG 2708 --- [bika] [           main] org.hibernate.SQL                        : 
    alter table if exists document_types 
       add constraint FK2175obrs01v1rir68sfdm3cxq 
       foreign key (company_id) 
       references companies
Hibernate: 
    alter table if exists document_types 
       add constraint FK2175obrs01v1rir68sfdm3cxq 
       foreign key (company_id) 
       references companies
2025-07-08T20:07:16.299+02:00 DEBUG 2708 --- [bika] [           main] org.hibernate.SQL                        : 
    alter table if exists documents 
       add constraint FK3enb6iofyq9m6e3otajm17vel 
       foreign key (company_id) 
       references companies
Hibernate: 
    alter table if exists documents 
       add constraint FK3enb6iofyq9m6e3otajm17vel 
       foreign key (company_id) 
       references companies
2025-07-08T20:07:16.301+02:00 DEBUG 2708 --- [bika] [           main] org.hibernate.SQL                        : 
    alter table if exists documents 
       add constraint FKhtlwf3e8ua3jcfko65antrpcy 
       foreign key (department_id) 
       references departments
Hibernate: 
    alter table if exists documents 
       add constraint FKhtlwf3e8ua3jcfko65antrpcy 
       foreign key (department_id) 
       references departments
2025-07-08T20:07:16.304+02:00 DEBUG 2708 --- [bika] [           main] org.hibernate.SQL                        : 
    alter table if exists documents 
       add constraint FKis1i6nxslho3kvxr9nsg8x05l 
       foreign key (document_type_id) 
       references document_types
Hibernate: 
    alter table if exists documents 
       add constraint FKis1i6nxslho3kvxr9nsg8x05l 
       foreign key (document_type_id) 
       references document_types
2025-07-08T20:07:16.307+02:00 DEBUG 2708 --- [bika] [           main] org.hibernate.SQL                        : 
    alter table if exists documents 
       add constraint FK9nqrsj4vj0hi1k55nlwv33cr0 
       foreign key (folder_id) 
       references folders
Hibernate: 
    alter table if exists documents 
       add constraint FK9nqrsj4vj0hi1k55nlwv33cr0 
       foreign key (folder_id) 
       references folders
2025-07-08T20:07:16.310+02:00 DEBUG 2708 --- [bika] [           main] org.hibernate.SQL                        : 
    alter table if exists folders 
       add constraint FK9okaltaxmesal32lakkm01mg4 
       foreign key (company_id) 
       references companies
Hibernate: 
    alter table if exists folders 
       add constraint FK9okaltaxmesal32lakkm01mg4 
       foreign key (company_id) 
       references companies
2025-07-08T20:07:16.313+02:00 DEBUG 2708 --- [bika] [           main] org.hibernate.SQL                        : 
    alter table if exists folders 
       add constraint FKnlksebbyh5l3c1riw9f2im90a 
       foreign key (department_id) 
       references departments
Hibernate: 
    alter table if exists folders 
       add constraint FKnlksebbyh5l3c1riw9f2im90a 
       foreign key (department_id) 
       references departments
2025-07-08T20:07:16.317+02:00 DEBUG 2708 --- [bika] [           main] org.hibernate.SQL                        : 
    alter table if exists folders 
       add constraint FKqcp836dgme9195j0wy9v3b6o3 
       foreign key (parent_id) 
       references folders
Hibernate: 
    alter table if exists folders 
       add constraint FKqcp836dgme9195j0wy9v3b6o3 
       foreign key (parent_id) 
       references folders
2025-07-08T20:07:16.318+02:00 DEBUG 2708 --- [bika] [           main] org.hibernate.SQL                        : 
    alter table if exists projects 
       add constraint FKrvpjk20pqyytvj6m5cutub6iq 
       foreign key (company_id) 
       references companies
Hibernate: 
    alter table if exists projects 
       add constraint FKrvpjk20pqyytvj6m5cutub6iq 
       foreign key (company_id) 
       references companies
2025-07-08T20:07:16.322+02:00 DEBUG 2708 --- [bika] [           main] org.hibernate.SQL                        : 
    alter table if exists projects 
       add constraint FKk7yeevqj2y4etn45lq8ilgxdh 
       foreign key (department_id) 
       references departments
Hibernate: 
    alter table if exists projects 
       add constraint FKk7yeevqj2y4etn45lq8ilgxdh 
       foreign key (department_id) 
       references departments
2025-07-08T20:07:16.324+02:00 DEBUG 2708 --- [bika] [           main] org.hibernate.SQL                        : 
    alter table if exists tasks 
       add constraint FK2vjo8mbre3rvpbd6e7976b54m 
       foreign key (assigned_to) 
       references users
Hibernate: 
    alter table if exists tasks 
       add constraint FK2vjo8mbre3rvpbd6e7976b54m 
       foreign key (assigned_to) 
       references users
2025-07-08T20:07:16.328+02:00 DEBUG 2708 --- [bika] [           main] org.hibernate.SQL                        : 
    alter table if exists tasks 
       add constraint FKbh9q59h29103iapm3f9px5xm2 
       foreign key (company_id) 
       references companies
Hibernate: 
    alter table if exists tasks 
       add constraint FKbh9q59h29103iapm3f9px5xm2 
       foreign key (company_id) 
       references companies
2025-07-08T20:07:16.332+02:00 DEBUG 2708 --- [bika] [           main] org.hibernate.SQL                        : 
    alter table if exists tasks 
       add constraint FKt1ph5sat39g9lpa4g5kl46tbv 
       foreign key (creator_id) 
       references users
Hibernate: 
    alter table if exists tasks 
       add constraint FKt1ph5sat39g9lpa4g5kl46tbv 
       foreign key (creator_id) 
       references users
2025-07-08T20:07:16.335+02:00 DEBUG 2708 --- [bika] [           main] org.hibernate.SQL                        : 
    alter table if exists tasks 
       add constraint FKq0ulb2lfkghkpoakoyd4es4jp 
       foreign key (department_id) 
       references departments
Hibernate: 
    alter table if exists tasks 
       add constraint FKq0ulb2lfkghkpoakoyd4es4jp 
       foreign key (department_id) 
       references departments
2025-07-08T20:07:16.337+02:00 DEBUG 2708 --- [bika] [           main] org.hibernate.SQL                        : 
    alter table if exists tasks 
       add constraint FKsfhn82y57i3k9uxww1s007acc 
       foreign key (project_id) 
       references projects
Hibernate: 
    alter table if exists tasks 
       add constraint FKsfhn82y57i3k9uxww1s007acc 
       foreign key (project_id) 
       references projects
2025-07-08T20:07:16.339+02:00 DEBUG 2708 --- [bika] [           main] org.hibernate.SQL                        : 
    alter table if exists users 
       add constraint FKin8gn4o1hpiwe6qe4ey7ykwq7 
       foreign key (company_id) 
       references companies
Hibernate: 
    alter table if exists users 
       add constraint FKin8gn4o1hpiwe6qe4ey7ykwq7 
       foreign key (company_id) 
       references companies
2025-07-08T20:07:16.341+02:00 DEBUG 2708 --- [bika] [           main] org.hibernate.SQL                        : 
    alter table if exists users 
       add constraint FKsbg59w8q63i0oo53rlgvlcnjq 
       foreign key (department_id) 
       references departments
Hibernate: 
    alter table if exists users 
       add constraint FKsbg59w8q63i0oo53rlgvlcnjq 
       foreign key (department_id) 
       references departments
2025-07-08T20:07:16.352+02:00  INFO 2708 --- [bika] [           main] j.LocalContainerEntityManagerFactoryBean : Initialized JPA EntityManagerFactory for persistence unit 'default'
2025-07-08T20:07:17.869+02:00  INFO 2708 --- [bika] [           main] o.s.b.a.e.web.EndpointLinksResolver      : Exposing 1 endpoint(s) beneath base path '/actuator'
2025-07-08T20:07:17.914+02:00  INFO 2708 --- [bika] [           main] o.s.s.web.DefaultSecurityFilterChain     : Will secure any request with [org.springframework.security.web.session.DisableEncodeUrlFilter@53e23286, org.springframework.security.web.context.request.async.WebAsyncManagerIntegrationFilter@3957a38c, org.springframework.security.web.context.SecurityContextHolderFilter@62afe4, org.springframework.security.web.header.HeaderWriterFilter@6a12316c, org.springframework.web.filter.CorsFilter@22487372, org.springframework.security.web.authentication.logout.LogoutFilter@4738ca3a, com.bika.security.filter.JwtAuthenticationFilter@492882b0, org.springframework.security.web.savedrequest.RequestCacheAwareFilter@2024f4b7, org.springframework.security.web.servletapi.SecurityContextHolderAwareRequestFilter@657b41cf, org.springframework.security.web.authentication.AnonymousAuthenticationFilter@15763605, org.springframework.security.web.session.SessionManagementFilter@5cc57bc0, org.springframework.security.web.access.ExceptionTranslationFilter@50599a7e, org.springframework.security.web.access.intercept.AuthorizationFilter@38fa54b2]
2025-07-08T20:07:18.583+02:00  INFO 2708 --- [bika] [           main] com.bika.config.DatabaseConnectionTest   : Started DatabaseConnectionTest in 4.435 seconds (process running for 45.117)
Connected to database: TESTDB
]]></system-out>
  </testcase>
</testsuite>