<?xml version="1.0" encoding="UTF-8"?>
<testsuite xmlns:xsi="http://www.w3.org/2001/XMLSchema-instance" xsi:noNamespaceSchemaLocation="https://maven.apache.org/surefire/maven-surefire-plugin/xsd/surefire-test-report-3.0.xsd" version="3.0" name="com.bika.user.controller.UserControllerIntegrationTest" time="6.79" tests="21" errors="0" skipped="0" failures="0">
  <properties>
[...]
</properties>
  <testcase name="getAllUsers_ShouldSucceed_WhenAdmin" classname="com.bika.user.controller.UserControllerIntegrationTest" time="0.285">
    <system-out><![CDATA[2025-07-08T20:07:44.273+02:00  INFO 2708 --- [bika] [           main] t.c.s.AnnotationConfigContextLoaderUtils : Could not detect default configuration classes for test class [com.bika.user.controller.UserControllerIntegrationTest]: UserControllerIntegrationTest does not declare any static, non-private, non-final, nested classes annotated with @Configuration.
2025-07-08T20:07:44.302+02:00  INFO 2708 --- [bika] [           main] .b.t.c.SpringBootTestContextBootstrapper : Found @SpringBootConfiguration com.bika.BikaApplication for test class com.bika.user.controller.UserControllerIntegrationTest
2025-07-08T20:07:44.312+02:00  INFO 2708 --- [bika] [           main] o.s.b.t.m.w.SpringBootMockServletContext : Initializing Spring TestDispatcherServlet ''
2025-07-08T20:07:44.313+02:00  INFO 2708 --- [bika] [           main] o.s.t.web.servlet.TestDispatcherServlet  : Initializing Servlet ''
2025-07-08T20:07:44.314+02:00  INFO 2708 --- [bika] [           main] o.s.t.web.servlet.TestDispatcherServlet  : Completed initialization in 1 ms
2025-07-08T20:07:44.316+02:00 DEBUG 2708 --- [bika] [           main] org.hibernate.SQL                        : 
    insert 
    into
        companies
        (is_active, address, code, created_at, created_by, description, email, name, phone, updated_at, updated_by, id) 
    values
        (?, ?, ?, ?, ?, ?, ?, ?, ?, ?, ?, default)
Hibernate: 
    insert 
    into
        companies
        (is_active, address, code, created_at, created_by, description, email, name, phone, updated_at, updated_by, id) 
    values
        (?, ?, ?, ?, ?, ?, ?, ?, ?, ?, ?, default)
2025-07-08T20:07:44.318+02:00 DEBUG 2708 --- [bika] [           main] org.hibernate.SQL                        : 
    insert 
    into
        departments
        (is_active, code, company_id, created_at, created_by, name, parent_id, updated_at, updated_by, id) 
    values
        (?, ?, ?, ?, ?, ?, ?, ?, ?, default)
Hibernate: 
    insert 
    into
        departments
        (is_active, code, company_id, created_at, created_by, name, parent_id, updated_at, updated_by, id) 
    values
        (?, ?, ?, ?, ?, ?, ?, ?, ?, default)
2025-07-08T20:07:44.448+02:00 DEBUG 2708 --- [bika] [           main] org.hibernate.SQL                        : 
    insert 
    into
        users
        (is_active, company_id, created_at, created_by, department_id, email, first_name, last_login, last_name, password, role, updated_at, updated_by, username, id) 
    values
        (?, ?, ?, ?, ?, ?, ?, ?, ?, ?, ?, ?, ?, ?, default)
Hibernate: 
    insert 
    into
        users
        (is_active, company_id, created_at, created_by, department_id, email, first_name, last_login, last_name, password, role, updated_at, updated_by, username, id) 
    values
        (?, ?, ?, ?, ?, ?, ?, ?, ?, ?, ?, ?, ?, ?, default)
2025-07-08T20:07:44.567+02:00 DEBUG 2708 --- [bika] [           main] org.hibernate.SQL                        : 
    insert 
    into
        users
        (is_active, company_id, created_at, created_by, department_id, email, first_name, last_login, last_name, password, role, updated_at, updated_by, username, id) 
    values
        (?, ?, ?, ?, ?, ?, ?, ?, ?, ?, ?, ?, ?, ?, default)
Hibernate: 
    insert 
    into
        users
        (is_active, company_id, created_at, created_by, department_id, email, first_name, last_login, last_name, password, role, updated_at, updated_by, username, id) 
    values
        (?, ?, ?, ?, ?, ?, ?, ?, ?, ?, ?, ?, ?, ?, default)
2025-07-08T20:07:44.571+02:00 DEBUG 2708 --- [bika] [           main] org.hibernate.SQL                        : 
    select
        u1_0.id,
        u1_0.is_active,
        u1_0.company_id,
        u1_0.created_at,
        u1_0.created_by,
        u1_0.department_id,
        u1_0.email,
        u1_0.first_name,
        u1_0.last_login,
        u1_0.last_name,
        u1_0.password,
        u1_0.role,
        u1_0.updated_at,
        u1_0.updated_by,
        u1_0.username 
    from
        users u1_0
Hibernate: 
    select
        u1_0.id,
        u1_0.is_active,
        u1_0.company_id,
        u1_0.created_at,
        u1_0.created_by,
        u1_0.department_id,
        u1_0.email,
        u1_0.first_name,
        u1_0.last_login,
        u1_0.last_name,
        u1_0.password,
        u1_0.role,
        u1_0.updated_at,
        u1_0.updated_by,
        u1_0.username 
    from
        users u1_0
2025-07-08T20:07:44.580+02:00 DEBUG 2708 --- [bika] [           main] org.hibernate.SQL                        : 
    select
        t1_0.id,
        t1_0.assigned_to,
        t1_0.company_id,
        t1_0.completed_date,
        t1_0.created_at,
        t1_0.created_by,
        t1_0.creator_id,
        t1_0.department_id,
        t1_0.description,
        t1_0.due_date,
        t1_0.is_active,
        t1_0.priority,
        t1_0.project_id,
        t1_0.start_date,
        t1_0.status,
        t1_0.title,
        t1_0.updated_at,
        t1_0.updated_by 
    from
        tasks t1_0
Hibernate: 
    select
        t1_0.id,
        t1_0.assigned_to,
        t1_0.company_id,
        t1_0.completed_date,
        t1_0.created_at,
        t1_0.created_by,
        t1_0.creator_id,
        t1_0.department_id,
        t1_0.description,
        t1_0.due_date,
        t1_0.is_active,
        t1_0.priority,
        t1_0.project_id,
        t1_0.start_date,
        t1_0.status,
        t1_0.title,
        t1_0.updated_at,
        t1_0.updated_by 
    from
        tasks t1_0
2025-07-08T20:07:44.581+02:00 DEBUG 2708 --- [bika] [           main] org.hibernate.SQL                        : 
    select
        u1_0.id,
        u1_0.is_active,
        u1_0.company_id,
        u1_0.created_at,
        u1_0.created_by,
        u1_0.department_id,
        u1_0.email,
        u1_0.first_name,
        u1_0.last_login,
        u1_0.last_name,
        u1_0.password,
        u1_0.role,
        u1_0.updated_at,
        u1_0.updated_by,
        u1_0.username 
    from
        users u1_0
Hibernate: 
    select
        u1_0.id,
        u1_0.is_active,
        u1_0.company_id,
        u1_0.created_at,
        u1_0.created_by,
        u1_0.department_id,
        u1_0.email,
        u1_0.first_name,
        u1_0.last_login,
        u1_0.last_name,
        u1_0.password,
        u1_0.role,
        u1_0.updated_at,
        u1_0.updated_by,
        u1_0.username 
    from
        users u1_0
2025-07-08T20:07:44.583+02:00 DEBUG 2708 --- [bika] [           main] org.hibernate.SQL                        : 
    delete 
    from
        users 
    where
        id=?
Hibernate: 
    delete 
    from
        users 
    where
        id=?
2025-07-08T20:07:44.583+02:00 DEBUG 2708 --- [bika] [           main] org.hibernate.SQL                        : 
    delete 
    from
        users 
    where
        id=?
Hibernate: 
    delete 
    from
        users 
    where
        id=?
2025-07-08T20:07:44.584+02:00 DEBUG 2708 --- [bika] [           main] org.hibernate.SQL                        : 
    select
        d1_0.id,
        d1_0.is_active,
        d1_0.code,
        d1_0.company_id,
        d1_0.created_at,
        d1_0.created_by,
        d1_0.name,
        d1_0.parent_id,
        d1_0.updated_at,
        d1_0.updated_by 
    from
        departments d1_0
Hibernate: 
    select
        d1_0.id,
        d1_0.is_active,
        d1_0.code,
        d1_0.company_id,
        d1_0.created_at,
        d1_0.created_by,
        d1_0.name,
        d1_0.parent_id,
        d1_0.updated_at,
        d1_0.updated_by 
    from
        departments d1_0
2025-07-08T20:07:44.585+02:00 DEBUG 2708 --- [bika] [           main] org.hibernate.SQL                        : 
    delete 
    from
        departments 
    where
        id=?
Hibernate: 
    delete 
    from
        departments 
    where
        id=?
2025-07-08T20:07:44.587+02:00 DEBUG 2708 --- [bika] [           main] org.hibernate.SQL                        : 
    select
        c1_0.id,
        c1_0.is_active,
        c1_0.address,
        c1_0.code,
        c1_0.created_at,
        c1_0.created_by,
        c1_0.description,
        c1_0.email,
        c1_0.name,
        c1_0.phone,
        c1_0.updated_at,
        c1_0.updated_by 
    from
        companies c1_0
Hibernate: 
    select
        c1_0.id,
        c1_0.is_active,
        c1_0.address,
        c1_0.code,
        c1_0.created_at,
        c1_0.created_by,
        c1_0.description,
        c1_0.email,
        c1_0.name,
        c1_0.phone,
        c1_0.updated_at,
        c1_0.updated_by 
    from
        companies c1_0
2025-07-08T20:07:44.588+02:00 DEBUG 2708 --- [bika] [           main] org.hibernate.SQL                        : 
    select
        d1_0.company_id,
        d1_0.id,
        d1_0.is_active,
        d1_0.code,
        d1_0.created_at,
        d1_0.created_by,
        d1_0.name,
        d1_0.parent_id,
        d1_0.updated_at,
        d1_0.updated_by 
    from
        departments d1_0 
    where
        d1_0.company_id=?
Hibernate: 
    select
        d1_0.company_id,
        d1_0.id,
        d1_0.is_active,
        d1_0.code,
        d1_0.created_at,
        d1_0.created_by,
        d1_0.name,
        d1_0.parent_id,
        d1_0.updated_at,
        d1_0.updated_by 
    from
        departments d1_0 
    where
        d1_0.company_id=?
2025-07-08T20:07:44.589+02:00 DEBUG 2708 --- [bika] [           main] org.hibernate.SQL                        : 
    delete 
    from
        companies 
    where
        id=?
Hibernate: 
    delete 
    from
        companies 
    where
        id=?
]]></system-out>
  </testcase>
  <testcase name="getUserById_ShouldFail_WhenOtherUser" classname="com.bika.user.controller.UserControllerIntegrationTest" time="0.292">
    <system-out><![CDATA[2025-07-08T20:07:44.597+02:00  INFO 2708 --- [bika] [           main] o.s.b.t.m.w.SpringBootMockServletContext : Initializing Spring TestDispatcherServlet ''
2025-07-08T20:07:44.597+02:00  INFO 2708 --- [bika] [           main] o.s.t.web.servlet.TestDispatcherServlet  : Initializing Servlet ''
2025-07-08T20:07:44.601+02:00  INFO 2708 --- [bika] [           main] o.s.t.web.servlet.TestDispatcherServlet  : Completed initialization in 4 ms
2025-07-08T20:07:44.602+02:00 DEBUG 2708 --- [bika] [           main] org.hibernate.SQL                        : 
    insert 
    into
        companies
        (is_active, address, code, created_at, created_by, description, email, name, phone, updated_at, updated_by, id) 
    values
        (?, ?, ?, ?, ?, ?, ?, ?, ?, ?, ?, default)
Hibernate: 
    insert 
    into
        companies
        (is_active, address, code, created_at, created_by, description, email, name, phone, updated_at, updated_by, id) 
    values
        (?, ?, ?, ?, ?, ?, ?, ?, ?, ?, ?, default)
2025-07-08T20:07:44.604+02:00 DEBUG 2708 --- [bika] [           main] org.hibernate.SQL                        : 
    insert 
    into
        departments
        (is_active, code, company_id, created_at, created_by, name, parent_id, updated_at, updated_by, id) 
    values
        (?, ?, ?, ?, ?, ?, ?, ?, ?, default)
Hibernate: 
    insert 
    into
        departments
        (is_active, code, company_id, created_at, created_by, name, parent_id, updated_at, updated_by, id) 
    values
        (?, ?, ?, ?, ?, ?, ?, ?, ?, default)
2025-07-08T20:07:44.760+02:00 DEBUG 2708 --- [bika] [           main] org.hibernate.SQL                        : 
    insert 
    into
        users
        (is_active, company_id, created_at, created_by, department_id, email, first_name, last_login, last_name, password, role, updated_at, updated_by, username, id) 
    values
        (?, ?, ?, ?, ?, ?, ?, ?, ?, ?, ?, ?, ?, ?, default)
Hibernate: 
    insert 
    into
        users
        (is_active, company_id, created_at, created_by, department_id, email, first_name, last_login, last_name, password, role, updated_at, updated_by, username, id) 
    values
        (?, ?, ?, ?, ?, ?, ?, ?, ?, ?, ?, ?, ?, ?, default)
2025-07-08T20:07:44.872+02:00 DEBUG 2708 --- [bika] [           main] org.hibernate.SQL                        : 
    insert 
    into
        users
        (is_active, company_id, created_at, created_by, department_id, email, first_name, last_login, last_name, password, role, updated_at, updated_by, username, id) 
    values
        (?, ?, ?, ?, ?, ?, ?, ?, ?, ?, ?, ?, ?, ?, default)
Hibernate: 
    insert 
    into
        users
        (is_active, company_id, created_at, created_by, department_id, email, first_name, last_login, last_name, password, role, updated_at, updated_by, username, id) 
    values
        (?, ?, ?, ?, ?, ?, ?, ?, ?, ?, ?, ?, ?, ?, default)
2025-07-08T20:07:44.874+02:00 DEBUG 2708 --- [bika] [           main] org.hibernate.SQL                        : 
    select
        t1_0.id,
        t1_0.assigned_to,
        t1_0.company_id,
        t1_0.completed_date,
        t1_0.created_at,
        t1_0.created_by,
        t1_0.creator_id,
        t1_0.department_id,
        t1_0.description,
        t1_0.due_date,
        t1_0.is_active,
        t1_0.priority,
        t1_0.project_id,
        t1_0.start_date,
        t1_0.status,
        t1_0.title,
        t1_0.updated_at,
        t1_0.updated_by 
    from
        tasks t1_0
Hibernate: 
    select
        t1_0.id,
        t1_0.assigned_to,
        t1_0.company_id,
        t1_0.completed_date,
        t1_0.created_at,
        t1_0.created_by,
        t1_0.creator_id,
        t1_0.department_id,
        t1_0.description,
        t1_0.due_date,
        t1_0.is_active,
        t1_0.priority,
        t1_0.project_id,
        t1_0.start_date,
        t1_0.status,
        t1_0.title,
        t1_0.updated_at,
        t1_0.updated_by 
    from
        tasks t1_0
2025-07-08T20:07:44.876+02:00 DEBUG 2708 --- [bika] [           main] org.hibernate.SQL                        : 
    select
        u1_0.id,
        u1_0.is_active,
        u1_0.company_id,
        u1_0.created_at,
        u1_0.created_by,
        u1_0.department_id,
        u1_0.email,
        u1_0.first_name,
        u1_0.last_login,
        u1_0.last_name,
        u1_0.password,
        u1_0.role,
        u1_0.updated_at,
        u1_0.updated_by,
        u1_0.username 
    from
        users u1_0
Hibernate: 
    select
        u1_0.id,
        u1_0.is_active,
        u1_0.company_id,
        u1_0.created_at,
        u1_0.created_by,
        u1_0.department_id,
        u1_0.email,
        u1_0.first_name,
        u1_0.last_login,
        u1_0.last_name,
        u1_0.password,
        u1_0.role,
        u1_0.updated_at,
        u1_0.updated_by,
        u1_0.username 
    from
        users u1_0
2025-07-08T20:07:44.877+02:00 DEBUG 2708 --- [bika] [           main] org.hibernate.SQL                        : 
    delete 
    from
        users 
    where
        id=?
Hibernate: 
    delete 
    from
        users 
    where
        id=?
2025-07-08T20:07:44.877+02:00 DEBUG 2708 --- [bika] [           main] org.hibernate.SQL                        : 
    delete 
    from
        users 
    where
        id=?
Hibernate: 
    delete 
    from
        users 
    where
        id=?
2025-07-08T20:07:44.878+02:00 DEBUG 2708 --- [bika] [           main] org.hibernate.SQL                        : 
    select
        d1_0.id,
        d1_0.is_active,
        d1_0.code,
        d1_0.company_id,
        d1_0.created_at,
        d1_0.created_by,
        d1_0.name,
        d1_0.parent_id,
        d1_0.updated_at,
        d1_0.updated_by 
    from
        departments d1_0
Hibernate: 
    select
        d1_0.id,
        d1_0.is_active,
        d1_0.code,
        d1_0.company_id,
        d1_0.created_at,
        d1_0.created_by,
        d1_0.name,
        d1_0.parent_id,
        d1_0.updated_at,
        d1_0.updated_by 
    from
        departments d1_0
2025-07-08T20:07:44.880+02:00 DEBUG 2708 --- [bika] [           main] org.hibernate.SQL                        : 
    delete 
    from
        departments 
    where
        id=?
Hibernate: 
    delete 
    from
        departments 
    where
        id=?
2025-07-08T20:07:44.881+02:00 DEBUG 2708 --- [bika] [           main] org.hibernate.SQL                        : 
    select
        c1_0.id,
        c1_0.is_active,
        c1_0.address,
        c1_0.code,
        c1_0.created_at,
        c1_0.created_by,
        c1_0.description,
        c1_0.email,
        c1_0.name,
        c1_0.phone,
        c1_0.updated_at,
        c1_0.updated_by 
    from
        companies c1_0
Hibernate: 
    select
        c1_0.id,
        c1_0.is_active,
        c1_0.address,
        c1_0.code,
        c1_0.created_at,
        c1_0.created_by,
        c1_0.description,
        c1_0.email,
        c1_0.name,
        c1_0.phone,
        c1_0.updated_at,
        c1_0.updated_by 
    from
        companies c1_0
2025-07-08T20:07:44.882+02:00 DEBUG 2708 --- [bika] [           main] org.hibernate.SQL                        : 
    select
        d1_0.company_id,
        d1_0.id,
        d1_0.is_active,
        d1_0.code,
        d1_0.created_at,
        d1_0.created_by,
        d1_0.name,
        d1_0.parent_id,
        d1_0.updated_at,
        d1_0.updated_by 
    from
        departments d1_0 
    where
        d1_0.company_id=?
Hibernate: 
    select
        d1_0.company_id,
        d1_0.id,
        d1_0.is_active,
        d1_0.code,
        d1_0.created_at,
        d1_0.created_by,
        d1_0.name,
        d1_0.parent_id,
        d1_0.updated_at,
        d1_0.updated_by 
    from
        departments d1_0 
    where
        d1_0.company_id=?
2025-07-08T20:07:44.883+02:00 DEBUG 2708 --- [bika] [           main] org.hibernate.SQL                        : 
    delete 
    from
        companies 
    where
        id=?
Hibernate: 
    delete 
    from
        companies 
    where
        id=?
]]></system-out>
  </testcase>
  <testcase name="updateUser_ShouldSucceed_WhenAdmin" classname="com.bika.user.controller.UserControllerIntegrationTest" time="0.37">
    <system-out><![CDATA[2025-07-08T20:07:44.890+02:00  INFO 2708 --- [bika] [           main] o.s.b.t.m.w.SpringBootMockServletContext : Initializing Spring TestDispatcherServlet ''
2025-07-08T20:07:44.891+02:00  INFO 2708 --- [bika] [           main] o.s.t.web.servlet.TestDispatcherServlet  : Initializing Servlet ''
2025-07-08T20:07:44.893+02:00  INFO 2708 --- [bika] [           main] o.s.t.web.servlet.TestDispatcherServlet  : Completed initialization in 2 ms
2025-07-08T20:07:44.894+02:00 DEBUG 2708 --- [bika] [           main] org.hibernate.SQL                        : 
    insert 
    into
        companies
        (is_active, address, code, created_at, created_by, description, email, name, phone, updated_at, updated_by, id) 
    values
        (?, ?, ?, ?, ?, ?, ?, ?, ?, ?, ?, default)
Hibernate: 
    insert 
    into
        companies
        (is_active, address, code, created_at, created_by, description, email, name, phone, updated_at, updated_by, id) 
    values
        (?, ?, ?, ?, ?, ?, ?, ?, ?, ?, ?, default)
2025-07-08T20:07:44.921+02:00 DEBUG 2708 --- [bika] [           main] org.hibernate.SQL                        : 
    insert 
    into
        departments
        (is_active, code, company_id, created_at, created_by, name, parent_id, updated_at, updated_by, id) 
    values
        (?, ?, ?, ?, ?, ?, ?, ?, ?, default)
Hibernate: 
    insert 
    into
        departments
        (is_active, code, company_id, created_at, created_by, name, parent_id, updated_at, updated_by, id) 
    values
        (?, ?, ?, ?, ?, ?, ?, ?, ?, default)
2025-07-08T20:07:45.073+02:00 DEBUG 2708 --- [bika] [           main] org.hibernate.SQL                        : 
    insert 
    into
        users
        (is_active, company_id, created_at, created_by, department_id, email, first_name, last_login, last_name, password, role, updated_at, updated_by, username, id) 
    values
        (?, ?, ?, ?, ?, ?, ?, ?, ?, ?, ?, ?, ?, ?, default)
Hibernate: 
    insert 
    into
        users
        (is_active, company_id, created_at, created_by, department_id, email, first_name, last_login, last_name, password, role, updated_at, updated_by, username, id) 
    values
        (?, ?, ?, ?, ?, ?, ?, ?, ?, ?, ?, ?, ?, ?, default)
2025-07-08T20:07:45.220+02:00 DEBUG 2708 --- [bika] [           main] org.hibernate.SQL                        : 
    insert 
    into
        users
        (is_active, company_id, created_at, created_by, department_id, email, first_name, last_login, last_name, password, role, updated_at, updated_by, username, id) 
    values
        (?, ?, ?, ?, ?, ?, ?, ?, ?, ?, ?, ?, ?, ?, default)
Hibernate: 
    insert 
    into
        users
        (is_active, company_id, created_at, created_by, department_id, email, first_name, last_login, last_name, password, role, updated_at, updated_by, username, id) 
    values
        (?, ?, ?, ?, ?, ?, ?, ?, ?, ?, ?, ?, ?, ?, default)
2025-07-08T20:07:45.232+02:00 DEBUG 2708 --- [bika] [           main] org.hibernate.SQL                        : 
    select
        u1_0.id,
        u1_0.is_active,
        u1_0.company_id,
        u1_0.created_at,
        u1_0.created_by,
        u1_0.department_id,
        u1_0.email,
        u1_0.first_name,
        u1_0.last_login,
        u1_0.last_name,
        u1_0.password,
        u1_0.role,
        u1_0.updated_at,
        u1_0.updated_by,
        u1_0.username 
    from
        users u1_0 
    where
        u1_0.id=?
Hibernate: 
    select
        u1_0.id,
        u1_0.is_active,
        u1_0.company_id,
        u1_0.created_at,
        u1_0.created_by,
        u1_0.department_id,
        u1_0.email,
        u1_0.first_name,
        u1_0.last_login,
        u1_0.last_name,
        u1_0.password,
        u1_0.role,
        u1_0.updated_at,
        u1_0.updated_by,
        u1_0.username 
    from
        users u1_0 
    where
        u1_0.id=?
2025-07-08T20:07:45.234+02:00 DEBUG 2708 --- [bika] [           main] org.hibernate.SQL                        : 
    select
        c1_0.id,
        c1_0.is_active,
        c1_0.address,
        c1_0.code,
        c1_0.created_at,
        c1_0.created_by,
        c1_0.description,
        c1_0.email,
        c1_0.name,
        c1_0.phone,
        c1_0.updated_at,
        c1_0.updated_by 
    from
        companies c1_0 
    where
        c1_0.id=?
Hibernate: 
    select
        c1_0.id,
        c1_0.is_active,
        c1_0.address,
        c1_0.code,
        c1_0.created_at,
        c1_0.created_by,
        c1_0.description,
        c1_0.email,
        c1_0.name,
        c1_0.phone,
        c1_0.updated_at,
        c1_0.updated_by 
    from
        companies c1_0 
    where
        c1_0.id=?
2025-07-08T20:07:45.235+02:00 DEBUG 2708 --- [bika] [           main] org.hibernate.SQL                        : 
    select
        d1_0.id,
        d1_0.is_active,
        d1_0.code,
        d1_0.company_id,
        d1_0.created_at,
        d1_0.created_by,
        d1_0.name,
        d1_0.parent_id,
        d1_0.updated_at,
        d1_0.updated_by 
    from
        departments d1_0 
    where
        d1_0.id=?
Hibernate: 
    select
        d1_0.id,
        d1_0.is_active,
        d1_0.code,
        d1_0.company_id,
        d1_0.created_at,
        d1_0.created_by,
        d1_0.name,
        d1_0.parent_id,
        d1_0.updated_at,
        d1_0.updated_by 
    from
        departments d1_0 
    where
        d1_0.id=?
2025-07-08T20:07:45.238+02:00 DEBUG 2708 --- [bika] [           main] org.hibernate.SQL                        : 
    update
        users 
    set
        is_active=?,
        company_id=?,
        department_id=?,
        email=?,
        first_name=?,
        last_login=?,
        last_name=?,
        password=?,
        role=?,
        updated_at=?,
        updated_by=?,
        username=? 
    where
        id=?
Hibernate: 
    update
        users 
    set
        is_active=?,
        company_id=?,
        department_id=?,
        email=?,
        first_name=?,
        last_login=?,
        last_name=?,
        password=?,
        role=?,
        updated_at=?,
        updated_by=?,
        username=? 
    where
        id=?
2025-07-08T20:07:45.244+02:00 DEBUG 2708 --- [bika] [           main] org.hibernate.SQL                        : 
    select
        t1_0.id,
        t1_0.assigned_to,
        t1_0.company_id,
        t1_0.completed_date,
        t1_0.created_at,
        t1_0.created_by,
        t1_0.creator_id,
        t1_0.department_id,
        t1_0.description,
        t1_0.due_date,
        t1_0.is_active,
        t1_0.priority,
        t1_0.project_id,
        t1_0.start_date,
        t1_0.status,
        t1_0.title,
        t1_0.updated_at,
        t1_0.updated_by 
    from
        tasks t1_0
Hibernate: 
    select
        t1_0.id,
        t1_0.assigned_to,
        t1_0.company_id,
        t1_0.completed_date,
        t1_0.created_at,
        t1_0.created_by,
        t1_0.creator_id,
        t1_0.department_id,
        t1_0.description,
        t1_0.due_date,
        t1_0.is_active,
        t1_0.priority,
        t1_0.project_id,
        t1_0.start_date,
        t1_0.status,
        t1_0.title,
        t1_0.updated_at,
        t1_0.updated_by 
    from
        tasks t1_0
2025-07-08T20:07:45.245+02:00 DEBUG 2708 --- [bika] [           main] org.hibernate.SQL                        : 
    select
        u1_0.id,
        u1_0.is_active,
        u1_0.company_id,
        u1_0.created_at,
        u1_0.created_by,
        u1_0.department_id,
        u1_0.email,
        u1_0.first_name,
        u1_0.last_login,
        u1_0.last_name,
        u1_0.password,
        u1_0.role,
        u1_0.updated_at,
        u1_0.updated_by,
        u1_0.username 
    from
        users u1_0
Hibernate: 
    select
        u1_0.id,
        u1_0.is_active,
        u1_0.company_id,
        u1_0.created_at,
        u1_0.created_by,
        u1_0.department_id,
        u1_0.email,
        u1_0.first_name,
        u1_0.last_login,
        u1_0.last_name,
        u1_0.password,
        u1_0.role,
        u1_0.updated_at,
        u1_0.updated_by,
        u1_0.username 
    from
        users u1_0
2025-07-08T20:07:45.247+02:00 DEBUG 2708 --- [bika] [           main] org.hibernate.SQL                        : 
    delete 
    from
        users 
    where
        id=?
Hibernate: 
    delete 
    from
        users 
    where
        id=?
2025-07-08T20:07:45.247+02:00 DEBUG 2708 --- [bika] [           main] org.hibernate.SQL                        : 
    delete 
    from
        users 
    where
        id=?
Hibernate: 
    delete 
    from
        users 
    where
        id=?
2025-07-08T20:07:45.248+02:00 DEBUG 2708 --- [bika] [           main] org.hibernate.SQL                        : 
    select
        d1_0.id,
        d1_0.is_active,
        d1_0.code,
        d1_0.company_id,
        d1_0.created_at,
        d1_0.created_by,
        d1_0.name,
        d1_0.parent_id,
        d1_0.updated_at,
        d1_0.updated_by 
    from
        departments d1_0
Hibernate: 
    select
        d1_0.id,
        d1_0.is_active,
        d1_0.code,
        d1_0.company_id,
        d1_0.created_at,
        d1_0.created_by,
        d1_0.name,
        d1_0.parent_id,
        d1_0.updated_at,
        d1_0.updated_by 
    from
        departments d1_0
2025-07-08T20:07:45.251+02:00 DEBUG 2708 --- [bika] [           main] org.hibernate.SQL                        : 
    delete 
    from
        departments 
    where
        id=?
Hibernate: 
    delete 
    from
        departments 
    where
        id=?
2025-07-08T20:07:45.252+02:00 DEBUG 2708 --- [bika] [           main] org.hibernate.SQL                        : 
    select
        c1_0.id,
        c1_0.is_active,
        c1_0.address,
        c1_0.code,
        c1_0.created_at,
        c1_0.created_by,
        c1_0.description,
        c1_0.email,
        c1_0.name,
        c1_0.phone,
        c1_0.updated_at,
        c1_0.updated_by 
    from
        companies c1_0
Hibernate: 
    select
        c1_0.id,
        c1_0.is_active,
        c1_0.address,
        c1_0.code,
        c1_0.created_at,
        c1_0.created_by,
        c1_0.description,
        c1_0.email,
        c1_0.name,
        c1_0.phone,
        c1_0.updated_at,
        c1_0.updated_by 
    from
        companies c1_0
2025-07-08T20:07:45.252+02:00 DEBUG 2708 --- [bika] [           main] org.hibernate.SQL                        : 
    select
        d1_0.company_id,
        d1_0.id,
        d1_0.is_active,
        d1_0.code,
        d1_0.created_at,
        d1_0.created_by,
        d1_0.name,
        d1_0.parent_id,
        d1_0.updated_at,
        d1_0.updated_by 
    from
        departments d1_0 
    where
        d1_0.company_id=?
Hibernate: 
    select
        d1_0.company_id,
        d1_0.id,
        d1_0.is_active,
        d1_0.code,
        d1_0.created_at,
        d1_0.created_by,
        d1_0.name,
        d1_0.parent_id,
        d1_0.updated_at,
        d1_0.updated_by 
    from
        departments d1_0 
    where
        d1_0.company_id=?
2025-07-08T20:07:45.253+02:00 DEBUG 2708 --- [bika] [           main] org.hibernate.SQL                        : 
    delete 
    from
        companies 
    where
        id=?
Hibernate: 
    delete 
    from
        companies 
    where
        id=?
]]></system-out>
  </testcase>
  <testcase name="getUserById_ShouldSucceed_WhenAdmin" classname="com.bika.user.controller.UserControllerIntegrationTest" time="0.392">
    <system-out><![CDATA[2025-07-08T20:07:45.261+02:00  INFO 2708 --- [bika] [           main] o.s.b.t.m.w.SpringBootMockServletContext : Initializing Spring TestDispatcherServlet ''
2025-07-08T20:07:45.261+02:00  INFO 2708 --- [bika] [           main] o.s.t.web.servlet.TestDispatcherServlet  : Initializing Servlet ''
2025-07-08T20:07:45.264+02:00  INFO 2708 --- [bika] [           main] o.s.t.web.servlet.TestDispatcherServlet  : Completed initialization in 1 ms
2025-07-08T20:07:45.265+02:00 DEBUG 2708 --- [bika] [           main] org.hibernate.SQL                        : 
    insert 
    into
        companies
        (is_active, address, code, created_at, created_by, description, email, name, phone, updated_at, updated_by, id) 
    values
        (?, ?, ?, ?, ?, ?, ?, ?, ?, ?, ?, default)
Hibernate: 
    insert 
    into
        companies
        (is_active, address, code, created_at, created_by, description, email, name, phone, updated_at, updated_by, id) 
    values
        (?, ?, ?, ?, ?, ?, ?, ?, ?, ?, ?, default)
2025-07-08T20:07:45.305+02:00 DEBUG 2708 --- [bika] [           main] org.hibernate.SQL                        : 
    insert 
    into
        departments
        (is_active, code, company_id, created_at, created_by, name, parent_id, updated_at, updated_by, id) 
    values
        (?, ?, ?, ?, ?, ?, ?, ?, ?, default)
Hibernate: 
    insert 
    into
        departments
        (is_active, code, company_id, created_at, created_by, name, parent_id, updated_at, updated_by, id) 
    values
        (?, ?, ?, ?, ?, ?, ?, ?, ?, default)
2025-07-08T20:07:45.490+02:00 DEBUG 2708 --- [bika] [           main] org.hibernate.SQL                        : 
    insert 
    into
        users
        (is_active, company_id, created_at, created_by, department_id, email, first_name, last_login, last_name, password, role, updated_at, updated_by, username, id) 
    values
        (?, ?, ?, ?, ?, ?, ?, ?, ?, ?, ?, ?, ?, ?, default)
Hibernate: 
    insert 
    into
        users
        (is_active, company_id, created_at, created_by, department_id, email, first_name, last_login, last_name, password, role, updated_at, updated_by, username, id) 
    values
        (?, ?, ?, ?, ?, ?, ?, ?, ?, ?, ?, ?, ?, ?, default)
2025-07-08T20:07:45.594+02:00 DEBUG 2708 --- [bika] [           main] org.hibernate.SQL                        : 
    insert 
    into
        users
        (is_active, company_id, created_at, created_by, department_id, email, first_name, last_login, last_name, password, role, updated_at, updated_by, username, id) 
    values
        (?, ?, ?, ?, ?, ?, ?, ?, ?, ?, ?, ?, ?, ?, default)
Hibernate: 
    insert 
    into
        users
        (is_active, company_id, created_at, created_by, department_id, email, first_name, last_login, last_name, password, role, updated_at, updated_by, username, id) 
    values
        (?, ?, ?, ?, ?, ?, ?, ?, ?, ?, ?, ?, ?, ?, default)
2025-07-08T20:07:45.600+02:00 DEBUG 2708 --- [bika] [           main] org.hibernate.SQL                        : 
    select
        u1_0.id,
        u1_0.is_active,
        u1_0.company_id,
        u1_0.created_at,
        u1_0.created_by,
        u1_0.department_id,
        u1_0.email,
        u1_0.first_name,
        u1_0.last_login,
        u1_0.last_name,
        u1_0.password,
        u1_0.role,
        u1_0.updated_at,
        u1_0.updated_by,
        u1_0.username 
    from
        users u1_0 
    where
        u1_0.id=?
Hibernate: 
    select
        u1_0.id,
        u1_0.is_active,
        u1_0.company_id,
        u1_0.created_at,
        u1_0.created_by,
        u1_0.department_id,
        u1_0.email,
        u1_0.first_name,
        u1_0.last_login,
        u1_0.last_name,
        u1_0.password,
        u1_0.role,
        u1_0.updated_at,
        u1_0.updated_by,
        u1_0.username 
    from
        users u1_0 
    where
        u1_0.id=?
2025-07-08T20:07:45.614+02:00 DEBUG 2708 --- [bika] [           main] org.hibernate.SQL                        : 
    select
        t1_0.id,
        t1_0.assigned_to,
        t1_0.company_id,
        t1_0.completed_date,
        t1_0.created_at,
        t1_0.created_by,
        t1_0.creator_id,
        t1_0.department_id,
        t1_0.description,
        t1_0.due_date,
        t1_0.is_active,
        t1_0.priority,
        t1_0.project_id,
        t1_0.start_date,
        t1_0.status,
        t1_0.title,
        t1_0.updated_at,
        t1_0.updated_by 
    from
        tasks t1_0
Hibernate: 
    select
        t1_0.id,
        t1_0.assigned_to,
        t1_0.company_id,
        t1_0.completed_date,
        t1_0.created_at,
        t1_0.created_by,
        t1_0.creator_id,
        t1_0.department_id,
        t1_0.description,
        t1_0.due_date,
        t1_0.is_active,
        t1_0.priority,
        t1_0.project_id,
        t1_0.start_date,
        t1_0.status,
        t1_0.title,
        t1_0.updated_at,
        t1_0.updated_by 
    from
        tasks t1_0
2025-07-08T20:07:45.616+02:00 DEBUG 2708 --- [bika] [           main] org.hibernate.SQL                        : 
    select
        u1_0.id,
        u1_0.is_active,
        u1_0.company_id,
        u1_0.created_at,
        u1_0.created_by,
        u1_0.department_id,
        u1_0.email,
        u1_0.first_name,
        u1_0.last_login,
        u1_0.last_name,
        u1_0.password,
        u1_0.role,
        u1_0.updated_at,
        u1_0.updated_by,
        u1_0.username 
    from
        users u1_0
Hibernate: 
    select
        u1_0.id,
        u1_0.is_active,
        u1_0.company_id,
        u1_0.created_at,
        u1_0.created_by,
        u1_0.department_id,
        u1_0.email,
        u1_0.first_name,
        u1_0.last_login,
        u1_0.last_name,
        u1_0.password,
        u1_0.role,
        u1_0.updated_at,
        u1_0.updated_by,
        u1_0.username 
    from
        users u1_0
2025-07-08T20:07:45.633+02:00 DEBUG 2708 --- [bika] [           main] org.hibernate.SQL                        : 
    delete 
    from
        users 
    where
        id=?
Hibernate: 
    delete 
    from
        users 
    where
        id=?
2025-07-08T20:07:45.634+02:00 DEBUG 2708 --- [bika] [           main] org.hibernate.SQL                        : 
    delete 
    from
        users 
    where
        id=?
Hibernate: 
    delete 
    from
        users 
    where
        id=?
2025-07-08T20:07:45.636+02:00 DEBUG 2708 --- [bika] [           main] org.hibernate.SQL                        : 
    select
        d1_0.id,
        d1_0.is_active,
        d1_0.code,
        d1_0.company_id,
        d1_0.created_at,
        d1_0.created_by,
        d1_0.name,
        d1_0.parent_id,
        d1_0.updated_at,
        d1_0.updated_by 
    from
        departments d1_0
Hibernate: 
    select
        d1_0.id,
        d1_0.is_active,
        d1_0.code,
        d1_0.company_id,
        d1_0.created_at,
        d1_0.created_by,
        d1_0.name,
        d1_0.parent_id,
        d1_0.updated_at,
        d1_0.updated_by 
    from
        departments d1_0
2025-07-08T20:07:45.640+02:00 DEBUG 2708 --- [bika] [           main] org.hibernate.SQL                        : 
    delete 
    from
        departments 
    where
        id=?
Hibernate: 
    delete 
    from
        departments 
    where
        id=?
2025-07-08T20:07:45.642+02:00 DEBUG 2708 --- [bika] [           main] org.hibernate.SQL                        : 
    select
        c1_0.id,
        c1_0.is_active,
        c1_0.address,
        c1_0.code,
        c1_0.created_at,
        c1_0.created_by,
        c1_0.description,
        c1_0.email,
        c1_0.name,
        c1_0.phone,
        c1_0.updated_at,
        c1_0.updated_by 
    from
        companies c1_0
Hibernate: 
    select
        c1_0.id,
        c1_0.is_active,
        c1_0.address,
        c1_0.code,
        c1_0.created_at,
        c1_0.created_by,
        c1_0.description,
        c1_0.email,
        c1_0.name,
        c1_0.phone,
        c1_0.updated_at,
        c1_0.updated_by 
    from
        companies c1_0
2025-07-08T20:07:45.643+02:00 DEBUG 2708 --- [bika] [           main] org.hibernate.SQL                        : 
    select
        d1_0.company_id,
        d1_0.id,
        d1_0.is_active,
        d1_0.code,
        d1_0.created_at,
        d1_0.created_by,
        d1_0.name,
        d1_0.parent_id,
        d1_0.updated_at,
        d1_0.updated_by 
    from
        departments d1_0 
    where
        d1_0.company_id=?
Hibernate: 
    select
        d1_0.company_id,
        d1_0.id,
        d1_0.is_active,
        d1_0.code,
        d1_0.created_at,
        d1_0.created_by,
        d1_0.name,
        d1_0.parent_id,
        d1_0.updated_at,
        d1_0.updated_by 
    from
        departments d1_0 
    where
        d1_0.company_id=?
2025-07-08T20:07:45.645+02:00 DEBUG 2708 --- [bika] [           main] org.hibernate.SQL                        : 
    delete 
    from
        companies 
    where
        id=?
Hibernate: 
    delete 
    from
        companies 
    where
        id=?
]]></system-out>
  </testcase>
  <testcase name="deleteUser_ShouldSucceed_WhenAdmin" classname="com.bika.user.controller.UserControllerIntegrationTest" time="0.321">
    <system-out><![CDATA[2025-07-08T20:07:45.656+02:00  INFO 2708 --- [bika] [           main] o.s.b.t.m.w.SpringBootMockServletContext : Initializing Spring TestDispatcherServlet ''
2025-07-08T20:07:45.656+02:00  INFO 2708 --- [bika] [           main] o.s.t.web.servlet.TestDispatcherServlet  : Initializing Servlet ''
2025-07-08T20:07:45.661+02:00  INFO 2708 --- [bika] [           main] o.s.t.web.servlet.TestDispatcherServlet  : Completed initialization in 5 ms
2025-07-08T20:07:45.663+02:00 DEBUG 2708 --- [bika] [           main] org.hibernate.SQL                        : 
    insert 
    into
        companies
        (is_active, address, code, created_at, created_by, description, email, name, phone, updated_at, updated_by, id) 
    values
        (?, ?, ?, ?, ?, ?, ?, ?, ?, ?, ?, default)
Hibernate: 
    insert 
    into
        companies
        (is_active, address, code, created_at, created_by, description, email, name, phone, updated_at, updated_by, id) 
    values
        (?, ?, ?, ?, ?, ?, ?, ?, ?, ?, ?, default)
2025-07-08T20:07:45.676+02:00 DEBUG 2708 --- [bika] [           main] org.hibernate.SQL                        : 
    insert 
    into
        departments
        (is_active, code, company_id, created_at, created_by, name, parent_id, updated_at, updated_by, id) 
    values
        (?, ?, ?, ?, ?, ?, ?, ?, ?, default)
Hibernate: 
    insert 
    into
        departments
        (is_active, code, company_id, created_at, created_by, name, parent_id, updated_at, updated_by, id) 
    values
        (?, ?, ?, ?, ?, ?, ?, ?, ?, default)
2025-07-08T20:07:45.813+02:00 DEBUG 2708 --- [bika] [           main] org.hibernate.SQL                        : 
    insert 
    into
        users
        (is_active, company_id, created_at, created_by, department_id, email, first_name, last_login, last_name, password, role, updated_at, updated_by, username, id) 
    values
        (?, ?, ?, ?, ?, ?, ?, ?, ?, ?, ?, ?, ?, ?, default)
Hibernate: 
    insert 
    into
        users
        (is_active, company_id, created_at, created_by, department_id, email, first_name, last_login, last_name, password, role, updated_at, updated_by, username, id) 
    values
        (?, ?, ?, ?, ?, ?, ?, ?, ?, ?, ?, ?, ?, ?, default)
2025-07-08T20:07:45.947+02:00 DEBUG 2708 --- [bika] [           main] org.hibernate.SQL                        : 
    insert 
    into
        users
        (is_active, company_id, created_at, created_by, department_id, email, first_name, last_login, last_name, password, role, updated_at, updated_by, username, id) 
    values
        (?, ?, ?, ?, ?, ?, ?, ?, ?, ?, ?, ?, ?, ?, default)
Hibernate: 
    insert 
    into
        users
        (is_active, company_id, created_at, created_by, department_id, email, first_name, last_login, last_name, password, role, updated_at, updated_by, username, id) 
    values
        (?, ?, ?, ?, ?, ?, ?, ?, ?, ?, ?, ?, ?, ?, default)
2025-07-08T20:07:45.955+02:00 DEBUG 2708 --- [bika] [           main] org.hibernate.SQL                        : 
    select
        count(*) 
    from
        users u1_0 
    where
        u1_0.id=?
Hibernate: 
    select
        count(*) 
    from
        users u1_0 
    where
        u1_0.id=?
2025-07-08T20:07:45.956+02:00 DEBUG 2708 --- [bika] [           main] org.hibernate.SQL                        : 
    select
        u1_0.id,
        u1_0.is_active,
        u1_0.company_id,
        u1_0.created_at,
        u1_0.created_by,
        u1_0.department_id,
        u1_0.email,
        u1_0.first_name,
        u1_0.last_login,
        u1_0.last_name,
        u1_0.password,
        u1_0.role,
        u1_0.updated_at,
        u1_0.updated_by,
        u1_0.username 
    from
        users u1_0 
    where
        u1_0.id=?
Hibernate: 
    select
        u1_0.id,
        u1_0.is_active,
        u1_0.company_id,
        u1_0.created_at,
        u1_0.created_by,
        u1_0.department_id,
        u1_0.email,
        u1_0.first_name,
        u1_0.last_login,
        u1_0.last_name,
        u1_0.password,
        u1_0.role,
        u1_0.updated_at,
        u1_0.updated_by,
        u1_0.username 
    from
        users u1_0 
    where
        u1_0.id=?
2025-07-08T20:07:45.961+02:00 DEBUG 2708 --- [bika] [           main] org.hibernate.SQL                        : 
    delete 
    from
        users 
    where
        id=?
Hibernate: 
    delete 
    from
        users 
    where
        id=?
2025-07-08T20:07:45.964+02:00 DEBUG 2708 --- [bika] [           main] org.hibernate.SQL                        : 
    select
        t1_0.id,
        t1_0.assigned_to,
        t1_0.company_id,
        t1_0.completed_date,
        t1_0.created_at,
        t1_0.created_by,
        t1_0.creator_id,
        t1_0.department_id,
        t1_0.description,
        t1_0.due_date,
        t1_0.is_active,
        t1_0.priority,
        t1_0.project_id,
        t1_0.start_date,
        t1_0.status,
        t1_0.title,
        t1_0.updated_at,
        t1_0.updated_by 
    from
        tasks t1_0
Hibernate: 
    select
        t1_0.id,
        t1_0.assigned_to,
        t1_0.company_id,
        t1_0.completed_date,
        t1_0.created_at,
        t1_0.created_by,
        t1_0.creator_id,
        t1_0.department_id,
        t1_0.description,
        t1_0.due_date,
        t1_0.is_active,
        t1_0.priority,
        t1_0.project_id,
        t1_0.start_date,
        t1_0.status,
        t1_0.title,
        t1_0.updated_at,
        t1_0.updated_by 
    from
        tasks t1_0
2025-07-08T20:07:45.965+02:00 DEBUG 2708 --- [bika] [           main] org.hibernate.SQL                        : 
    select
        u1_0.id,
        u1_0.is_active,
        u1_0.company_id,
        u1_0.created_at,
        u1_0.created_by,
        u1_0.department_id,
        u1_0.email,
        u1_0.first_name,
        u1_0.last_login,
        u1_0.last_name,
        u1_0.password,
        u1_0.role,
        u1_0.updated_at,
        u1_0.updated_by,
        u1_0.username 
    from
        users u1_0
Hibernate: 
    select
        u1_0.id,
        u1_0.is_active,
        u1_0.company_id,
        u1_0.created_at,
        u1_0.created_by,
        u1_0.department_id,
        u1_0.email,
        u1_0.first_name,
        u1_0.last_login,
        u1_0.last_name,
        u1_0.password,
        u1_0.role,
        u1_0.updated_at,
        u1_0.updated_by,
        u1_0.username 
    from
        users u1_0
2025-07-08T20:07:45.966+02:00 DEBUG 2708 --- [bika] [           main] org.hibernate.SQL                        : 
    delete 
    from
        users 
    where
        id=?
Hibernate: 
    delete 
    from
        users 
    where
        id=?
2025-07-08T20:07:45.968+02:00 DEBUG 2708 --- [bika] [           main] org.hibernate.SQL                        : 
    select
        d1_0.id,
        d1_0.is_active,
        d1_0.code,
        d1_0.company_id,
        d1_0.created_at,
        d1_0.created_by,
        d1_0.name,
        d1_0.parent_id,
        d1_0.updated_at,
        d1_0.updated_by 
    from
        departments d1_0
Hibernate: 
    select
        d1_0.id,
        d1_0.is_active,
        d1_0.code,
        d1_0.company_id,
        d1_0.created_at,
        d1_0.created_by,
        d1_0.name,
        d1_0.parent_id,
        d1_0.updated_at,
        d1_0.updated_by 
    from
        departments d1_0
2025-07-08T20:07:45.968+02:00 DEBUG 2708 --- [bika] [           main] org.hibernate.SQL                        : 
    delete 
    from
        departments 
    where
        id=?
Hibernate: 
    delete 
    from
        departments 
    where
        id=?
2025-07-08T20:07:45.970+02:00 DEBUG 2708 --- [bika] [           main] org.hibernate.SQL                        : 
    select
        c1_0.id,
        c1_0.is_active,
        c1_0.address,
        c1_0.code,
        c1_0.created_at,
        c1_0.created_by,
        c1_0.description,
        c1_0.email,
        c1_0.name,
        c1_0.phone,
        c1_0.updated_at,
        c1_0.updated_by 
    from
        companies c1_0
Hibernate: 
    select
        c1_0.id,
        c1_0.is_active,
        c1_0.address,
        c1_0.code,
        c1_0.created_at,
        c1_0.created_by,
        c1_0.description,
        c1_0.email,
        c1_0.name,
        c1_0.phone,
        c1_0.updated_at,
        c1_0.updated_by 
    from
        companies c1_0
2025-07-08T20:07:45.970+02:00 DEBUG 2708 --- [bika] [           main] org.hibernate.SQL                        : 
    select
        d1_0.company_id,
        d1_0.id,
        d1_0.is_active,
        d1_0.code,
        d1_0.created_at,
        d1_0.created_by,
        d1_0.name,
        d1_0.parent_id,
        d1_0.updated_at,
        d1_0.updated_by 
    from
        departments d1_0 
    where
        d1_0.company_id=?
Hibernate: 
    select
        d1_0.company_id,
        d1_0.id,
        d1_0.is_active,
        d1_0.code,
        d1_0.created_at,
        d1_0.created_by,
        d1_0.name,
        d1_0.parent_id,
        d1_0.updated_at,
        d1_0.updated_by 
    from
        departments d1_0 
    where
        d1_0.company_id=?
2025-07-08T20:07:45.971+02:00 DEBUG 2708 --- [bika] [           main] org.hibernate.SQL                        : 
    delete 
    from
        companies 
    where
        id=?
Hibernate: 
    delete 
    from
        companies 
    where
        id=?
]]></system-out>
  </testcase>
  <testcase name="getUsersByCompany_ShouldSucceed_WhenManager" classname="com.bika.user.controller.UserControllerIntegrationTest" time="0.337">
    <system-out><![CDATA[2025-07-08T20:07:45.978+02:00  INFO 2708 --- [bika] [           main] o.s.b.t.m.w.SpringBootMockServletContext : Initializing Spring TestDispatcherServlet ''
2025-07-08T20:07:45.978+02:00  INFO 2708 --- [bika] [           main] o.s.t.web.servlet.TestDispatcherServlet  : Initializing Servlet ''
2025-07-08T20:07:45.982+02:00  INFO 2708 --- [bika] [           main] o.s.t.web.servlet.TestDispatcherServlet  : Completed initialization in 4 ms
2025-07-08T20:07:45.983+02:00 DEBUG 2708 --- [bika] [           main] org.hibernate.SQL                        : 
    insert 
    into
        companies
        (is_active, address, code, created_at, created_by, description, email, name, phone, updated_at, updated_by, id) 
    values
        (?, ?, ?, ?, ?, ?, ?, ?, ?, ?, ?, default)
Hibernate: 
    insert 
    into
        companies
        (is_active, address, code, created_at, created_by, description, email, name, phone, updated_at, updated_by, id) 
    values
        (?, ?, ?, ?, ?, ?, ?, ?, ?, ?, ?, default)
2025-07-08T20:07:45.986+02:00 DEBUG 2708 --- [bika] [           main] org.hibernate.SQL                        : 
    insert 
    into
        departments
        (is_active, code, company_id, created_at, created_by, name, parent_id, updated_at, updated_by, id) 
    values
        (?, ?, ?, ?, ?, ?, ?, ?, ?, default)
Hibernate: 
    insert 
    into
        departments
        (is_active, code, company_id, created_at, created_by, name, parent_id, updated_at, updated_by, id) 
    values
        (?, ?, ?, ?, ?, ?, ?, ?, ?, default)
2025-07-08T20:07:46.147+02:00 DEBUG 2708 --- [bika] [           main] org.hibernate.SQL                        : 
    insert 
    into
        users
        (is_active, company_id, created_at, created_by, department_id, email, first_name, last_login, last_name, password, role, updated_at, updated_by, username, id) 
    values
        (?, ?, ?, ?, ?, ?, ?, ?, ?, ?, ?, ?, ?, ?, default)
Hibernate: 
    insert 
    into
        users
        (is_active, company_id, created_at, created_by, department_id, email, first_name, last_login, last_name, password, role, updated_at, updated_by, username, id) 
    values
        (?, ?, ?, ?, ?, ?, ?, ?, ?, ?, ?, ?, ?, ?, default)
2025-07-08T20:07:46.281+02:00 DEBUG 2708 --- [bika] [           main] org.hibernate.SQL                        : 
    insert 
    into
        users
        (is_active, company_id, created_at, created_by, department_id, email, first_name, last_login, last_name, password, role, updated_at, updated_by, username, id) 
    values
        (?, ?, ?, ?, ?, ?, ?, ?, ?, ?, ?, ?, ?, ?, default)
Hibernate: 
    insert 
    into
        users
        (is_active, company_id, created_at, created_by, department_id, email, first_name, last_login, last_name, password, role, updated_at, updated_by, username, id) 
    values
        (?, ?, ?, ?, ?, ?, ?, ?, ?, ?, ?, ?, ?, ?, default)
2025-07-08T20:07:46.287+02:00 DEBUG 2708 --- [bika] [           main] org.hibernate.SQL                        : 
    select
        c1_0.id,
        c1_0.is_active,
        c1_0.address,
        c1_0.code,
        c1_0.created_at,
        c1_0.created_by,
        c1_0.description,
        c1_0.email,
        c1_0.name,
        c1_0.phone,
        c1_0.updated_at,
        c1_0.updated_by 
    from
        companies c1_0 
    where
        c1_0.id=?
Hibernate: 
    select
        c1_0.id,
        c1_0.is_active,
        c1_0.address,
        c1_0.code,
        c1_0.created_at,
        c1_0.created_by,
        c1_0.description,
        c1_0.email,
        c1_0.name,
        c1_0.phone,
        c1_0.updated_at,
        c1_0.updated_by 
    from
        companies c1_0 
    where
        c1_0.id=?
2025-07-08T20:07:46.292+02:00 DEBUG 2708 --- [bika] [           main] org.hibernate.SQL                        : 
    select
        u1_0.id,
        u1_0.is_active,
        u1_0.company_id,
        u1_0.created_at,
        u1_0.created_by,
        u1_0.department_id,
        u1_0.email,
        u1_0.first_name,
        u1_0.last_login,
        u1_0.last_name,
        u1_0.password,
        u1_0.role,
        u1_0.updated_at,
        u1_0.updated_by,
        u1_0.username 
    from
        users u1_0 
    where
        u1_0.company_id=?
Hibernate: 
    select
        u1_0.id,
        u1_0.is_active,
        u1_0.company_id,
        u1_0.created_at,
        u1_0.created_by,
        u1_0.department_id,
        u1_0.email,
        u1_0.first_name,
        u1_0.last_login,
        u1_0.last_name,
        u1_0.password,
        u1_0.role,
        u1_0.updated_at,
        u1_0.updated_by,
        u1_0.username 
    from
        users u1_0 
    where
        u1_0.company_id=?
2025-07-08T20:07:46.296+02:00 DEBUG 2708 --- [bika] [           main] org.hibernate.SQL                        : 
    select
        t1_0.id,
        t1_0.assigned_to,
        t1_0.company_id,
        t1_0.completed_date,
        t1_0.created_at,
        t1_0.created_by,
        t1_0.creator_id,
        t1_0.department_id,
        t1_0.description,
        t1_0.due_date,
        t1_0.is_active,
        t1_0.priority,
        t1_0.project_id,
        t1_0.start_date,
        t1_0.status,
        t1_0.title,
        t1_0.updated_at,
        t1_0.updated_by 
    from
        tasks t1_0
Hibernate: 
    select
        t1_0.id,
        t1_0.assigned_to,
        t1_0.company_id,
        t1_0.completed_date,
        t1_0.created_at,
        t1_0.created_by,
        t1_0.creator_id,
        t1_0.department_id,
        t1_0.description,
        t1_0.due_date,
        t1_0.is_active,
        t1_0.priority,
        t1_0.project_id,
        t1_0.start_date,
        t1_0.status,
        t1_0.title,
        t1_0.updated_at,
        t1_0.updated_by 
    from
        tasks t1_0
2025-07-08T20:07:46.300+02:00 DEBUG 2708 --- [bika] [           main] org.hibernate.SQL                        : 
    select
        u1_0.id,
        u1_0.is_active,
        u1_0.company_id,
        u1_0.created_at,
        u1_0.created_by,
        u1_0.department_id,
        u1_0.email,
        u1_0.first_name,
        u1_0.last_login,
        u1_0.last_name,
        u1_0.password,
        u1_0.role,
        u1_0.updated_at,
        u1_0.updated_by,
        u1_0.username 
    from
        users u1_0
Hibernate: 
    select
        u1_0.id,
        u1_0.is_active,
        u1_0.company_id,
        u1_0.created_at,
        u1_0.created_by,
        u1_0.department_id,
        u1_0.email,
        u1_0.first_name,
        u1_0.last_login,
        u1_0.last_name,
        u1_0.password,
        u1_0.role,
        u1_0.updated_at,
        u1_0.updated_by,
        u1_0.username 
    from
        users u1_0
2025-07-08T20:07:46.302+02:00 DEBUG 2708 --- [bika] [           main] org.hibernate.SQL                        : 
    delete 
    from
        users 
    where
        id=?
Hibernate: 
    delete 
    from
        users 
    where
        id=?
2025-07-08T20:07:46.303+02:00 DEBUG 2708 --- [bika] [           main] org.hibernate.SQL                        : 
    delete 
    from
        users 
    where
        id=?
Hibernate: 
    delete 
    from
        users 
    where
        id=?
2025-07-08T20:07:46.304+02:00 DEBUG 2708 --- [bika] [           main] org.hibernate.SQL                        : 
    select
        d1_0.id,
        d1_0.is_active,
        d1_0.code,
        d1_0.company_id,
        d1_0.created_at,
        d1_0.created_by,
        d1_0.name,
        d1_0.parent_id,
        d1_0.updated_at,
        d1_0.updated_by 
    from
        departments d1_0
Hibernate: 
    select
        d1_0.id,
        d1_0.is_active,
        d1_0.code,
        d1_0.company_id,
        d1_0.created_at,
        d1_0.created_by,
        d1_0.name,
        d1_0.parent_id,
        d1_0.updated_at,
        d1_0.updated_by 
    from
        departments d1_0
2025-07-08T20:07:46.305+02:00 DEBUG 2708 --- [bika] [           main] org.hibernate.SQL                        : 
    delete 
    from
        departments 
    where
        id=?
Hibernate: 
    delete 
    from
        departments 
    where
        id=?
2025-07-08T20:07:46.306+02:00 DEBUG 2708 --- [bika] [           main] org.hibernate.SQL                        : 
    select
        c1_0.id,
        c1_0.is_active,
        c1_0.address,
        c1_0.code,
        c1_0.created_at,
        c1_0.created_by,
        c1_0.description,
        c1_0.email,
        c1_0.name,
        c1_0.phone,
        c1_0.updated_at,
        c1_0.updated_by 
    from
        companies c1_0
Hibernate: 
    select
        c1_0.id,
        c1_0.is_active,
        c1_0.address,
        c1_0.code,
        c1_0.created_at,
        c1_0.created_by,
        c1_0.description,
        c1_0.email,
        c1_0.name,
        c1_0.phone,
        c1_0.updated_at,
        c1_0.updated_by 
    from
        companies c1_0
2025-07-08T20:07:46.307+02:00 DEBUG 2708 --- [bika] [           main] org.hibernate.SQL                        : 
    select
        d1_0.company_id,
        d1_0.id,
        d1_0.is_active,
        d1_0.code,
        d1_0.created_at,
        d1_0.created_by,
        d1_0.name,
        d1_0.parent_id,
        d1_0.updated_at,
        d1_0.updated_by 
    from
        departments d1_0 
    where
        d1_0.company_id=?
Hibernate: 
    select
        d1_0.company_id,
        d1_0.id,
        d1_0.is_active,
        d1_0.code,
        d1_0.created_at,
        d1_0.created_by,
        d1_0.name,
        d1_0.parent_id,
        d1_0.updated_at,
        d1_0.updated_by 
    from
        departments d1_0 
    where
        d1_0.company_id=?
2025-07-08T20:07:46.308+02:00 DEBUG 2708 --- [bika] [           main] org.hibernate.SQL                        : 
    delete 
    from
        companies 
    where
        id=?
Hibernate: 
    delete 
    from
        companies 
    where
        id=?
]]></system-out>
  </testcase>
  <testcase name="updateUser_ShouldSucceed_WhenOwnProfile" classname="com.bika.user.controller.UserControllerIntegrationTest" time="0.285">
    <system-out><![CDATA[2025-07-08T20:07:46.314+02:00  INFO 2708 --- [bika] [           main] o.s.b.t.m.w.SpringBootMockServletContext : Initializing Spring TestDispatcherServlet ''
2025-07-08T20:07:46.314+02:00  INFO 2708 --- [bika] [           main] o.s.t.web.servlet.TestDispatcherServlet  : Initializing Servlet ''
2025-07-08T20:07:46.315+02:00  INFO 2708 --- [bika] [           main] o.s.t.web.servlet.TestDispatcherServlet  : Completed initialization in 1 ms
2025-07-08T20:07:46.316+02:00 DEBUG 2708 --- [bika] [           main] org.hibernate.SQL                        : 
    insert 
    into
        companies
        (is_active, address, code, created_at, created_by, description, email, name, phone, updated_at, updated_by, id) 
    values
        (?, ?, ?, ?, ?, ?, ?, ?, ?, ?, ?, default)
Hibernate: 
    insert 
    into
        companies
        (is_active, address, code, created_at, created_by, description, email, name, phone, updated_at, updated_by, id) 
    values
        (?, ?, ?, ?, ?, ?, ?, ?, ?, ?, ?, default)
2025-07-08T20:07:46.318+02:00 DEBUG 2708 --- [bika] [           main] org.hibernate.SQL                        : 
    insert 
    into
        departments
        (is_active, code, company_id, created_at, created_by, name, parent_id, updated_at, updated_by, id) 
    values
        (?, ?, ?, ?, ?, ?, ?, ?, ?, default)
Hibernate: 
    insert 
    into
        departments
        (is_active, code, company_id, created_at, created_by, name, parent_id, updated_at, updated_by, id) 
    values
        (?, ?, ?, ?, ?, ?, ?, ?, ?, default)
2025-07-08T20:07:46.456+02:00 DEBUG 2708 --- [bika] [           main] org.hibernate.SQL                        : 
    insert 
    into
        users
        (is_active, company_id, created_at, created_by, department_id, email, first_name, last_login, last_name, password, role, updated_at, updated_by, username, id) 
    values
        (?, ?, ?, ?, ?, ?, ?, ?, ?, ?, ?, ?, ?, ?, default)
Hibernate: 
    insert 
    into
        users
        (is_active, company_id, created_at, created_by, department_id, email, first_name, last_login, last_name, password, role, updated_at, updated_by, username, id) 
    values
        (?, ?, ?, ?, ?, ?, ?, ?, ?, ?, ?, ?, ?, ?, default)
2025-07-08T20:07:46.571+02:00 DEBUG 2708 --- [bika] [           main] org.hibernate.SQL                        : 
    insert 
    into
        users
        (is_active, company_id, created_at, created_by, department_id, email, first_name, last_login, last_name, password, role, updated_at, updated_by, username, id) 
    values
        (?, ?, ?, ?, ?, ?, ?, ?, ?, ?, ?, ?, ?, ?, default)
Hibernate: 
    insert 
    into
        users
        (is_active, company_id, created_at, created_by, department_id, email, first_name, last_login, last_name, password, role, updated_at, updated_by, username, id) 
    values
        (?, ?, ?, ?, ?, ?, ?, ?, ?, ?, ?, ?, ?, ?, default)
2025-07-08T20:07:46.578+02:00 DEBUG 2708 --- [bika] [           main] org.hibernate.SQL                        : 
    select
        t1_0.id,
        t1_0.assigned_to,
        t1_0.company_id,
        t1_0.completed_date,
        t1_0.created_at,
        t1_0.created_by,
        t1_0.creator_id,
        t1_0.department_id,
        t1_0.description,
        t1_0.due_date,
        t1_0.is_active,
        t1_0.priority,
        t1_0.project_id,
        t1_0.start_date,
        t1_0.status,
        t1_0.title,
        t1_0.updated_at,
        t1_0.updated_by 
    from
        tasks t1_0
Hibernate: 
    select
        t1_0.id,
        t1_0.assigned_to,
        t1_0.company_id,
        t1_0.completed_date,
        t1_0.created_at,
        t1_0.created_by,
        t1_0.creator_id,
        t1_0.department_id,
        t1_0.description,
        t1_0.due_date,
        t1_0.is_active,
        t1_0.priority,
        t1_0.project_id,
        t1_0.start_date,
        t1_0.status,
        t1_0.title,
        t1_0.updated_at,
        t1_0.updated_by 
    from
        tasks t1_0
2025-07-08T20:07:46.585+02:00 DEBUG 2708 --- [bika] [           main] org.hibernate.SQL                        : 
    select
        u1_0.id,
        u1_0.is_active,
        u1_0.company_id,
        u1_0.created_at,
        u1_0.created_by,
        u1_0.department_id,
        u1_0.email,
        u1_0.first_name,
        u1_0.last_login,
        u1_0.last_name,
        u1_0.password,
        u1_0.role,
        u1_0.updated_at,
        u1_0.updated_by,
        u1_0.username 
    from
        users u1_0
Hibernate: 
    select
        u1_0.id,
        u1_0.is_active,
        u1_0.company_id,
        u1_0.created_at,
        u1_0.created_by,
        u1_0.department_id,
        u1_0.email,
        u1_0.first_name,
        u1_0.last_login,
        u1_0.last_name,
        u1_0.password,
        u1_0.role,
        u1_0.updated_at,
        u1_0.updated_by,
        u1_0.username 
    from
        users u1_0
2025-07-08T20:07:46.588+02:00 DEBUG 2708 --- [bika] [           main] org.hibernate.SQL                        : 
    delete 
    from
        users 
    where
        id=?
Hibernate: 
    delete 
    from
        users 
    where
        id=?
2025-07-08T20:07:46.588+02:00 DEBUG 2708 --- [bika] [           main] org.hibernate.SQL                        : 
    delete 
    from
        users 
    where
        id=?
Hibernate: 
    delete 
    from
        users 
    where
        id=?
2025-07-08T20:07:46.590+02:00 DEBUG 2708 --- [bika] [           main] org.hibernate.SQL                        : 
    select
        d1_0.id,
        d1_0.is_active,
        d1_0.code,
        d1_0.company_id,
        d1_0.created_at,
        d1_0.created_by,
        d1_0.name,
        d1_0.parent_id,
        d1_0.updated_at,
        d1_0.updated_by 
    from
        departments d1_0
Hibernate: 
    select
        d1_0.id,
        d1_0.is_active,
        d1_0.code,
        d1_0.company_id,
        d1_0.created_at,
        d1_0.created_by,
        d1_0.name,
        d1_0.parent_id,
        d1_0.updated_at,
        d1_0.updated_by 
    from
        departments d1_0
2025-07-08T20:07:46.591+02:00 DEBUG 2708 --- [bika] [           main] org.hibernate.SQL                        : 
    delete 
    from
        departments 
    where
        id=?
Hibernate: 
    delete 
    from
        departments 
    where
        id=?
2025-07-08T20:07:46.592+02:00 DEBUG 2708 --- [bika] [           main] org.hibernate.SQL                        : 
    select
        c1_0.id,
        c1_0.is_active,
        c1_0.address,
        c1_0.code,
        c1_0.created_at,
        c1_0.created_by,
        c1_0.description,
        c1_0.email,
        c1_0.name,
        c1_0.phone,
        c1_0.updated_at,
        c1_0.updated_by 
    from
        companies c1_0
Hibernate: 
    select
        c1_0.id,
        c1_0.is_active,
        c1_0.address,
        c1_0.code,
        c1_0.created_at,
        c1_0.created_by,
        c1_0.description,
        c1_0.email,
        c1_0.name,
        c1_0.phone,
        c1_0.updated_at,
        c1_0.updated_by 
    from
        companies c1_0
2025-07-08T20:07:46.594+02:00 DEBUG 2708 --- [bika] [           main] org.hibernate.SQL                        : 
    select
        d1_0.company_id,
        d1_0.id,
        d1_0.is_active,
        d1_0.code,
        d1_0.created_at,
        d1_0.created_by,
        d1_0.name,
        d1_0.parent_id,
        d1_0.updated_at,
        d1_0.updated_by 
    from
        departments d1_0 
    where
        d1_0.company_id=?
Hibernate: 
    select
        d1_0.company_id,
        d1_0.id,
        d1_0.is_active,
        d1_0.code,
        d1_0.created_at,
        d1_0.created_by,
        d1_0.name,
        d1_0.parent_id,
        d1_0.updated_at,
        d1_0.updated_by 
    from
        departments d1_0 
    where
        d1_0.company_id=?
2025-07-08T20:07:46.594+02:00 DEBUG 2708 --- [bika] [           main] org.hibernate.SQL                        : 
    delete 
    from
        companies 
    where
        id=?
Hibernate: 
    delete 
    from
        companies 
    where
        id=?
]]></system-out>
  </testcase>
  <testcase name="getUserById_ShouldFail_WhenUserNotFound" classname="com.bika.user.controller.UserControllerIntegrationTest" time="0.33">
    <system-out><![CDATA[2025-07-08T20:07:46.601+02:00  INFO 2708 --- [bika] [           main] o.s.b.t.m.w.SpringBootMockServletContext : Initializing Spring TestDispatcherServlet ''
2025-07-08T20:07:46.601+02:00  INFO 2708 --- [bika] [           main] o.s.t.web.servlet.TestDispatcherServlet  : Initializing Servlet ''
2025-07-08T20:07:46.603+02:00  INFO 2708 --- [bika] [           main] o.s.t.web.servlet.TestDispatcherServlet  : Completed initialization in 2 ms
2025-07-08T20:07:46.613+02:00 DEBUG 2708 --- [bika] [           main] org.hibernate.SQL                        : 
    insert 
    into
        companies
        (is_active, address, code, created_at, created_by, description, email, name, phone, updated_at, updated_by, id) 
    values
        (?, ?, ?, ?, ?, ?, ?, ?, ?, ?, ?, default)
Hibernate: 
    insert 
    into
        companies
        (is_active, address, code, created_at, created_by, description, email, name, phone, updated_at, updated_by, id) 
    values
        (?, ?, ?, ?, ?, ?, ?, ?, ?, ?, ?, default)
2025-07-08T20:07:46.615+02:00 DEBUG 2708 --- [bika] [           main] org.hibernate.SQL                        : 
    insert 
    into
        departments
        (is_active, code, company_id, created_at, created_by, name, parent_id, updated_at, updated_by, id) 
    values
        (?, ?, ?, ?, ?, ?, ?, ?, ?, default)
Hibernate: 
    insert 
    into
        departments
        (is_active, code, company_id, created_at, created_by, name, parent_id, updated_at, updated_by, id) 
    values
        (?, ?, ?, ?, ?, ?, ?, ?, ?, default)
2025-07-08T20:07:46.776+02:00 DEBUG 2708 --- [bika] [           main] org.hibernate.SQL                        : 
    insert 
    into
        users
        (is_active, company_id, created_at, created_by, department_id, email, first_name, last_login, last_name, password, role, updated_at, updated_by, username, id) 
    values
        (?, ?, ?, ?, ?, ?, ?, ?, ?, ?, ?, ?, ?, ?, default)
Hibernate: 
    insert 
    into
        users
        (is_active, company_id, created_at, created_by, department_id, email, first_name, last_login, last_name, password, role, updated_at, updated_by, username, id) 
    values
        (?, ?, ?, ?, ?, ?, ?, ?, ?, ?, ?, ?, ?, ?, default)
2025-07-08T20:07:46.888+02:00 DEBUG 2708 --- [bika] [           main] org.hibernate.SQL                        : 
    insert 
    into
        users
        (is_active, company_id, created_at, created_by, department_id, email, first_name, last_login, last_name, password, role, updated_at, updated_by, username, id) 
    values
        (?, ?, ?, ?, ?, ?, ?, ?, ?, ?, ?, ?, ?, ?, default)
Hibernate: 
    insert 
    into
        users
        (is_active, company_id, created_at, created_by, department_id, email, first_name, last_login, last_name, password, role, updated_at, updated_by, username, id) 
    values
        (?, ?, ?, ?, ?, ?, ?, ?, ?, ?, ?, ?, ?, ?, default)
2025-07-08T20:07:46.892+02:00 DEBUG 2708 --- [bika] [           main] org.hibernate.SQL                        : 
    select
        u1_0.id,
        u1_0.is_active,
        u1_0.company_id,
        u1_0.created_at,
        u1_0.created_by,
        u1_0.department_id,
        u1_0.email,
        u1_0.first_name,
        u1_0.last_login,
        u1_0.last_name,
        u1_0.password,
        u1_0.role,
        u1_0.updated_at,
        u1_0.updated_by,
        u1_0.username 
    from
        users u1_0 
    where
        u1_0.id=?
Hibernate: 
    select
        u1_0.id,
        u1_0.is_active,
        u1_0.company_id,
        u1_0.created_at,
        u1_0.created_by,
        u1_0.department_id,
        u1_0.email,
        u1_0.first_name,
        u1_0.last_login,
        u1_0.last_name,
        u1_0.password,
        u1_0.role,
        u1_0.updated_at,
        u1_0.updated_by,
        u1_0.username 
    from
        users u1_0 
    where
        u1_0.id=?
2025-07-08T20:07:46.894+02:00 DEBUG 2708 --- [bika] [           main] org.hibernate.SQL                        : 
    select
        t1_0.id,
        t1_0.assigned_to,
        t1_0.company_id,
        t1_0.completed_date,
        t1_0.created_at,
        t1_0.created_by,
        t1_0.creator_id,
        t1_0.department_id,
        t1_0.description,
        t1_0.due_date,
        t1_0.is_active,
        t1_0.priority,
        t1_0.project_id,
        t1_0.start_date,
        t1_0.status,
        t1_0.title,
        t1_0.updated_at,
        t1_0.updated_by 
    from
        tasks t1_0
Hibernate: 
    select
        t1_0.id,
        t1_0.assigned_to,
        t1_0.company_id,
        t1_0.completed_date,
        t1_0.created_at,
        t1_0.created_by,
        t1_0.creator_id,
        t1_0.department_id,
        t1_0.description,
        t1_0.due_date,
        t1_0.is_active,
        t1_0.priority,
        t1_0.project_id,
        t1_0.start_date,
        t1_0.status,
        t1_0.title,
        t1_0.updated_at,
        t1_0.updated_by 
    from
        tasks t1_0
2025-07-08T20:07:46.896+02:00 DEBUG 2708 --- [bika] [           main] org.hibernate.SQL                        : 
    select
        u1_0.id,
        u1_0.is_active,
        u1_0.company_id,
        u1_0.created_at,
        u1_0.created_by,
        u1_0.department_id,
        u1_0.email,
        u1_0.first_name,
        u1_0.last_login,
        u1_0.last_name,
        u1_0.password,
        u1_0.role,
        u1_0.updated_at,
        u1_0.updated_by,
        u1_0.username 
    from
        users u1_0
Hibernate: 
    select
        u1_0.id,
        u1_0.is_active,
        u1_0.company_id,
        u1_0.created_at,
        u1_0.created_by,
        u1_0.department_id,
        u1_0.email,
        u1_0.first_name,
        u1_0.last_login,
        u1_0.last_name,
        u1_0.password,
        u1_0.role,
        u1_0.updated_at,
        u1_0.updated_by,
        u1_0.username 
    from
        users u1_0
2025-07-08T20:07:46.897+02:00 DEBUG 2708 --- [bika] [           main] org.hibernate.SQL                        : 
    delete 
    from
        users 
    where
        id=?
Hibernate: 
    delete 
    from
        users 
    where
        id=?
2025-07-08T20:07:46.897+02:00 DEBUG 2708 --- [bika] [           main] org.hibernate.SQL                        : 
    delete 
    from
        users 
    where
        id=?
Hibernate: 
    delete 
    from
        users 
    where
        id=?
2025-07-08T20:07:46.902+02:00 DEBUG 2708 --- [bika] [           main] org.hibernate.SQL                        : 
    select
        d1_0.id,
        d1_0.is_active,
        d1_0.code,
        d1_0.company_id,
        d1_0.created_at,
        d1_0.created_by,
        d1_0.name,
        d1_0.parent_id,
        d1_0.updated_at,
        d1_0.updated_by 
    from
        departments d1_0
Hibernate: 
    select
        d1_0.id,
        d1_0.is_active,
        d1_0.code,
        d1_0.company_id,
        d1_0.created_at,
        d1_0.created_by,
        d1_0.name,
        d1_0.parent_id,
        d1_0.updated_at,
        d1_0.updated_by 
    from
        departments d1_0
2025-07-08T20:07:46.904+02:00 DEBUG 2708 --- [bika] [           main] org.hibernate.SQL                        : 
    delete 
    from
        departments 
    where
        id=?
Hibernate: 
    delete 
    from
        departments 
    where
        id=?
2025-07-08T20:07:46.906+02:00 DEBUG 2708 --- [bika] [           main] org.hibernate.SQL                        : 
    select
        c1_0.id,
        c1_0.is_active,
        c1_0.address,
        c1_0.code,
        c1_0.created_at,
        c1_0.created_by,
        c1_0.description,
        c1_0.email,
        c1_0.name,
        c1_0.phone,
        c1_0.updated_at,
        c1_0.updated_by 
    from
        companies c1_0
Hibernate: 
    select
        c1_0.id,
        c1_0.is_active,
        c1_0.address,
        c1_0.code,
        c1_0.created_at,
        c1_0.created_by,
        c1_0.description,
        c1_0.email,
        c1_0.name,
        c1_0.phone,
        c1_0.updated_at,
        c1_0.updated_by 
    from
        companies c1_0
2025-07-08T20:07:46.918+02:00 DEBUG 2708 --- [bika] [           main] org.hibernate.SQL                        : 
    select
        d1_0.company_id,
        d1_0.id,
        d1_0.is_active,
        d1_0.code,
        d1_0.created_at,
        d1_0.created_by,
        d1_0.name,
        d1_0.parent_id,
        d1_0.updated_at,
        d1_0.updated_by 
    from
        departments d1_0 
    where
        d1_0.company_id=?
Hibernate: 
    select
        d1_0.company_id,
        d1_0.id,
        d1_0.is_active,
        d1_0.code,
        d1_0.created_at,
        d1_0.created_by,
        d1_0.name,
        d1_0.parent_id,
        d1_0.updated_at,
        d1_0.updated_by 
    from
        departments d1_0 
    where
        d1_0.company_id=?
2025-07-08T20:07:46.922+02:00 DEBUG 2708 --- [bika] [           main] org.hibernate.SQL                        : 
    delete 
    from
        companies 
    where
        id=?
Hibernate: 
    delete 
    from
        companies 
    where
        id=?
]]></system-out>
  </testcase>
  <testcase name="getAllUsers_ShouldFail_WhenUser" classname="com.bika.user.controller.UserControllerIntegrationTest" time="0.332">
    <system-out><![CDATA[2025-07-08T20:07:46.948+02:00  INFO 2708 --- [bika] [           main] o.s.b.t.m.w.SpringBootMockServletContext : Initializing Spring TestDispatcherServlet ''
2025-07-08T20:07:46.948+02:00  INFO 2708 --- [bika] [           main] o.s.t.web.servlet.TestDispatcherServlet  : Initializing Servlet ''
2025-07-08T20:07:46.950+02:00  INFO 2708 --- [bika] [           main] o.s.t.web.servlet.TestDispatcherServlet  : Completed initialization in 2 ms
2025-07-08T20:07:46.952+02:00 DEBUG 2708 --- [bika] [           main] org.hibernate.SQL                        : 
    insert 
    into
        companies
        (is_active, address, code, created_at, created_by, description, email, name, phone, updated_at, updated_by, id) 
    values
        (?, ?, ?, ?, ?, ?, ?, ?, ?, ?, ?, default)
Hibernate: 
    insert 
    into
        companies
        (is_active, address, code, created_at, created_by, description, email, name, phone, updated_at, updated_by, id) 
    values
        (?, ?, ?, ?, ?, ?, ?, ?, ?, ?, ?, default)
2025-07-08T20:07:46.970+02:00 DEBUG 2708 --- [bika] [           main] org.hibernate.SQL                        : 
    insert 
    into
        departments
        (is_active, code, company_id, created_at, created_by, name, parent_id, updated_at, updated_by, id) 
    values
        (?, ?, ?, ?, ?, ?, ?, ?, ?, default)
Hibernate: 
    insert 
    into
        departments
        (is_active, code, company_id, created_at, created_by, name, parent_id, updated_at, updated_by, id) 
    values
        (?, ?, ?, ?, ?, ?, ?, ?, ?, default)
2025-07-08T20:07:47.131+02:00 DEBUG 2708 --- [bika] [           main] org.hibernate.SQL                        : 
    insert 
    into
        users
        (is_active, company_id, created_at, created_by, department_id, email, first_name, last_login, last_name, password, role, updated_at, updated_by, username, id) 
    values
        (?, ?, ?, ?, ?, ?, ?, ?, ?, ?, ?, ?, ?, ?, default)
Hibernate: 
    insert 
    into
        users
        (is_active, company_id, created_at, created_by, department_id, email, first_name, last_login, last_name, password, role, updated_at, updated_by, username, id) 
    values
        (?, ?, ?, ?, ?, ?, ?, ?, ?, ?, ?, ?, ?, ?, default)
2025-07-08T20:07:47.244+02:00 DEBUG 2708 --- [bika] [           main] org.hibernate.SQL                        : 
    insert 
    into
        users
        (is_active, company_id, created_at, created_by, department_id, email, first_name, last_login, last_name, password, role, updated_at, updated_by, username, id) 
    values
        (?, ?, ?, ?, ?, ?, ?, ?, ?, ?, ?, ?, ?, ?, default)
Hibernate: 
    insert 
    into
        users
        (is_active, company_id, created_at, created_by, department_id, email, first_name, last_login, last_name, password, role, updated_at, updated_by, username, id) 
    values
        (?, ?, ?, ?, ?, ?, ?, ?, ?, ?, ?, ?, ?, ?, default)
2025-07-08T20:07:47.250+02:00 DEBUG 2708 --- [bika] [           main] org.hibernate.SQL                        : 
    select
        t1_0.id,
        t1_0.assigned_to,
        t1_0.company_id,
        t1_0.completed_date,
        t1_0.created_at,
        t1_0.created_by,
        t1_0.creator_id,
        t1_0.department_id,
        t1_0.description,
        t1_0.due_date,
        t1_0.is_active,
        t1_0.priority,
        t1_0.project_id,
        t1_0.start_date,
        t1_0.status,
        t1_0.title,
        t1_0.updated_at,
        t1_0.updated_by 
    from
        tasks t1_0
Hibernate: 
    select
        t1_0.id,
        t1_0.assigned_to,
        t1_0.company_id,
        t1_0.completed_date,
        t1_0.created_at,
        t1_0.created_by,
        t1_0.creator_id,
        t1_0.department_id,
        t1_0.description,
        t1_0.due_date,
        t1_0.is_active,
        t1_0.priority,
[...]
        u1_0.created_at,
        u1_0.created_by,
        u1_0.department_id,
        u1_0.email,
        u1_0.first_name,
        u1_0.last_login,
        u1_0.last_name,
        u1_0.password,
        u1_0.role,
        u1_0.updated_at,
        u1_0.updated_by,
        u1_0.username 
    from
        users u1_0
2025-07-08T20:07:50.432+02:00 DEBUG 2708 --- [bika] [           main] org.hibernate.SQL                        : 
    delete 
    from
        users 
    where
        id=?
Hibernate: 
    delete 
    from
        users 
    where
        id=?
2025-07-08T20:07:50.433+02:00 DEBUG 2708 --- [bika] [           main] org.hibernate.SQL                        : 
    delete 
    from
        users 
    where
        id=?
Hibernate: 
    delete 
    from
        users 
    where
        id=?
2025-07-08T20:07:50.434+02:00 DEBUG 2708 --- [bika] [           main] org.hibernate.SQL                        : 
    select
        d1_0.id,
        d1_0.is_active,
        d1_0.code,
        d1_0.company_id,
        d1_0.created_at,
        d1_0.created_by,
        d1_0.name,
        d1_0.parent_id,
        d1_0.updated_at,
        d1_0.updated_by 
    from
        departments d1_0
Hibernate: 
    select
        d1_0.id,
        d1_0.is_active,
        d1_0.code,
        d1_0.company_id,
        d1_0.created_at,
        d1_0.created_by,
        d1_0.name,
        d1_0.parent_id,
        d1_0.updated_at,
        d1_0.updated_by 
    from
        departments d1_0
2025-07-08T20:07:50.435+02:00 DEBUG 2708 --- [bika] [           main] org.hibernate.SQL                        : 
    delete 
    from
        departments 
    where
        id=?
Hibernate: 
    delete 
    from
        departments 
    where
        id=?
2025-07-08T20:07:50.436+02:00 DEBUG 2708 --- [bika] [           main] org.hibernate.SQL                        : 
    select
        c1_0.id,
        c1_0.is_active,
        c1_0.address,
        c1_0.code,
        c1_0.created_at,
        c1_0.created_by,
        c1_0.description,
        c1_0.email,
        c1_0.name,
        c1_0.phone,
        c1_0.updated_at,
        c1_0.updated_by 
    from
        companies c1_0
Hibernate: 
    select
        c1_0.id,
        c1_0.is_active,
        c1_0.address,
        c1_0.code,
        c1_0.created_at,
        c1_0.created_by,
        c1_0.description,
        c1_0.email,
        c1_0.name,
        c1_0.phone,
        c1_0.updated_at,
        c1_0.updated_by 
    from
        companies c1_0
2025-07-08T20:07:50.436+02:00 DEBUG 2708 --- [bika] [           main] org.hibernate.SQL                        : 
    select
        d1_0.company_id,
        d1_0.id,
        d1_0.is_active,
        d1_0.code,
        d1_0.created_at,
        d1_0.created_by,
        d1_0.name,
        d1_0.parent_id,
        d1_0.updated_at,
        d1_0.updated_by 
    from
        departments d1_0 
    where
        d1_0.company_id=?
Hibernate: 
    select
        d1_0.company_id,
        d1_0.id,
        d1_0.is_active,
        d1_0.code,
        d1_0.created_at,
        d1_0.created_by,
        d1_0.name,
        d1_0.parent_id,
        d1_0.updated_at,
        d1_0.updated_by 
    from
        departments d1_0 
    where
        d1_0.company_id=?
2025-07-08T20:07:50.437+02:00 DEBUG 2708 --- [bika] [           main] org.hibernate.SQL                        : 
    delete 
    from
        companies 
    where
        id=?
Hibernate: 
    delete 
    from
        companies 
    where
        id=?
]]></system-out>
  </testcase>
  <testcase name="deleteUser_ShouldFail_WhenManager" classname="com.bika.user.controller.UserControllerIntegrationTest" time="0.305">
    <system-out><![CDATA[2025-07-08T20:07:50.444+02:00  INFO 2708 --- [bika] [           main] o.s.b.t.m.w.SpringBootMockServletContext : Initializing Spring TestDispatcherServlet ''
2025-07-08T20:07:50.444+02:00  INFO 2708 --- [bika] [           main] o.s.t.web.servlet.TestDispatcherServlet  : Initializing Servlet ''
2025-07-08T20:07:50.446+02:00  INFO 2708 --- [bika] [           main] o.s.t.web.servlet.TestDispatcherServlet  : Completed initialization in 2 ms
2025-07-08T20:07:50.447+02:00 DEBUG 2708 --- [bika] [           main] org.hibernate.SQL                        : 
    insert 
    into
        companies
        (is_active, address, code, created_at, created_by, description, email, name, phone, updated_at, updated_by, id) 
    values
        (?, ?, ?, ?, ?, ?, ?, ?, ?, ?, ?, default)
Hibernate: 
    insert 
    into
        companies
        (is_active, address, code, created_at, created_by, description, email, name, phone, updated_at, updated_by, id) 
    values
        (?, ?, ?, ?, ?, ?, ?, ?, ?, ?, ?, default)
2025-07-08T20:07:50.451+02:00 DEBUG 2708 --- [bika] [           main] org.hibernate.SQL                        : 
    insert 
    into
        departments
        (is_active, code, company_id, created_at, created_by, name, parent_id, updated_at, updated_by, id) 
    values
        (?, ?, ?, ?, ?, ?, ?, ?, ?, default)
Hibernate: 
    insert 
    into
        departments
        (is_active, code, company_id, created_at, created_by, name, parent_id, updated_at, updated_by, id) 
    values
        (?, ?, ?, ?, ?, ?, ?, ?, ?, default)
2025-07-08T20:07:50.596+02:00 DEBUG 2708 --- [bika] [           main] org.hibernate.SQL                        : 
    insert 
    into
        users
        (is_active, company_id, created_at, created_by, department_id, email, first_name, last_login, last_name, password, role, updated_at, updated_by, username, id) 
    values
        (?, ?, ?, ?, ?, ?, ?, ?, ?, ?, ?, ?, ?, ?, default)
Hibernate: 
    insert 
    into
        users
        (is_active, company_id, created_at, created_by, department_id, email, first_name, last_login, last_name, password, role, updated_at, updated_by, username, id) 
    values
        (?, ?, ?, ?, ?, ?, ?, ?, ?, ?, ?, ?, ?, ?, default)
2025-07-08T20:07:50.727+02:00 DEBUG 2708 --- [bika] [           main] org.hibernate.SQL                        : 
    insert 
    into
        users
        (is_active, company_id, created_at, created_by, department_id, email, first_name, last_login, last_name, password, role, updated_at, updated_by, username, id) 
    values
        (?, ?, ?, ?, ?, ?, ?, ?, ?, ?, ?, ?, ?, ?, default)
Hibernate: 
    insert 
    into
        users
        (is_active, company_id, created_at, created_by, department_id, email, first_name, last_login, last_name, password, role, updated_at, updated_by, username, id) 
    values
        (?, ?, ?, ?, ?, ?, ?, ?, ?, ?, ?, ?, ?, ?, default)
2025-07-08T20:07:50.732+02:00 DEBUG 2708 --- [bika] [           main] org.hibernate.SQL                        : 
    select
        t1_0.id,
        t1_0.assigned_to,
        t1_0.company_id,
        t1_0.completed_date,
        t1_0.created_at,
        t1_0.created_by,
        t1_0.creator_id,
        t1_0.department_id,
        t1_0.description,
        t1_0.due_date,
        t1_0.is_active,
        t1_0.priority,
        t1_0.project_id,
        t1_0.start_date,
        t1_0.status,
        t1_0.title,
        t1_0.updated_at,
        t1_0.updated_by 
    from
        tasks t1_0
Hibernate: 
    select
        t1_0.id,
        t1_0.assigned_to,
        t1_0.company_id,
        t1_0.completed_date,
        t1_0.created_at,
        t1_0.created_by,
        t1_0.creator_id,
        t1_0.department_id,
        t1_0.description,
        t1_0.due_date,
        t1_0.is_active,
        t1_0.priority,
        t1_0.project_id,
        t1_0.start_date,
        t1_0.status,
        t1_0.title,
        t1_0.updated_at,
        t1_0.updated_by 
    from
        tasks t1_0
2025-07-08T20:07:50.733+02:00 DEBUG 2708 --- [bika] [           main] org.hibernate.SQL                        : 
    select
        u1_0.id,
        u1_0.is_active,
        u1_0.company_id,
        u1_0.created_at,
        u1_0.created_by,
        u1_0.department_id,
        u1_0.email,
        u1_0.first_name,
        u1_0.last_login,
        u1_0.last_name,
        u1_0.password,
        u1_0.role,
        u1_0.updated_at,
        u1_0.updated_by,
        u1_0.username 
    from
        users u1_0
Hibernate: 
    select
        u1_0.id,
        u1_0.is_active,
        u1_0.company_id,
        u1_0.created_at,
        u1_0.created_by,
        u1_0.department_id,
        u1_0.email,
        u1_0.first_name,
        u1_0.last_login,
        u1_0.last_name,
        u1_0.password,
        u1_0.role,
        u1_0.updated_at,
        u1_0.updated_by,
        u1_0.username 
    from
        users u1_0
2025-07-08T20:07:50.734+02:00 DEBUG 2708 --- [bika] [           main] org.hibernate.SQL                        : 
    delete 
    from
        users 
    where
        id=?
Hibernate: 
    delete 
    from
        users 
    where
        id=?
2025-07-08T20:07:50.735+02:00 DEBUG 2708 --- [bika] [           main] org.hibernate.SQL                        : 
    delete 
    from
        users 
    where
        id=?
Hibernate: 
    delete 
    from
        users 
    where
        id=?
2025-07-08T20:07:50.736+02:00 DEBUG 2708 --- [bika] [           main] org.hibernate.SQL                        : 
    select
        d1_0.id,
        d1_0.is_active,
        d1_0.code,
        d1_0.company_id,
        d1_0.created_at,
        d1_0.created_by,
        d1_0.name,
        d1_0.parent_id,
        d1_0.updated_at,
        d1_0.updated_by 
    from
        departments d1_0
Hibernate: 
    select
        d1_0.id,
        d1_0.is_active,
        d1_0.code,
        d1_0.company_id,
        d1_0.created_at,
        d1_0.created_by,
        d1_0.name,
        d1_0.parent_id,
        d1_0.updated_at,
        d1_0.updated_by 
    from
        departments d1_0
2025-07-08T20:07:50.737+02:00 DEBUG 2708 --- [bika] [           main] org.hibernate.SQL                        : 
    delete 
    from
        departments 
    where
        id=?
Hibernate: 
    delete 
    from
        departments 
    where
        id=?
2025-07-08T20:07:50.738+02:00 DEBUG 2708 --- [bika] [           main] org.hibernate.SQL                        : 
    select
        c1_0.id,
        c1_0.is_active,
        c1_0.address,
        c1_0.code,
        c1_0.created_at,
        c1_0.created_by,
        c1_0.description,
        c1_0.email,
        c1_0.name,
        c1_0.phone,
        c1_0.updated_at,
        c1_0.updated_by 
    from
        companies c1_0
Hibernate: 
    select
        c1_0.id,
        c1_0.is_active,
        c1_0.address,
        c1_0.code,
        c1_0.created_at,
        c1_0.created_by,
        c1_0.description,
        c1_0.email,
        c1_0.name,
        c1_0.phone,
        c1_0.updated_at,
        c1_0.updated_by 
    from
        companies c1_0
2025-07-08T20:07:50.742+02:00 DEBUG 2708 --- [bika] [           main] org.hibernate.SQL                        : 
    select
        d1_0.company_id,
        d1_0.id,
        d1_0.is_active,
        d1_0.code,
        d1_0.created_at,
        d1_0.created_by,
        d1_0.name,
        d1_0.parent_id,
        d1_0.updated_at,
        d1_0.updated_by 
    from
        departments d1_0 
    where
        d1_0.company_id=?
Hibernate: 
    select
        d1_0.company_id,
        d1_0.id,
        d1_0.is_active,
        d1_0.code,
        d1_0.created_at,
        d1_0.created_by,
        d1_0.name,
        d1_0.parent_id,
        d1_0.updated_at,
        d1_0.updated_by 
    from
        departments d1_0 
    where
        d1_0.company_id=?
2025-07-08T20:07:50.743+02:00 DEBUG 2708 --- [bika] [           main] org.hibernate.SQL                        : 
    delete 
    from
        companies 
    where
        id=?
Hibernate: 
    delete 
    from
        companies 
    where
        id=?
]]></system-out>
  </testcase>
  <testcase name="getUserById_ShouldSucceed_WhenOwnProfile" classname="com.bika.user.controller.UserControllerIntegrationTest" time="0.309">
    <system-out><![CDATA[2025-07-08T20:07:50.753+02:00  INFO 2708 --- [bika] [           main] o.s.b.t.m.w.SpringBootMockServletContext : Initializing Spring TestDispatcherServlet ''
2025-07-08T20:07:50.753+02:00  INFO 2708 --- [bika] [           main] o.s.t.web.servlet.TestDispatcherServlet  : Initializing Servlet ''
2025-07-08T20:07:50.756+02:00  INFO 2708 --- [bika] [           main] o.s.t.web.servlet.TestDispatcherServlet  : Completed initialization in 2 ms
2025-07-08T20:07:50.757+02:00 DEBUG 2708 --- [bika] [           main] org.hibernate.SQL                        : 
    insert 
    into
        companies
        (is_active, address, code, created_at, created_by, description, email, name, phone, updated_at, updated_by, id) 
    values
        (?, ?, ?, ?, ?, ?, ?, ?, ?, ?, ?, default)
Hibernate: 
    insert 
    into
        companies
        (is_active, address, code, created_at, created_by, description, email, name, phone, updated_at, updated_by, id) 
    values
        (?, ?, ?, ?, ?, ?, ?, ?, ?, ?, ?, default)
2025-07-08T20:07:50.771+02:00 DEBUG 2708 --- [bika] [           main] org.hibernate.SQL                        : 
    insert 
    into
        departments
        (is_active, code, company_id, created_at, created_by, name, parent_id, updated_at, updated_by, id) 
    values
        (?, ?, ?, ?, ?, ?, ?, ?, ?, default)
Hibernate: 
    insert 
    into
        departments
        (is_active, code, company_id, created_at, created_by, name, parent_id, updated_at, updated_by, id) 
    values
        (?, ?, ?, ?, ?, ?, ?, ?, ?, default)
2025-07-08T20:07:50.916+02:00 DEBUG 2708 --- [bika] [           main] org.hibernate.SQL                        : 
    insert 
    into
        users
        (is_active, company_id, created_at, created_by, department_id, email, first_name, last_login, last_name, password, role, updated_at, updated_by, username, id) 
    values
        (?, ?, ?, ?, ?, ?, ?, ?, ?, ?, ?, ?, ?, ?, default)
Hibernate: 
    insert 
    into
        users
        (is_active, company_id, created_at, created_by, department_id, email, first_name, last_login, last_name, password, role, updated_at, updated_by, username, id) 
    values
        (?, ?, ?, ?, ?, ?, ?, ?, ?, ?, ?, ?, ?, ?, default)
2025-07-08T20:07:51.042+02:00 DEBUG 2708 --- [bika] [           main] org.hibernate.SQL                        : 
    insert 
    into
        users
        (is_active, company_id, created_at, created_by, department_id, email, first_name, last_login, last_name, password, role, updated_at, updated_by, username, id) 
    values
        (?, ?, ?, ?, ?, ?, ?, ?, ?, ?, ?, ?, ?, ?, default)
Hibernate: 
    insert 
    into
        users
        (is_active, company_id, created_at, created_by, department_id, email, first_name, last_login, last_name, password, role, updated_at, updated_by, username, id) 
    values
        (?, ?, ?, ?, ?, ?, ?, ?, ?, ?, ?, ?, ?, ?, default)
2025-07-08T20:07:51.045+02:00 DEBUG 2708 --- [bika] [           main] org.hibernate.SQL                        : 
    select
        t1_0.id,
        t1_0.assigned_to,
        t1_0.company_id,
        t1_0.completed_date,
        t1_0.created_at,
        t1_0.created_by,
        t1_0.creator_id,
        t1_0.department_id,
        t1_0.description,
        t1_0.due_date,
        t1_0.is_active,
        t1_0.priority,
        t1_0.project_id,
        t1_0.start_date,
        t1_0.status,
        t1_0.title,
        t1_0.updated_at,
        t1_0.updated_by 
    from
        tasks t1_0
Hibernate: 
    select
        t1_0.id,
        t1_0.assigned_to,
        t1_0.company_id,
        t1_0.completed_date,
        t1_0.created_at,
        t1_0.created_by,
        t1_0.creator_id,
        t1_0.department_id,
        t1_0.description,
        t1_0.due_date,
        t1_0.is_active,
        t1_0.priority,
        t1_0.project_id,
        t1_0.start_date,
        t1_0.status,
        t1_0.title,
        t1_0.updated_at,
        t1_0.updated_by 
    from
        tasks t1_0
2025-07-08T20:07:51.046+02:00 DEBUG 2708 --- [bika] [           main] org.hibernate.SQL                        : 
    select
        u1_0.id,
        u1_0.is_active,
        u1_0.company_id,
        u1_0.created_at,
        u1_0.created_by,
        u1_0.department_id,
        u1_0.email,
        u1_0.first_name,
        u1_0.last_login,
        u1_0.last_name,
        u1_0.password,
        u1_0.role,
        u1_0.updated_at,
        u1_0.updated_by,
        u1_0.username 
    from
        users u1_0
Hibernate: 
    select
        u1_0.id,
        u1_0.is_active,
        u1_0.company_id,
        u1_0.created_at,
        u1_0.created_by,
        u1_0.department_id,
        u1_0.email,
        u1_0.first_name,
        u1_0.last_login,
        u1_0.last_name,
        u1_0.password,
        u1_0.role,
        u1_0.updated_at,
        u1_0.updated_by,
        u1_0.username 
    from
        users u1_0
2025-07-08T20:07:51.050+02:00 DEBUG 2708 --- [bika] [           main] org.hibernate.SQL                        : 
    delete 
    from
        users 
    where
        id=?
Hibernate: 
    delete 
    from
        users 
    where
        id=?
2025-07-08T20:07:51.051+02:00 DEBUG 2708 --- [bika] [           main] org.hibernate.SQL                        : 
    delete 
    from
        users 
    where
        id=?
Hibernate: 
    delete 
    from
        users 
    where
        id=?
2025-07-08T20:07:51.052+02:00 DEBUG 2708 --- [bika] [           main] org.hibernate.SQL                        : 
    select
        d1_0.id,
        d1_0.is_active,
        d1_0.code,
        d1_0.company_id,
        d1_0.created_at,
        d1_0.created_by,
        d1_0.name,
        d1_0.parent_id,
        d1_0.updated_at,
        d1_0.updated_by 
    from
        departments d1_0
Hibernate: 
    select
        d1_0.id,
        d1_0.is_active,
        d1_0.code,
        d1_0.company_id,
        d1_0.created_at,
        d1_0.created_by,
        d1_0.name,
        d1_0.parent_id,
        d1_0.updated_at,
        d1_0.updated_by 
    from
        departments d1_0
2025-07-08T20:07:51.054+02:00 DEBUG 2708 --- [bika] [           main] org.hibernate.SQL                        : 
    delete 
    from
        departments 
    where
        id=?
Hibernate: 
    delete 
    from
        departments 
    where
        id=?
2025-07-08T20:07:51.055+02:00 DEBUG 2708 --- [bika] [           main] org.hibernate.SQL                        : 
    select
        c1_0.id,
        c1_0.is_active,
        c1_0.address,
        c1_0.code,
        c1_0.created_at,
        c1_0.created_by,
        c1_0.description,
        c1_0.email,
        c1_0.name,
        c1_0.phone,
        c1_0.updated_at,
        c1_0.updated_by 
    from
        companies c1_0
Hibernate: 
    select
        c1_0.id,
        c1_0.is_active,
        c1_0.address,
        c1_0.code,
        c1_0.created_at,
        c1_0.created_by,
        c1_0.description,
        c1_0.email,
        c1_0.name,
        c1_0.phone,
        c1_0.updated_at,
        c1_0.updated_by 
    from
        companies c1_0
2025-07-08T20:07:51.056+02:00 DEBUG 2708 --- [bika] [           main] org.hibernate.SQL                        : 
    select
        d1_0.company_id,
        d1_0.id,
        d1_0.is_active,
        d1_0.code,
        d1_0.created_at,
        d1_0.created_by,
        d1_0.name,
        d1_0.parent_id,
        d1_0.updated_at,
        d1_0.updated_by 
    from
        departments d1_0 
    where
        d1_0.company_id=?
Hibernate: 
    select
        d1_0.company_id,
        d1_0.id,
        d1_0.is_active,
        d1_0.code,
        d1_0.created_at,
        d1_0.created_by,
        d1_0.name,
        d1_0.parent_id,
        d1_0.updated_at,
        d1_0.updated_by 
    from
        departments d1_0 
    where
        d1_0.company_id=?
2025-07-08T20:07:51.057+02:00 DEBUG 2708 --- [bika] [           main] org.hibernate.SQL                        : 
    delete 
    from
        companies 
    where
        id=?
Hibernate: 
    delete 
    from
        companies 
    where
        id=?
]]></system-out>
  </testcase>
</testsuite>