<?xml version="1.0" encoding="UTF-8"?>
<testsuite xmlns:xsi="http://www.w3.org/2001/XMLSchema-instance" xsi:noNamespaceSchemaLocation="https://maven.apache.org/surefire/maven-surefire-plugin/xsd/surefire-test-report-3.0.xsd" version="3.0" name="com.bika.task.controller.TaskControllerIntegrationTest" time="7.311" tests="22" errors="0" skipped="0" failures="0">
  <properties>
[...]
</properties>
  <testcase name="getAllTasks_ShouldSucceed_WhenAdmin" classname="com.bika.task.controller.TaskControllerIntegrationTest" time="0.357">
    <system-out><![CDATA[2025-07-08T20:07:36.238+02:00  INFO 2708 --- [bika] [           main] t.c.s.AnnotationConfigContextLoaderUtils : Could not detect default configuration classes for test class [com.bika.task.controller.TaskControllerIntegrationTest]: TaskControllerIntegrationTest does not declare any static, non-private, non-final, nested classes annotated with @Configuration.
2025-07-08T20:07:36.282+02:00  INFO 2708 --- [bika] [           main] .b.t.c.SpringBootTestContextBootstrapper : Found @SpringBootConfiguration com.bika.BikaApplication for test class com.bika.task.controller.TaskControllerIntegrationTest
2025-07-08T20:07:36.302+02:00  INFO 2708 --- [bika] [           main] o.s.b.t.m.w.SpringBootMockServletContext : Initializing Spring TestDispatcherServlet ''
2025-07-08T20:07:36.302+02:00  INFO 2708 --- [bika] [           main] o.s.t.web.servlet.TestDispatcherServlet  : Initializing Servlet ''
2025-07-08T20:07:36.303+02:00  INFO 2708 --- [bika] [           main] o.s.t.web.servlet.TestDispatcherServlet  : Completed initialization in 1 ms
2025-07-08T20:07:36.305+02:00 DEBUG 2708 --- [bika] [           main] org.hibernate.SQL                        : 
    insert 
    into
        companies
        (is_active, address, code, created_at, created_by, description, email, name, phone, updated_at, updated_by, id) 
    values
        (?, ?, ?, ?, ?, ?, ?, ?, ?, ?, ?, default)
Hibernate: 
    insert 
    into
        companies
        (is_active, address, code, created_at, created_by, description, email, name, phone, updated_at, updated_by, id) 
    values
        (?, ?, ?, ?, ?, ?, ?, ?, ?, ?, ?, default)
2025-07-08T20:07:36.308+02:00 DEBUG 2708 --- [bika] [           main] org.hibernate.SQL                        : 
    insert 
    into
        departments
        (is_active, code, company_id, created_at, created_by, name, parent_id, updated_at, updated_by, id) 
    values
        (?, ?, ?, ?, ?, ?, ?, ?, ?, default)
Hibernate: 
    insert 
    into
        departments
        (is_active, code, company_id, created_at, created_by, name, parent_id, updated_at, updated_by, id) 
    values
        (?, ?, ?, ?, ?, ?, ?, ?, ?, default)
2025-07-08T20:07:36.333+02:00 DEBUG 2708 --- [bika] [           main] org.hibernate.SQL                        : 
    insert 
    into
        projects
        (code, company_id, created_at, created_by, department_id, description, end_date, is_active, name, start_date, status, updated_at, updated_by, id) 
    values
        (?, ?, ?, ?, ?, ?, ?, ?, ?, ?, ?, ?, ?, default)
Hibernate: 
    insert 
    into
        projects
        (code, company_id, created_at, created_by, department_id, description, end_date, is_active, name, start_date, status, updated_at, updated_by, id) 
    values
        (?, ?, ?, ?, ?, ?, ?, ?, ?, ?, ?, ?, ?, default)
2025-07-08T20:07:36.476+02:00 DEBUG 2708 --- [bika] [           main] org.hibernate.SQL                        : 
    insert 
    into
        users
        (is_active, company_id, created_at, created_by, department_id, email, first_name, last_login, last_name, password, role, updated_at, updated_by, username, id) 
    values
        (?, ?, ?, ?, ?, ?, ?, ?, ?, ?, ?, ?, ?, ?, default)
Hibernate: 
    insert 
    into
        users
        (is_active, company_id, created_at, created_by, department_id, email, first_name, last_login, last_name, password, role, updated_at, updated_by, username, id) 
    values
        (?, ?, ?, ?, ?, ?, ?, ?, ?, ?, ?, ?, ?, ?, default)
2025-07-08T20:07:36.612+02:00 DEBUG 2708 --- [bika] [           main] org.hibernate.SQL                        : 
    insert 
    into
        users
        (is_active, company_id, created_at, created_by, department_id, email, first_name, last_login, last_name, password, role, updated_at, updated_by, username, id) 
    values
        (?, ?, ?, ?, ?, ?, ?, ?, ?, ?, ?, ?, ?, ?, default)
Hibernate: 
    insert 
    into
        users
        (is_active, company_id, created_at, created_by, department_id, email, first_name, last_login, last_name, password, role, updated_at, updated_by, username, id) 
    values
        (?, ?, ?, ?, ?, ?, ?, ?, ?, ?, ?, ?, ?, ?, default)
2025-07-08T20:07:36.618+02:00 DEBUG 2708 --- [bika] [           main] org.hibernate.SQL                        : 
    select
        t1_0.id,
        t1_0.assigned_to,
        t1_0.company_id,
        t1_0.completed_date,
        t1_0.created_at,
        t1_0.created_by,
        t1_0.creator_id,
        t1_0.department_id,
        t1_0.description,
        t1_0.due_date,
        t1_0.is_active,
        t1_0.priority,
        t1_0.project_id,
        t1_0.start_date,
        t1_0.status,
        t1_0.title,
        t1_0.updated_at,
        t1_0.updated_by 
    from
        tasks t1_0
Hibernate: 
    select
        t1_0.id,
        t1_0.assigned_to,
        t1_0.company_id,
        t1_0.completed_date,
        t1_0.created_at,
        t1_0.created_by,
        t1_0.creator_id,
        t1_0.department_id,
        t1_0.description,
        t1_0.due_date,
        t1_0.is_active,
        t1_0.priority,
        t1_0.project_id,
        t1_0.start_date,
        t1_0.status,
        t1_0.title,
        t1_0.updated_at,
        t1_0.updated_by 
    from
        tasks t1_0
2025-07-08T20:07:36.623+02:00 DEBUG 2708 --- [bika] [           main] org.hibernate.SQL                        : 
    select
        t1_0.id,
        t1_0.assigned_to,
        t1_0.company_id,
        t1_0.completed_date,
        t1_0.created_at,
        t1_0.created_by,
        t1_0.creator_id,
        t1_0.department_id,
        t1_0.description,
        t1_0.due_date,
        t1_0.is_active,
        t1_0.priority,
        t1_0.project_id,
        t1_0.start_date,
        t1_0.status,
        t1_0.title,
        t1_0.updated_at,
        t1_0.updated_by 
    from
        tasks t1_0
Hibernate: 
    select
        t1_0.id,
        t1_0.assigned_to,
        t1_0.company_id,
        t1_0.completed_date,
        t1_0.created_at,
        t1_0.created_by,
        t1_0.creator_id,
        t1_0.department_id,
        t1_0.description,
        t1_0.due_date,
        t1_0.is_active,
        t1_0.priority,
        t1_0.project_id,
        t1_0.start_date,
        t1_0.status,
        t1_0.title,
        t1_0.updated_at,
        t1_0.updated_by 
    from
        tasks t1_0
2025-07-08T20:07:36.625+02:00 DEBUG 2708 --- [bika] [           main] org.hibernate.SQL                        : 
    select
        u1_0.id,
        u1_0.is_active,
        u1_0.company_id,
        u1_0.created_at,
        u1_0.created_by,
        u1_0.department_id,
        u1_0.email,
        u1_0.first_name,
        u1_0.last_login,
        u1_0.last_name,
        u1_0.password,
        u1_0.role,
        u1_0.updated_at,
        u1_0.updated_by,
        u1_0.username 
    from
        users u1_0
Hibernate: 
    select
        u1_0.id,
        u1_0.is_active,
        u1_0.company_id,
        u1_0.created_at,
        u1_0.created_by,
        u1_0.department_id,
        u1_0.email,
        u1_0.first_name,
        u1_0.last_login,
        u1_0.last_name,
        u1_0.password,
        u1_0.role,
        u1_0.updated_at,
        u1_0.updated_by,
        u1_0.username 
    from
        users u1_0
2025-07-08T20:07:36.628+02:00 DEBUG 2708 --- [bika] [           main] org.hibernate.SQL                        : 
    delete 
    from
        users 
    where
        id=?
Hibernate: 
    delete 
    from
        users 
    where
        id=?
2025-07-08T20:07:36.628+02:00 DEBUG 2708 --- [bika] [           main] org.hibernate.SQL                        : 
    delete 
    from
        users 
    where
        id=?
Hibernate: 
    delete 
    from
        users 
    where
        id=?
2025-07-08T20:07:36.632+02:00 DEBUG 2708 --- [bika] [           main] org.hibernate.SQL                        : 
    select
        p1_0.id,
        p1_0.code,
        p1_0.company_id,
        p1_0.created_at,
        p1_0.created_by,
        p1_0.department_id,
        p1_0.description,
        p1_0.end_date,
        p1_0.is_active,
        p1_0.name,
        p1_0.start_date,
        p1_0.status,
        p1_0.updated_at,
        p1_0.updated_by 
    from
        projects p1_0
Hibernate: 
    select
        p1_0.id,
        p1_0.code,
        p1_0.company_id,
        p1_0.created_at,
        p1_0.created_by,
        p1_0.department_id,
        p1_0.description,
        p1_0.end_date,
        p1_0.is_active,
        p1_0.name,
        p1_0.start_date,
        p1_0.status,
        p1_0.updated_at,
        p1_0.updated_by 
    from
        projects p1_0
2025-07-08T20:07:36.633+02:00 DEBUG 2708 --- [bika] [           main] org.hibernate.SQL                        : 
    delete 
    from
        projects 
    where
        id=?
Hibernate: 
    delete 
    from
        projects 
    where
        id=?
2025-07-08T20:07:36.635+02:00 DEBUG 2708 --- [bika] [           main] org.hibernate.SQL                        : 
    select
        d1_0.id,
        d1_0.is_active,
        d1_0.code,
        d1_0.company_id,
        d1_0.created_at,
        d1_0.created_by,
        d1_0.name,
        d1_0.parent_id,
        d1_0.updated_at,
        d1_0.updated_by 
    from
        departments d1_0
Hibernate: 
    select
        d1_0.id,
        d1_0.is_active,
        d1_0.code,
        d1_0.company_id,
        d1_0.created_at,
        d1_0.created_by,
        d1_0.name,
        d1_0.parent_id,
        d1_0.updated_at,
        d1_0.updated_by 
    from
        departments d1_0
2025-07-08T20:07:36.637+02:00 DEBUG 2708 --- [bika] [           main] org.hibernate.SQL                        : 
    delete 
    from
        departments 
    where
        id=?
Hibernate: 
    delete 
    from
        departments 
    where
        id=?
2025-07-08T20:07:36.639+02:00 DEBUG 2708 --- [bika] [           main] org.hibernate.SQL                        : 
    select
        c1_0.id,
        c1_0.is_active,
        c1_0.address,
        c1_0.code,
        c1_0.created_at,
        c1_0.created_by,
        c1_0.description,
        c1_0.email,
        c1_0.name,
        c1_0.phone,
        c1_0.updated_at,
        c1_0.updated_by 
    from
        companies c1_0
Hibernate: 
    select
        c1_0.id,
        c1_0.is_active,
        c1_0.address,
        c1_0.code,
        c1_0.created_at,
        c1_0.created_by,
        c1_0.description,
        c1_0.email,
        c1_0.name,
        c1_0.phone,
        c1_0.updated_at,
        c1_0.updated_by 
    from
        companies c1_0
2025-07-08T20:07:36.640+02:00 DEBUG 2708 --- [bika] [           main] org.hibernate.SQL                        : 
    select
        d1_0.company_id,
        d1_0.id,
        d1_0.is_active,
        d1_0.code,
        d1_0.created_at,
        d1_0.created_by,
        d1_0.name,
        d1_0.parent_id,
        d1_0.updated_at,
        d1_0.updated_by 
    from
        departments d1_0 
    where
        d1_0.company_id=?
Hibernate: 
    select
        d1_0.company_id,
        d1_0.id,
        d1_0.is_active,
        d1_0.code,
        d1_0.created_at,
        d1_0.created_by,
        d1_0.name,
        d1_0.parent_id,
        d1_0.updated_at,
        d1_0.updated_by 
    from
        departments d1_0 
    where
        d1_0.company_id=?
2025-07-08T20:07:36.642+02:00 DEBUG 2708 --- [bika] [           main] org.hibernate.SQL                        : 
    delete 
    from
        companies 
    where
        id=?
Hibernate: 
    delete 
    from
        companies 
    where
        id=?
]]></system-out>
  </testcase>
  <testcase name="assignTask_ShouldSucceed_WhenManager" classname="com.bika.task.controller.TaskControllerIntegrationTest" time="0.433">
    <system-out><![CDATA[2025-07-08T20:07:36.648+02:00  INFO 2708 --- [bika] [           main] o.s.b.t.m.w.SpringBootMockServletContext : Initializing Spring TestDispatcherServlet ''
2025-07-08T20:07:36.648+02:00  INFO 2708 --- [bika] [           main] o.s.t.web.servlet.TestDispatcherServlet  : Initializing Servlet ''
2025-07-08T20:07:36.650+02:00  INFO 2708 --- [bika] [           main] o.s.t.web.servlet.TestDispatcherServlet  : Completed initialization in 2 ms
2025-07-08T20:07:36.651+02:00 DEBUG 2708 --- [bika] [           main] org.hibernate.SQL                        : 
    insert 
    into
        companies
        (is_active, address, code, created_at, created_by, description, email, name, phone, updated_at, updated_by, id) 
    values
        (?, ?, ?, ?, ?, ?, ?, ?, ?, ?, ?, default)
Hibernate: 
    insert 
    into
        companies
        (is_active, address, code, created_at, created_by, description, email, name, phone, updated_at, updated_by, id) 
    values
        (?, ?, ?, ?, ?, ?, ?, ?, ?, ?, ?, default)
2025-07-08T20:07:36.653+02:00 DEBUG 2708 --- [bika] [           main] org.hibernate.SQL                        : 
    insert 
    into
        departments
        (is_active, code, company_id, created_at, created_by, name, parent_id, updated_at, updated_by, id) 
    values
        (?, ?, ?, ?, ?, ?, ?, ?, ?, default)
Hibernate: 
    insert 
    into
        departments
        (is_active, code, company_id, created_at, created_by, name, parent_id, updated_at, updated_by, id) 
    values
        (?, ?, ?, ?, ?, ?, ?, ?, ?, default)
2025-07-08T20:07:36.655+02:00 DEBUG 2708 --- [bika] [           main] org.hibernate.SQL                        : 
    insert 
    into
        projects
        (code, company_id, created_at, created_by, department_id, description, end_date, is_active, name, start_date, status, updated_at, updated_by, id) 
    values
        (?, ?, ?, ?, ?, ?, ?, ?, ?, ?, ?, ?, ?, default)
Hibernate: 
    insert 
    into
        projects
        (code, company_id, created_at, created_by, department_id, description, end_date, is_active, name, start_date, status, updated_at, updated_by, id) 
    values
        (?, ?, ?, ?, ?, ?, ?, ?, ?, ?, ?, ?, ?, default)
2025-07-08T20:07:36.791+02:00 DEBUG 2708 --- [bika] [           main] org.hibernate.SQL                        : 
    insert 
    into
        users
        (is_active, company_id, created_at, created_by, department_id, email, first_name, last_login, last_name, password, role, updated_at, updated_by, username, id) 
    values
        (?, ?, ?, ?, ?, ?, ?, ?, ?, ?, ?, ?, ?, ?, default)
Hibernate: 
    insert 
    into
        users
        (is_active, company_id, created_at, created_by, department_id, email, first_name, last_login, last_name, password, role, updated_at, updated_by, username, id) 
    values
        (?, ?, ?, ?, ?, ?, ?, ?, ?, ?, ?, ?, ?, ?, default)
2025-07-08T20:07:36.926+02:00 DEBUG 2708 --- [bika] [           main] org.hibernate.SQL                        : 
    insert 
    into
        users
        (is_active, company_id, created_at, created_by, department_id, email, first_name, last_login, last_name, password, role, updated_at, updated_by, username, id) 
    values
        (?, ?, ?, ?, ?, ?, ?, ?, ?, ?, ?, ?, ?, ?, default)
Hibernate: 
    insert 
    into
        users
        (is_active, company_id, created_at, created_by, department_id, email, first_name, last_login, last_name, password, role, updated_at, updated_by, username, id) 
    values
        (?, ?, ?, ?, ?, ?, ?, ?, ?, ?, ?, ?, ?, ?, default)
2025-07-08T20:07:36.951+02:00 DEBUG 2708 --- [bika] [           main] org.hibernate.SQL                        : 
    select
        c1_0.id,
        c1_0.is_active,
        c1_0.address,
        c1_0.code,
        c1_0.created_at,
        c1_0.created_by,
        c1_0.description,
        c1_0.email,
        c1_0.name,
        c1_0.phone,
        c1_0.updated_at,
        c1_0.updated_by 
    from
        companies c1_0 
    where
        c1_0.id=?
Hibernate: 
    select
        c1_0.id,
        c1_0.is_active,
        c1_0.address,
        c1_0.code,
        c1_0.created_at,
        c1_0.created_by,
        c1_0.description,
        c1_0.email,
        c1_0.name,
        c1_0.phone,
        c1_0.updated_at,
        c1_0.updated_by 
    from
        companies c1_0 
    where
        c1_0.id=?
2025-07-08T20:07:36.954+02:00 DEBUG 2708 --- [bika] [           main] org.hibernate.SQL                        : 
    select
        d1_0.id,
        d1_0.is_active,
        d1_0.code,
        d1_0.company_id,
        d1_0.created_at,
        d1_0.created_by,
        d1_0.name,
        d1_0.parent_id,
        d1_0.updated_at,
        d1_0.updated_by 
    from
        departments d1_0 
    where
        d1_0.id=?
Hibernate: 
    select
        d1_0.id,
        d1_0.is_active,
        d1_0.code,
        d1_0.company_id,
        d1_0.created_at,
        d1_0.created_by,
        d1_0.name,
        d1_0.parent_id,
        d1_0.updated_at,
        d1_0.updated_by 
    from
        departments d1_0 
    where
        d1_0.id=?
2025-07-08T20:07:36.956+02:00 DEBUG 2708 --- [bika] [           main] org.hibernate.SQL                        : 
    select
        p1_0.id,
        p1_0.code,
        p1_0.company_id,
        p1_0.created_at,
        p1_0.created_by,
        p1_0.department_id,
        p1_0.description,
        p1_0.end_date,
        p1_0.is_active,
        p1_0.name,
        p1_0.start_date,
        p1_0.status,
        p1_0.updated_at,
        p1_0.updated_by 
    from
        projects p1_0 
    where
        p1_0.id=?
Hibernate: 
    select
        p1_0.id,
        p1_0.code,
        p1_0.company_id,
        p1_0.created_at,
        p1_0.created_by,
        p1_0.department_id,
        p1_0.description,
        p1_0.end_date,
        p1_0.is_active,
        p1_0.name,
        p1_0.start_date,
        p1_0.status,
        p1_0.updated_at,
        p1_0.updated_by 
    from
        projects p1_0 
    where
        p1_0.id=?
2025-07-08T20:07:36.958+02:00 DEBUG 2708 --- [bika] [           main] org.hibernate.SQL                        : 
    select
        u1_0.id,
        u1_0.is_active,
        u1_0.company_id,
        u1_0.created_at,
        u1_0.created_by,
        u1_0.department_id,
        u1_0.email,
        u1_0.first_name,
        u1_0.last_login,
        u1_0.last_name,
        u1_0.password,
        u1_0.role,
        u1_0.updated_at,
        u1_0.updated_by,
        u1_0.username 
    from
        users u1_0 
    where
        u1_0.id=?
Hibernate: 
    select
        u1_0.id,
        u1_0.is_active,
        u1_0.company_id,
        u1_0.created_at,
        u1_0.created_by,
        u1_0.department_id,
        u1_0.email,
        u1_0.first_name,
        u1_0.last_login,
        u1_0.last_name,
        u1_0.password,
        u1_0.role,
        u1_0.updated_at,
        u1_0.updated_by,
        u1_0.username 
    from
        users u1_0 
    where
        u1_0.id=?
2025-07-08T20:07:36.962+02:00 DEBUG 2708 --- [bika] [           main] org.hibernate.SQL                        : 
    select
        u1_0.id,
        u1_0.is_active,
        u1_0.company_id,
        u1_0.created_at,
        u1_0.created_by,
        u1_0.department_id,
        u1_0.email,
        u1_0.first_name,
        u1_0.last_login,
        u1_0.last_name,
        u1_0.password,
        u1_0.role,
        u1_0.updated_at,
        u1_0.updated_by,
        u1_0.username 
    from
        users u1_0 
    where
        u1_0.email=?
Hibernate: 
    select
        u1_0.id,
        u1_0.is_active,
        u1_0.company_id,
        u1_0.created_at,
        u1_0.created_by,
        u1_0.department_id,
        u1_0.email,
        u1_0.first_name,
        u1_0.last_login,
        u1_0.last_name,
        u1_0.password,
        u1_0.role,
        u1_0.updated_at,
        u1_0.updated_by,
        u1_0.username 
    from
        users u1_0 
    where
        u1_0.email=?
2025-07-08T20:07:36.964+02:00 DEBUG 2708 --- [bika] [           main] org.hibernate.SQL                        : 
    select
        u1_0.id,
        u1_0.is_active,
        u1_0.company_id,
        u1_0.created_at,
        u1_0.created_by,
        u1_0.department_id,
        u1_0.email,
        u1_0.first_name,
        u1_0.last_login,
        u1_0.last_name,
        u1_0.password,
        u1_0.role,
        u1_0.updated_at,
        u1_0.updated_by,
        u1_0.username 
    from
        users u1_0 
    where
        u1_0.id=?
Hibernate: 
    select
        u1_0.id,
        u1_0.is_active,
        u1_0.company_id,
        u1_0.created_at,
        u1_0.created_by,
        u1_0.department_id,
        u1_0.email,
        u1_0.first_name,
        u1_0.last_login,
        u1_0.last_name,
        u1_0.password,
        u1_0.role,
        u1_0.updated_at,
        u1_0.updated_by,
        u1_0.username 
    from
        users u1_0 
    where
        u1_0.id=?
2025-07-08T20:07:36.973+02:00 DEBUG 2708 --- [bika] [           main] org.hibernate.SQL                        : 
    insert 
    into
        tasks
        (assigned_to, company_id, completed_date, created_at, created_by, creator_id, department_id, description, due_date, is_active, priority, project_id, start_date, status, title, updated_at, updated_by, id) 
    values
        (?, ?, ?, ?, ?, ?, ?, ?, ?, ?, ?, ?, ?, ?, ?, ?, ?, default)
Hibernate: 
    insert 
    into
        tasks
        (assigned_to, company_id, completed_date, created_at, created_by, creator_id, department_id, description, due_date, is_active, priority, project_id, start_date, status, title, updated_at, updated_by, id) 
    values
        (?, ?, ?, ?, ?, ?, ?, ?, ?, ?, ?, ?, ?, ?, ?, ?, ?, default)
2025-07-08T20:07:36.985+02:00 DEBUG 2708 --- [bika] [           main] org.hibernate.SQL                        : 
    select
        t1_0.id,
        t1_0.assigned_to,
        t1_0.company_id,
        t1_0.completed_date,
        t1_0.created_at,
        t1_0.created_by,
        t1_0.creator_id,
        t1_0.department_id,
        t1_0.description,
        t1_0.due_date,
        t1_0.is_active,
        t1_0.priority,
        t1_0.project_id,
        t1_0.start_date,
        t1_0.status,
        t1_0.title,
        t1_0.updated_at,
        t1_0.updated_by 
    from
        tasks t1_0 
    where
        t1_0.id=?
Hibernate: 
    select
        t1_0.id,
        t1_0.assigned_to,
        t1_0.company_id,
        t1_0.completed_date,
        t1_0.created_at,
        t1_0.created_by,
        t1_0.creator_id,
        t1_0.department_id,
        t1_0.description,
        t1_0.due_date,
        t1_0.is_active,
        t1_0.priority,
        t1_0.project_id,
        t1_0.start_date,
        t1_0.status,
        t1_0.title,
        t1_0.updated_at,
        t1_0.updated_by 
    from
        tasks t1_0 
    where
        t1_0.id=?
2025-07-08T20:07:36.988+02:00 DEBUG 2708 --- [bika] [           main] org.hibernate.SQL                        : 
    select
        u1_0.id,
        u1_0.is_active,
        u1_0.company_id,
        u1_0.created_at,
        u1_0.created_by,
        u1_0.department_id,
        u1_0.email,
        u1_0.first_name,
        u1_0.last_login,
        u1_0.last_name,
        u1_0.password,
        u1_0.role,
        u1_0.updated_at,
        u1_0.updated_by,
        u1_0.username 
    from
        users u1_0 
    where
        u1_0.id=?
Hibernate: 
    select
        u1_0.id,
        u1_0.is_active,
        u1_0.company_id,
        u1_0.created_at,
        u1_0.created_by,
        u1_0.department_id,
        u1_0.email,
        u1_0.first_name,
        u1_0.last_login,
        u1_0.last_name,
        u1_0.password,
        u1_0.role,
        u1_0.updated_at,
        u1_0.updated_by,
        u1_0.username 
    from
        users u1_0 
    where
        u1_0.id=?
2025-07-08T20:07:36.997+02:00 DEBUG 2708 --- [bika] [           main] org.hibernate.SQL                        : 
    select
        u1_0.id,
        u1_0.is_active,
        u1_0.company_id,
        u1_0.created_at,
        u1_0.created_by,
        u1_0.department_id,
        u1_0.email,
        u1_0.first_name,
        u1_0.last_login,
        u1_0.last_name,
        u1_0.password,
        u1_0.role,
        u1_0.updated_at,
        u1_0.updated_by,
        u1_0.username 
    from
        users u1_0 
    where
        u1_0.id=?
Hibernate: 
    select
        u1_0.id,
        u1_0.is_active,
        u1_0.company_id,
        u1_0.created_at,
        u1_0.created_by,
        u1_0.department_id,
        u1_0.email,
        u1_0.first_name,
        u1_0.last_login,
        u1_0.last_name,
        u1_0.password,
        u1_0.role,
        u1_0.updated_at,
        u1_0.updated_by,
        u1_0.username 
    from
        users u1_0 
    where
        u1_0.id=?
2025-07-08T20:07:36.999+02:00 DEBUG 2708 --- [bika] [           main] org.hibernate.SQL                        : 
    select
        c1_0.id,
        c1_0.is_active,
        c1_0.address,
        c1_0.code,
        c1_0.created_at,
        c1_0.created_by,
        c1_0.description,
        c1_0.email,
        c1_0.name,
        c1_0.phone,
        c1_0.updated_at,
        c1_0.updated_by 
    from
        companies c1_0 
    where
        c1_0.id=?
Hibernate: 
    select
        c1_0.id,
        c1_0.is_active,
        c1_0.address,
        c1_0.code,
        c1_0.created_at,
        c1_0.created_by,
        c1_0.description,
        c1_0.email,
        c1_0.name,
        c1_0.phone,
        c1_0.updated_at,
        c1_0.updated_by 
    from
        companies c1_0 
    where
        c1_0.id=?
2025-07-08T20:07:37.002+02:00 DEBUG 2708 --- [bika] [           main] org.hibernate.SQL                        : 
    select
        d1_0.id,
        d1_0.is_active,
        d1_0.code,
        d1_0.company_id,
        d1_0.created_at,
        d1_0.created_by,
        d1_0.name,
        d1_0.parent_id,
        d1_0.updated_at,
        d1_0.updated_by 
    from
        departments d1_0 
    where
        d1_0.id=?
Hibernate: 
    select
        d1_0.id,
        d1_0.is_active,
        d1_0.code,
        d1_0.company_id,
        d1_0.created_at,
        d1_0.created_by,
        d1_0.name,
        d1_0.parent_id,
        d1_0.updated_at,
        d1_0.updated_by 
    from
        departments d1_0 
    where
        d1_0.id=?
2025-07-08T20:07:37.003+02:00 DEBUG 2708 --- [bika] [           main] org.hibernate.SQL                        : 
    select
        p1_0.id,
        p1_0.code,
        p1_0.company_id,
        p1_0.created_at,
        p1_0.created_by,
        p1_0.department_id,
        p1_0.description,
        p1_0.end_date,
        p1_0.is_active,
        p1_0.name,
        p1_0.start_date,
        p1_0.status,
        p1_0.updated_at,
        p1_0.updated_by 
    from
        projects p1_0 
    where
        p1_0.id=?
Hibernate: 
    select
        p1_0.id,
        p1_0.code,
        p1_0.company_id,
        p1_0.created_at,
        p1_0.created_by,
        p1_0.department_id,
        p1_0.description,
        p1_0.end_date,
        p1_0.is_active,
        p1_0.name,
        p1_0.start_date,
        p1_0.status,
        p1_0.updated_at,
        p1_0.updated_by 
    from
        projects p1_0 
    where
        p1_0.id=?
2025-07-08T20:07:37.011+02:00 DEBUG 2708 --- [bika] [           main] org.hibernate.SQL                        : 
    select
        t1_0.id,
        t1_0.assigned_to,
        t1_0.company_id,
        t1_0.completed_date,
        t1_0.created_at,
        t1_0.created_by,
        t1_0.creator_id,
        t1_0.department_id,
        t1_0.description,
        t1_0.due_date,
        t1_0.is_active,
        t1_0.priority,
        t1_0.project_id,
        t1_0.start_date,
        t1_0.status,
        t1_0.title,
        t1_0.updated_at,
        t1_0.updated_by 
    from
        tasks t1_0
Hibernate: 
    select
        t1_0.id,
        t1_0.assigned_to,
        t1_0.company_id,
        t1_0.completed_date,
        t1_0.created_at,
        t1_0.created_by,
        t1_0.creator_id,
        t1_0.department_id,
        t1_0.description,
        t1_0.due_date,
        t1_0.is_active,
        t1_0.priority,
        t1_0.project_id,
        t1_0.start_date,
        t1_0.status,
        t1_0.title,
        t1_0.updated_at,
        t1_0.updated_by 
    from
        tasks t1_0
2025-07-08T20:07:37.013+02:00 DEBUG 2708 --- [bika] [           main] org.hibernate.SQL                        : 
    delete 
    from
        tasks 
    where
        id=?
Hibernate: 
    delete 
    from
        tasks 
    where
        id=?
2025-07-08T20:07:37.016+02:00 DEBUG 2708 --- [bika] [           main] org.hibernate.SQL                        : 
    select
        u1_0.id,
        u1_0.is_active,
        u1_0.company_id,
        u1_0.created_at,
        u1_0.created_by,
        u1_0.department_id,
        u1_0.email,
        u1_0.first_name,
        u1_0.last_login,
        u1_0.last_name,
        u1_0.password,
        u1_0.role,
        u1_0.updated_at,
        u1_0.updated_by,
        u1_0.username 
    from
        users u1_0
Hibernate: 
    select
        u1_0.id,
        u1_0.is_active,
        u1_0.company_id,
        u1_0.created_at,
        u1_0.created_by,
        u1_0.department_id,
        u1_0.email,
        u1_0.first_name,
        u1_0.last_login,
        u1_0.last_name,
        u1_0.password,
        u1_0.role,
        u1_0.updated_at,
        u1_0.updated_by,
        u1_0.username 
    from
        users u1_0
2025-07-08T20:07:37.032+02:00 DEBUG 2708 --- [bika] [           main] org.hibernate.SQL                        : 
    delete 
    from
        users 
    where
        id=?
Hibernate: 
    delete 
    from
        users 
    where
        id=?
2025-07-08T20:07:37.034+02:00 DEBUG 2708 --- [bika] [           main] org.hibernate.SQL                        : 
    delete 
    from
        users 
    where
        id=?
Hibernate: 
    delete 
    from
        users 
    where
        id=?
2025-07-08T20:07:37.048+02:00 DEBUG 2708 --- [bika] [           main] org.hibernate.SQL                        : 
    select
        p1_0.id,
        p1_0.code,
        p1_0.company_id,
        p1_0.created_at,
        p1_0.created_by,
        p1_0.department_id,
        p1_0.description,
        p1_0.end_date,
        p1_0.is_active,
        p1_0.name,
        p1_0.start_date,
        p1_0.status,
        p1_0.updated_at,
        p1_0.updated_by 
    from
        projects p1_0
Hibernate: 
    select
        p1_0.id,
        p1_0.code,
        p1_0.company_id,
        p1_0.created_at,
        p1_0.created_by,
        p1_0.department_id,
        p1_0.description,
        p1_0.end_date,
        p1_0.is_active,
        p1_0.name,
        p1_0.start_date,
        p1_0.status,
        p1_0.updated_at,
        p1_0.updated_by 
    from
        projects p1_0
2025-07-08T20:07:37.052+02:00 DEBUG 2708 --- [bika] [           main] org.hibernate.SQL                        : 
    delete 
    from
        projects 
    where
        id=?
Hibernate: 
    delete 
    from
        projects 
    where
        id=?
2025-07-08T20:07:37.060+02:00 DEBUG 2708 --- [bika] [           main] org.hibernate.SQL                        : 
    select
        d1_0.id,
        d1_0.is_active,
        d1_0.code,
        d1_0.company_id,
        d1_0.created_at,
        d1_0.created_by,
        d1_0.name,
        d1_0.parent_id,
        d1_0.updated_at,
        d1_0.updated_by 
    from
        departments d1_0
Hibernate: 
    select
        d1_0.id,
        d1_0.is_active,
        d1_0.code,
        d1_0.company_id,
        d1_0.created_at,
        d1_0.created_by,
        d1_0.name,
        d1_0.parent_id,
        d1_0.updated_at,
        d1_0.updated_by 
    from
        departments d1_0
2025-07-08T20:07:37.065+02:00 DEBUG 2708 --- [bika] [           main] org.hibernate.SQL                        : 
    delete 
    from
        departments 
    where
        id=?
Hibernate: 
    delete 
    from
        departments 
    where
        id=?
2025-07-08T20:07:37.067+02:00 DEBUG 2708 --- [bika] [           main] org.hibernate.SQL                        : 
    select
        c1_0.id,
        c1_0.is_active,
        c1_0.address,
        c1_0.code,
        c1_0.created_at,
        c1_0.created_by,
        c1_0.description,
        c1_0.email,
        c1_0.name,
        c1_0.phone,
        c1_0.updated_at,
        c1_0.updated_by 
    from
        companies c1_0
Hibernate: 
    select
        c1_0.id,
        c1_0.is_active,
        c1_0.address,
        c1_0.code,
        c1_0.created_at,
        c1_0.created_by,
        c1_0.description,
        c1_0.email,
        c1_0.name,
        c1_0.phone,
        c1_0.updated_at,
        c1_0.updated_by 
    from
        companies c1_0
2025-07-08T20:07:37.068+02:00 DEBUG 2708 --- [bika] [           main] org.hibernate.SQL                        : 
    select
        d1_0.company_id,
        d1_0.id,
        d1_0.is_active,
        d1_0.code,
        d1_0.created_at,
        d1_0.created_by,
        d1_0.name,
        d1_0.parent_id,
        d1_0.updated_at,
        d1_0.updated_by 
    from
        departments d1_0 
    where
        d1_0.company_id=?
Hibernate: 
    select
        d1_0.company_id,
        d1_0.id,
        d1_0.is_active,
        d1_0.code,
        d1_0.created_at,
        d1_0.created_by,
        d1_0.name,
        d1_0.parent_id,
        d1_0.updated_at,
        d1_0.updated_by 
    from
        departments d1_0 
    where
        d1_0.company_id=?
2025-07-08T20:07:37.074+02:00 DEBUG 2708 --- [bika] [           main] org.hibernate.SQL                        : 
    delete 
    from
        companies 
    where
        id=?
Hibernate: 
    delete 
    from
        companies 
    where
        id=?
]]></system-out>
  </testcase>
  <testcase name="getTasksByDepartment_ShouldSucceed_WhenAdmin" classname="com.bika.task.controller.TaskControllerIntegrationTest" time="0.363">
    <system-out><![CDATA[2025-07-08T20:07:37.084+02:00  INFO 2708 --- [bika] [           main] o.s.b.t.m.w.SpringBootMockServletContext : Initializing Spring TestDispatcherServlet ''
2025-07-08T20:07:37.084+02:00  INFO 2708 --- [bika] [           main] o.s.t.web.servlet.TestDispatcherServlet  : Initializing Servlet ''
2025-07-08T20:07:37.091+02:00  INFO 2708 --- [bika] [           main] o.s.t.web.servlet.TestDispatcherServlet  : Completed initialization in 6 ms
2025-07-08T20:07:37.093+02:00 DEBUG 2708 --- [bika] [           main] org.hibernate.SQL                        : 
    insert 
    into
        companies
        (is_active, address, code, created_at, created_by, description, email, name, phone, updated_at, updated_by, id) 
    values
        (?, ?, ?, ?, ?, ?, ?, ?, ?, ?, ?, default)
Hibernate: 
    insert 
    into
        companies
        (is_active, address, code, created_at, created_by, description, email, name, phone, updated_at, updated_by, id) 
    values
        (?, ?, ?, ?, ?, ?, ?, ?, ?, ?, ?, default)
2025-07-08T20:07:37.121+02:00 DEBUG 2708 --- [bika] [           main] org.hibernate.SQL                        : 
    insert 
    into
        departments
        (is_active, code, company_id, created_at, created_by, name, parent_id, updated_at, updated_by, id) 
    values
        (?, ?, ?, ?, ?, ?, ?, ?, ?, default)
Hibernate: 
    insert 
    into
        departments
        (is_active, code, company_id, created_at, created_by, name, parent_id, updated_at, updated_by, id) 
    values
        (?, ?, ?, ?, ?, ?, ?, ?, ?, default)
2025-07-08T20:07:37.133+02:00 DEBUG 2708 --- [bika] [           main] org.hibernate.SQL                        : 
    insert 
    into
        projects
        (code, company_id, created_at, created_by, department_id, description, end_date, is_active, name, start_date, status, updated_at, updated_by, id) 
    values
        (?, ?, ?, ?, ?, ?, ?, ?, ?, ?, ?, ?, ?, default)
Hibernate: 
    insert 
    into
        projects
        (code, company_id, created_at, created_by, department_id, description, end_date, is_active, name, start_date, status, updated_at, updated_by, id) 
    values
        (?, ?, ?, ?, ?, ?, ?, ?, ?, ?, ?, ?, ?, default)
2025-07-08T20:07:37.285+02:00 DEBUG 2708 --- [bika] [           main] org.hibernate.SQL                        : 
    insert 
    into
        users
        (is_active, company_id, created_at, created_by, department_id, email, first_name, last_login, last_name, password, role, updated_at, updated_by, username, id) 
    values
        (?, ?, ?, ?, ?, ?, ?, ?, ?, ?, ?, ?, ?, ?, default)
Hibernate: 
    insert 
    into
        users
        (is_active, company_id, created_at, created_by, department_id, email, first_name, last_login, last_name, password, role, updated_at, updated_by, username, id) 
    values
        (?, ?, ?, ?, ?, ?, ?, ?, ?, ?, ?, ?, ?, ?, default)
2025-07-08T20:07:37.408+02:00 DEBUG 2708 --- [bika] [           main] org.hibernate.SQL                        : 
    insert 
    into
        users
        (is_active, company_id, created_at, created_by, department_id, email, first_name, last_login, last_name, password, role, updated_at, updated_by, username, id) 
    values
        (?, ?, ?, ?, ?, ?, ?, ?, ?, ?, ?, ?, ?, ?, default)
Hibernate: 
    insert 
    into
        users
        (is_active, company_id, created_at, created_by, department_id, email, first_name, last_login, last_name, password, role, updated_at, updated_by, username, id) 
    values
        (?, ?, ?, ?, ?, ?, ?, ?, ?, ?, ?, ?, ?, ?, default)
2025-07-08T20:07:37.416+02:00 DEBUG 2708 --- [bika] [           main] org.hibernate.SQL                        : 
    select
        d1_0.id,
        d1_0.is_active,
        d1_0.code,
        d1_0.company_id,
        d1_0.created_at,
        d1_0.created_by,
        d1_0.name,
        d1_0.parent_id,
        d1_0.updated_at,
        d1_0.updated_by 
    from
        departments d1_0 
    where
        d1_0.id=?
Hibernate: 
    select
        d1_0.id,
        d1_0.is_active,
        d1_0.code,
        d1_0.company_id,
        d1_0.created_at,
        d1_0.created_by,
        d1_0.name,
        d1_0.parent_id,
        d1_0.updated_at,
        d1_0.updated_by 
    from
        departments d1_0 
    where
        d1_0.id=?
2025-07-08T20:07:37.420+02:00 DEBUG 2708 --- [bika] [           main] org.hibernate.SQL                        : 
    select
        t1_0.id,
        t1_0.assigned_to,
        t1_0.company_id,
        t1_0.completed_date,
        t1_0.created_at,
        t1_0.created_by,
        t1_0.creator_id,
        t1_0.department_id,
        t1_0.description,
        t1_0.due_date,
        t1_0.is_active,
        t1_0.priority,
        t1_0.project_id,
        t1_0.start_date,
        t1_0.status,
        t1_0.title,
        t1_0.updated_at,
        t1_0.updated_by 
    from
        tasks t1_0 
    where
        t1_0.department_id=?
Hibernate: 
    select
        t1_0.id,
        t1_0.assigned_to,
        t1_0.company_id,
        t1_0.completed_date,
        t1_0.created_at,
        t1_0.created_by,
        t1_0.creator_id,
        t1_0.department_id,
        t1_0.description,
        t1_0.due_date,
        t1_0.is_active,
        t1_0.priority,
        t1_0.project_id,
        t1_0.start_date,
        t1_0.status,
        t1_0.title,
        t1_0.updated_at,
        t1_0.updated_by 
    from
        tasks t1_0 
    where
        t1_0.department_id=?
2025-07-08T20:07:37.425+02:00 DEBUG 2708 --- [bika] [           main] org.hibernate.SQL                        : 
    select
        t1_0.id,
        t1_0.assigned_to,
        t1_0.company_id,
        t1_0.completed_date,
        t1_0.created_at,
        t1_0.created_by,
        t1_0.creator_id,
        t1_0.department_id,
        t1_0.description,
        t1_0.due_date,
        t1_0.is_active,
        t1_0.priority,
        t1_0.project_id,
        t1_0.start_date,
        t1_0.status,
        t1_0.title,
        t1_0.updated_at,
        t1_0.updated_by 
    from
        tasks t1_0
Hibernate: 
    select
        t1_0.id,
        t1_0.assigned_to,
        t1_0.company_id,
        t1_0.completed_date,
        t1_0.created_at,
        t1_0.created_by,
        t1_0.creator_id,
        t1_0.department_id,
        t1_0.description,
        t1_0.due_date,
        t1_0.is_active,
        t1_0.priority,
        t1_0.project_id,
        t1_0.start_date,
        t1_0.status,
        t1_0.title,
        t1_0.updated_at,
        t1_0.updated_by 
    from
        tasks t1_0
2025-07-08T20:07:37.427+02:00 DEBUG 2708 --- [bika] [           main] org.hibernate.SQL                        : 
    select
        u1_0.id,
        u1_0.is_active,
        u1_0.company_id,
        u1_0.created_at,
        u1_0.created_by,
        u1_0.department_id,
        u1_0.email,
        u1_0.first_name,
        u1_0.last_login,
        u1_0.last_name,
        u1_0.password,
        u1_0.role,
        u1_0.updated_at,
        u1_0.updated_by,
        u1_0.username 
    from
        users u1_0
Hibernate: 
    select
        u1_0.id,
        u1_0.is_active,
        u1_0.company_id,
        u1_0.created_at,
        u1_0.created_by,
        u1_0.department_id,
        u1_0.email,
        u1_0.first_name,
        u1_0.last_login,
        u1_0.last_name,
        u1_0.password,
        u1_0.role,
        u1_0.updated_at,
        u1_0.updated_by,
        u1_0.username 
    from
        users u1_0
2025-07-08T20:07:37.430+02:00 DEBUG 2708 --- [bika] [           main] org.hibernate.SQL                        : 
    delete 
    from
        users 
    where
        id=?
Hibernate: 
    delete 
    from
        users 
    where
        id=?
2025-07-08T20:07:37.430+02:00 DEBUG 2708 --- [bika] [           main] org.hibernate.SQL                        : 
    delete 
    from
        users 
    where
        id=?
Hibernate: 
    delete 
    from
        users 
    where
        id=?
2025-07-08T20:07:37.432+02:00 DEBUG 2708 --- [bika] [           main] org.hibernate.SQL                        : 
    select
        p1_0.id,
        p1_0.code,
        p1_0.company_id,
        p1_0.created_at,
        p1_0.created_by,
        p1_0.department_id,
        p1_0.description,
        p1_0.end_date,
        p1_0.is_active,
        p1_0.name,
        p1_0.start_date,
        p1_0.status,
        p1_0.updated_at,
        p1_0.updated_by 
    from
        projects p1_0
Hibernate: 
    select
        p1_0.id,
        p1_0.code,
        p1_0.company_id,
        p1_0.created_at,
        p1_0.created_by,
        p1_0.department_id,
        p1_0.description,
        p1_0.end_date,
        p1_0.is_active,
        p1_0.name,
        p1_0.start_date,
        p1_0.status,
        p1_0.updated_at,
        p1_0.updated_by 
    from
        projects p1_0
2025-07-08T20:07:37.434+02:00 DEBUG 2708 --- [bika] [           main] org.hibernate.SQL                        : 
    delete 
    from
        projects 
    where
        id=?
Hibernate: 
    delete 
    from
        projects 
    where
        id=?
2025-07-08T20:07:37.436+02:00 DEBUG 2708 --- [bika] [           main] org.hibernate.SQL                        : 
    select
        d1_0.id,
        d1_0.is_active,
        d1_0.code,
        d1_0.company_id,
        d1_0.created_at,
        d1_0.created_by,
        d1_0.name,
        d1_0.parent_id,
        d1_0.updated_at,
        d1_0.updated_by 
    from
        departments d1_0
Hibernate: 
    select
        d1_0.id,
        d1_0.is_active,
        d1_0.code,
        d1_0.company_id,
        d1_0.created_at,
        d1_0.created_by,
        d1_0.name,
        d1_0.parent_id,
        d1_0.updated_at,
        d1_0.updated_by 
    from
        departments d1_0
2025-07-08T20:07:37.437+02:00 DEBUG 2708 --- [bika] [           main] org.hibernate.SQL                        : 
    delete 
    from
        departments 
    where
        id=?
Hibernate: 
    delete 
    from
        departments 
    where
        id=?
2025-07-08T20:07:37.438+02:00 DEBUG 2708 --- [bika] [           main] org.hibernate.SQL                        : 
    select
        c1_0.id,
        c1_0.is_active,
        c1_0.address,
        c1_0.code,
        c1_0.created_at,
        c1_0.created_by,
        c1_0.description,
        c1_0.email,
        c1_0.name,
        c1_0.phone,
        c1_0.updated_at,
        c1_0.updated_by 
    from
        companies c1_0
Hibernate: 
    select
        c1_0.id,
        c1_0.is_active,
        c1_0.address,
        c1_0.code,
        c1_0.created_at,
        c1_0.created_by,
        c1_0.description,
        c1_0.email,
        c1_0.name,
        c1_0.phone,
        c1_0.updated_at,
        c1_0.updated_by 
    from
        companies c1_0
2025-07-08T20:07:37.441+02:00 DEBUG 2708 --- [bika] [           main] org.hibernate.SQL                        : 
    select
        d1_0.company_id,
        d1_0.id,
        d1_0.is_active,
        d1_0.code,
        d1_0.created_at,
        d1_0.created_by,
        d1_0.name,
        d1_0.parent_id,
        d1_0.updated_at,
        d1_0.updated_by 
    from
        departments d1_0 
    where
        d1_0.company_id=?
Hibernate: 
    select
        d1_0.company_id,
        d1_0.id,
        d1_0.is_active,
        d1_0.code,
        d1_0.created_at,
        d1_0.created_by,
        d1_0.name,
        d1_0.parent_id,
        d1_0.updated_at,
        d1_0.updated_by 
    from
        departments d1_0 
    where
        d1_0.company_id=?
2025-07-08T20:07:37.442+02:00 DEBUG 2708 --- [bika] [           main] org.hibernate.SQL                        : 
    delete 
    from
        companies 
    where
        id=?
Hibernate: 
    delete 
    from
        companies 
    where
        id=?
]]></system-out>
  </testcase>
  <testcase name="assignTask_ShouldSucceed_WhenAdmin" classname="com.bika.task.controller.TaskControllerIntegrationTest" time="0.344">
    <system-out><![CDATA[2025-07-08T20:07:37.451+02:00  INFO 2708 --- [bika] [           main] o.s.b.t.m.w.SpringBootMockServletContext : Initializing Spring TestDispatcherServlet ''
2025-07-08T20:07:37.452+02:00  INFO 2708 --- [bika] [           main] o.s.t.web.servlet.TestDispatcherServlet  : Initializing Servlet ''
2025-07-08T20:07:37.454+02:00  INFO 2708 --- [bika] [           main] o.s.t.web.servlet.TestDispatcherServlet  : Completed initialization in 2 ms
2025-07-08T20:07:37.456+02:00 DEBUG 2708 --- [bika] [           main] org.hibernate.SQL                        : 
    insert 
    into
        companies
        (is_active, address, code, created_at, created_by, description, email, name, phone, updated_at, updated_by, id) 
    values
        (?, ?, ?, ?, ?, ?, ?, ?, ?, ?, ?, default)
Hibernate: 
    insert 
    into
        companies
        (is_active, address, code, created_at, created_by, description, email, name, phone, updated_at, updated_by, id) 
    values
        (?, ?, ?, ?, ?, ?, ?, ?, ?, ?, ?, default)
2025-07-08T20:07:37.472+02:00 DEBUG 2708 --- [bika] [           main] org.hibernate.SQL                        : 
    insert 
    into
        departments
        (is_active, code, company_id, created_at, created_by, name, parent_id, updated_at, updated_by, id) 
    values
        (?, ?, ?, ?, ?, ?, ?, ?, ?, default)
Hibernate: 
    insert 
    into
        departments
        (is_active, code, company_id, created_at, created_by, name, parent_id, updated_at, updated_by, id) 
    values
        (?, ?, ?, ?, ?, ?, ?, ?, ?, default)
2025-07-08T20:07:37.476+02:00 DEBUG 2708 --- [bika] [           main] org.hibernate.SQL                        : 
    insert 
    into
        projects
        (code, company_id, created_at, created_by, department_id, description, end_date, is_active, name, start_date, status, updated_at, updated_by, id) 
    values
        (?, ?, ?, ?, ?, ?, ?, ?, ?, ?, ?, ?, ?, default)
Hibernate: 
    insert 
    into
        projects
        (code, company_id, created_at, created_by, department_id, description, end_date, is_active, name, start_date, status, updated_at, updated_by, id) 
    values
        (?, ?, ?, ?, ?, ?, ?, ?, ?, ?, ?, ?, ?, default)
2025-07-08T20:07:37.612+02:00 DEBUG 2708 --- [bika] [           main] org.hibernate.SQL                        : 
    insert 
    into
        users
        (is_active, company_id, created_at, created_by, department_id, email, first_name, last_login, last_name, password, role, updated_at, updated_by, username, id) 
    values
        (?, ?, ?, ?, ?, ?, ?, ?, ?, ?, ?, ?, ?, ?, default)
Hibernate: 
    insert 
    into
        users
        (is_active, company_id, created_at, created_by, department_id, email, first_name, last_login, last_name, password, role, updated_at, updated_by, username, id) 
    values
        (?, ?, ?, ?, ?, ?, ?, ?, ?, ?, ?, ?, ?, ?, default)
2025-07-08T20:07:37.734+02:00 DEBUG 2708 --- [bika] [           main] org.hibernate.SQL                        : 
    insert 
    into
        users
        (is_active, company_id, created_at, created_by, department_id, email, first_name, last_login, last_name, password, role, updated_at, updated_by, username, id) 
    values
        (?, ?, ?, ?, ?, ?, ?, ?, ?, ?, ?, ?, ?, ?, default)
Hibernate: 
    insert 
    into
        users
        (is_active, company_id, created_at, created_by, department_id, email, first_name, last_login, last_name, password, role, updated_at, updated_by, username, id) 
    values
        (?, ?, ?, ?, ?, ?, ?, ?, ?, ?, ?, ?, ?, ?, default)
2025-07-08T20:07:37.738+02:00 DEBUG 2708 --- [bika] [           main] org.hibernate.SQL                        : 
    select
        c1_0.id,
        c1_0.is_active,
        c1_0.address,
        c1_0.code,
        c1_0.created_at,
        c1_0.created_by,
        c1_0.description,
        c1_0.email,
        c1_0.name,
        c1_0.phone,
        c1_0.updated_at,
        c1_0.updated_by 
    from
        companies c1_0 
    where
        c1_0.id=?
Hibernate: 
    select
        c1_0.id,
        c1_0.is_active,
        c1_0.address,
        c1_0.code,
        c1_0.created_at,
        c1_0.created_by,
        c1_0.description,
        c1_0.email,
        c1_0.name,
        c1_0.phone,
        c1_0.updated_at,
        c1_0.updated_by 
    from
        companies c1_0 
    where
        c1_0.id=?
2025-07-08T20:07:37.741+02:00 DEBUG 2708 --- [bika] [           main] org.hibernate.SQL                        : 
    select
        d1_0.id,
        d1_0.is_active,
        d1_0.code,
        d1_0.company_id,
        d1_0.created_at,
        d1_0.created_by,
        d1_0.name,
        d1_0.parent_id,
        d1_0.updated_at,
        d1_0.updated_by 
    from
        departments d1_0 
    where
        d1_0.id=?
Hibernate: 
    select
        d1_0.id,
        d1_0.is_active,
        d1_0.code,
        d1_0.company_id,
        d1_0.created_at,
        d1_0.created_by,
        d1_0.name,
        d1_0.parent_id,
        d1_0.updated_at,
        d1_0.updated_by 
    from
        departments d1_0 
    where
        d1_0.id=?
2025-07-08T20:07:37.742+02:00 DEBUG 2708 --- [bika] [           main] org.hibernate.SQL                        : 
    select
        p1_0.id,
        p1_0.code,
        p1_0.company_id,
        p1_0.created_at,
        p1_0.created_by,
        p1_0.department_id,
        p1_0.description,
        p1_0.end_date,
        p1_0.is_active,
        p1_0.name,
        p1_0.start_date,
        p1_0.status,
        p1_0.updated_at,
        p1_0.updated_by 
    from
        projects p1_0 
    where
        p1_0.id=?
Hibernate: 
    select
        p1_0.id,
        p1_0.code,
        p1_0.company_id,
        p1_0.created_at,
        p1_0.created_by,
        p1_0.department_id,
        p1_0.description,
        p1_0.end_date,
        p1_0.is_active,
        p1_0.name,
        p1_0.start_date,
        p1_0.status,
        p1_0.updated_at,
        p1_0.updated_by 
    from
        projects p1_0 
    where
        p1_0.id=?
2025-07-08T20:07:37.743+02:00 DEBUG 2708 --- [bika] [           main] org.hibernate.SQL                        : 
    select
        u1_0.id,
        u1_0.is_active,
        u1_0.company_id,
        u1_0.created_at,
        u1_0.created_by,
        u1_0.department_id,
        u1_0.email,
        u1_0.first_name,
        u1_0.last_login,
        u1_0.last_name,
        u1_0.password,
        u1_0.role,
        u1_0.updated_at,
        u1_0.updated_by,
        u1_0.username 
    from
        users u1_0 
    where
        u1_0.id=?
Hibernate: 
    select
        u1_0.id,
        u1_0.is_active,
        u1_0.company_id,
        u1_0.created_at,
        u1_0.created_by,
        u1_0.department_id,
        u1_0.email,
        u1_0.first_name,
        u1_0.last_login,
        u1_0.last_name,
        u1_0.password,
        u1_0.role,
        u1_0.updated_at,
        u1_0.updated_by,
        u1_0.username 
    from
        users u1_0 
    where
        u1_0.id=?
2025-07-08T20:07:37.746+02:00 DEBUG 2708 --- [bika] [           main] org.hibernate.SQL                        : 
    select
        u1_0.id,
        u1_0.is_active,
        u1_0.company_id,
        u1_0.created_at,
        u1_0.created_by,
        u1_0.department_id,
        u1_0.email,
        u1_0.first_name,
        u1_0.last_login,
        u1_0.last_name,
        u1_0.password,
        u1_0.role,
        u1_0.updated_at,
        u1_0.updated_by,
        u1_0.username 
    from
        users u1_0 
    where
        u1_0.email=?
Hibernate: 
    select
        u1_0.id,
        u1_0.is_active,
        u1_0.company_id,
        u1_0.created_at,
        u1_0.created_by,
        u1_0.department_id,
        u1_0.email,
        u1_0.first_name,
        u1_0.last_login,
        u1_0.last_name,
        u1_0.password,
        u1_0.role,
        u1_0.updated_at,
        u1_0.updated_by,
        u1_0.username 
    from
        users u1_0 
    where
        u1_0.email=?
2025-07-08T20:07:37.747+02:00 DEBUG 2708 --- [bika] [           main] org.hibernate.SQL                        : 
    select
        u1_0.id,
        u1_0.is_active,
        u1_0.company_id,
        u1_0.created_at,
        u1_0.created_by,
        u1_0.department_id,
        u1_0.email,
        u1_0.first_name,
        u1_0.last_login,
        u1_0.last_name,
        u1_0.password,
        u1_0.role,
        u1_0.updated_at,
        u1_0.updated_by,
        u1_0.username 
    from
        users u1_0 
    where
        u1_0.id=?
Hibernate: 
    select
        u1_0.id,
        u1_0.is_active,
        u1_0.company_id,
        u1_0.created_at,
        u1_0.created_by,
        u1_0.department_id,
        u1_0.email,
        u1_0.first_name,
        u1_0.last_login,
        u1_0.last_name,
        u1_0.password,
        u1_0.role,
        u1_0.updated_at,
        u1_0.updated_by,
        u1_0.username 
    from
        users u1_0 
    where
        u1_0.id=?
2025-07-08T20:07:37.748+02:00 DEBUG 2708 --- [bika] [           main] org.hibernate.SQL                        : 
    insert 
    into
        tasks
        (assigned_to, company_id, completed_date, created_at, created_by, creator_id, department_id, description, due_date, is_active, priority, project_id, start_date, status, title, updated_at, updated_by, id) 
    values
        (?, ?, ?, ?, ?, ?, ?, ?, ?, ?, ?, ?, ?, ?, ?, ?, ?, default)
Hibernate: 
    insert 
    into
        tasks
        (assigned_to, company_id, completed_date, created_at, created_by, creator_id, department_id, description, due_date, is_active, priority, project_id, start_date, status, title, updated_at, updated_by, id) 
    values
        (?, ?, ?, ?, ?, ?, ?, ?, ?, ?, ?, ?, ?, ?, ?, ?, ?, default)
2025-07-08T20:07:37.755+02:00 DEBUG 2708 --- [bika] [           main] org.hibernate.SQL                        : 
    select
        t1_0.id,
        t1_0.assigned_to,
        t1_0.company_id,
        t1_0.completed_date,
        t1_0.created_at,
        t1_0.created_by,
        t1_0.creator_id,
        t1_0.department_id,
        t1_0.description,
        t1_0.due_date,
        t1_0.is_active,
        t1_0.priority,
        t1_0.project_id,
        t1_0.start_date,
        t1_0.status,
        t1_0.title,
        t1_0.updated_at,
        t1_0.updated_by 
    from
        tasks t1_0 
    where
        t1_0.id=?
Hibernate: 
    select
        t1_0.id,
        t1_0.assigned_to,
        t1_0.company_id,
        t1_0.completed_date,
        t1_0.created_at,
        t1_0.created_by,
        t1_0.creator_id,
        t1_0.department_id,
        t1_0.description,
        t1_0.due_date,
        t1_0.is_active,
        t1_0.priority,
        t1_0.project_id,
        t1_0.start_date,
        t1_0.status,
        t1_0.title,
        t1_0.updated_at,
        t1_0.updated_by 
    from
        tasks t1_0 
    where
        t1_0.id=?
2025-07-08T20:07:37.757+02:00 DEBUG 2708 --- [bika] [           main] org.hibernate.SQL                        : 
    select
        u1_0.id,
        u1_0.is_active,
        u1_0.company_id,
        u1_0.created_at,
        u1_0.created_by,
        u1_0.department_id,
        u1_0.email,
        u1_0.first_name,
        u1_0.last_login,
        u1_0.last_name,
        u1_0.password,
        u1_0.role,
        u1_0.updated_at,
        u1_0.updated_by,
        u1_0.username 
    from
        users u1_0 
    where
        u1_0.id=?
Hibernate: 
    select
        u1_0.id,
        u1_0.is_active,
        u1_0.company_id,
        u1_0.created_at,
        u1_0.created_by,
        u1_0.department_id,
        u1_0.email,
        u1_0.first_name,
        u1_0.last_login,
        u1_0.last_name,
        u1_0.password,
        u1_0.role,
        u1_0.updated_at,
        u1_0.updated_by,
        u1_0.username 
    from
        users u1_0 
    where
        u1_0.id=?
2025-07-08T20:07:37.758+02:00 DEBUG 2708 --- [bika] [           main] org.hibernate.SQL                        : 
    select
        u1_0.id,
        u1_0.is_active,
        u1_0.company_id,
        u1_0.created_at,
        u1_0.created_by,
        u1_0.department_id,
        u1_0.email,
        u1_0.first_name,
        u1_0.last_login,
        u1_0.last_name,
        u1_0.password,
        u1_0.role,
        u1_0.updated_at,
        u1_0.updated_by,
        u1_0.username 
    from
        users u1_0 
    where
        u1_0.id=?
Hibernate: 
    select
        u1_0.id,
        u1_0.is_active,
        u1_0.company_id,
        u1_0.created_at,
        u1_0.created_by,
        u1_0.department_id,
        u1_0.email,
        u1_0.first_name,
        u1_0.last_login,
        u1_0.last_name,
        u1_0.password,
        u1_0.role,
        u1_0.updated_at,
        u1_0.updated_by,
        u1_0.username 
    from
        users u1_0 
    where
        u1_0.id=?
2025-07-08T20:07:37.758+02:00 DEBUG 2708 --- [bika] [           main] org.hibernate.SQL                        : 
    select
        c1_0.id,
        c1_0.is_active,
        c1_0.address,
        c1_0.code,
        c1_0.created_at,
        c1_0.created_by,
        c1_0.description,
        c1_0.email,
        c1_0.name,
        c1_0.phone,
        c1_0.updated_at,
        c1_0.updated_by 
    from
        companies c1_0 
    where
        c1_0.id=?
Hibernate: 
    select
        c1_0.id,
        c1_0.is_active,
        c1_0.address,
        c1_0.code,
        c1_0.created_at,
        c1_0.created_by,
        c1_0.description,
        c1_0.email,
        c1_0.name,
        c1_0.phone,
        c1_0.updated_at,
        c1_0.updated_by 
    from
        companies c1_0 
    where
        c1_0.id=?
2025-07-08T20:07:37.760+02:00 DEBUG 2708 --- [bika] [           main] org.hibernate.SQL                        : 
    select
        d1_0.id,
        d1_0.is_active,
        d1_0.code,
        d1_0.company_id,
        d1_0.created_at,
        d1_0.created_by,
        d1_0.name,
        d1_0.parent_id,
        d1_0.updated_at,
        d1_0.updated_by 
    from
        departments d1_0 
    where
        d1_0.id=?
Hibernate: 
    select
        d1_0.id,
        d1_0.is_active,
        d1_0.code,
        d1_0.company_id,
        d1_0.created_at,
        d1_0.created_by,
        d1_0.name,
        d1_0.parent_id,
        d1_0.updated_at,
        d1_0.updated_by 
    from
        departments d1_0 
    where
        d1_0.id=?
2025-07-08T20:07:37.761+02:00 DEBUG 2708 --- [bika] [           main] org.hibernate.SQL                        : 
    select
        p1_0.id,
        p1_0.code,
        p1_0.company_id,
        p1_0.created_at,
        p1_0.created_by,
        p1_0.department_id,
        p1_0.description,
        p1_0.end_date,
        p1_0.is_active,
        p1_0.name,
        p1_0.start_date,
        p1_0.status,
        p1_0.updated_at,
        p1_0.updated_by 
    from
        projects p1_0 
    where
        p1_0.id=?
Hibernate: 
    select
        p1_0.id,
        p1_0.code,
        p1_0.company_id,
        p1_0.created_at,
        p1_0.created_by,
        p1_0.department_id,
        p1_0.description,
        p1_0.end_date,
        p1_0.is_active,
        p1_0.name,
        p1_0.start_date,
        p1_0.status,
        p1_0.updated_at,
        p1_0.updated_by 
    from
        projects p1_0 
    where
        p1_0.id=?
2025-07-08T20:07:37.766+02:00 DEBUG 2708 --- [bika] [           main] org.hibernate.SQL                        : 
    select
        t1_0.id,
        t1_0.assigned_to,
        t1_0.company_id,
        t1_0.completed_date,
        t1_0.created_at,
        t1_0.created_by,
        t1_0.creator_id,
        t1_0.department_id,
        t1_0.description,
        t1_0.due_date,
        t1_0.is_active,
        t1_0.priority,
        t1_0.project_id,
        t1_0.start_date,
        t1_0.status,
        t1_0.title,
        t1_0.updated_at,
        t1_0.updated_by 
    from
        tasks t1_0
Hibernate: 
    select
        t1_0.id,
        t1_0.assigned_to,
        t1_0.company_id,
        t1_0.completed_date,
        t1_0.created_at,
        t1_0.created_by,
        t1_0.creator_id,
        t1_0.department_id,
        t1_0.description,
        t1_0.due_date,
        t1_0.is_active,
        t1_0.priority,
        t1_0.project_id,
        t1_0.start_date,
        t1_0.status,
        t1_0.title,
        t1_0.updated_at,
        t1_0.updated_by 
    from
        tasks t1_0
2025-07-08T20:07:37.768+02:00 DEBUG 2708 --- [bika] [           main] org.hibernate.SQL                        : 
    delete 
    from
        tasks 
    where
        id=?
Hibernate: 
    delete 
    from
        tasks 
    where
        id=?
2025-07-08T20:07:37.770+02:00 DEBUG 2708 --- [bika] [           main] org.hibernate.SQL                        : 
    select
        u1_0.id,
        u1_0.is_active,
        u1_0.company_id,
        u1_0.created_at,
        u1_0.created_by,
        u1_0.department_id,
        u1_0.email,
        u1_0.first_name,
        u1_0.last_login,
        u1_0.last_name,
        u1_0.password,
        u1_0.role,
        u1_0.updated_at,
        u1_0.updated_by,
        u1_0.username 
    from
        users u1_0
Hibernate: 
    select
        u1_0.id,
        u1_0.is_active,
        u1_0.company_id,
        u1_0.created_at,
        u1_0.created_by,
        u1_0.department_id,
        u1_0.email,
        u1_0.first_name,
        u1_0.last_login,
        u1_0.last_name,
        u1_0.password,
        u1_0.role,
        u1_0.updated_at,
        u1_0.updated_by,
        u1_0.username 
    from
        users u1_0
2025-07-08T20:07:37.772+02:00 DEBUG 2708 --- [bika] [           main] org.hibernate.SQL                        : 
    delete 
    from
        users 
    where
        id=?
Hibernate: 
    delete 
    from
        users 
    where
        id=?
2025-07-08T20:07:37.773+02:00 DEBUG 2708 --- [bika] [           main] org.hibernate.SQL                        : 
    delete 
    from
        users 
    where
        id=?
Hibernate: 
    delete 
    from
        users 
    where
        id=?
2025-07-08T20:07:37.775+02:00 DEBUG 2708 --- [bika] [           main] org.hibernate.SQL                        : 
    select
        p1_0.id,
        p1_0.code,
        p1_0.company_id,
        p1_0.created_at,
        p1_0.created_by,
        p1_0.department_id,
        p1_0.description,
        p1_0.end_date,
        p1_0.is_active,
        p1_0.name,
        p1_0.start_date,
        p1_0.status,
        p1_0.updated_at,
        p1_0.updated_by 
    from
        projects p1_0
Hibernate: 
    select
        p1_0.id,
        p1_0.code,
        p1_0.company_id,
        p1_0.created_at,
        p1_0.created_by,
        p1_0.department_id,
        p1_0.description,
        p1_0.end_date,
        p1_0.is_active,
        p1_0.name,
        p1_0.start_date,
        p1_0.status,
        p1_0.updated_at,
        p1_0.updated_by 
    from
        projects p1_0
2025-07-08T20:07:37.778+02:00 DEBUG 2708 --- [bika] [           main] org.hibernate.SQL                        : 
    delete 
    from
        projects 
    where
        id=?
Hibernate: 
    delete 
    from
        projects 
    where
        id=?
2025-07-08T20:07:37.781+02:00 DEBUG 2708 --- [bika] [           main] org.hibernate.SQL                        : 
    select
        d1_0.id,
        d1_0.is_active,
        d1_0.code,
        d1_0.company_id,
        d1_0.created_at,
        d1_0.created_by,
        d1_0.name,
        d1_0.parent_id,
        d1_0.updated_at,
        d1_0.updated_by 
    from
        departments d1_0
Hibernate: 
    select
        d1_0.id,
        d1_0.is_active,
        d1_0.code,
        d1_0.company_id,
        d1_0.created_at,
        d1_0.created_by,
        d1_0.name,
        d1_0.parent_id,
        d1_0.updated_at,
        d1_0.updated_by 
    from
        departments d1_0
2025-07-08T20:07:37.783+02:00 DEBUG 2708 --- [bika] [           main] org.hibernate.SQL                        : 
    delete 
    from
        departments 
    where
        id=?
Hibernate: 
    delete 
    from
        departments 
    where
        id=?
2025-07-08T20:07:37.785+02:00 DEBUG 2708 --- [bika] [           main] org.hibernate.SQL                        : 
    select
        c1_0.id,
        c1_0.is_active,
        c1_0.address,
        c1_0.code,
        c1_0.created_at,
        c1_0.created_by,
        c1_0.description,
        c1_0.email,
        c1_0.name,
        c1_0.phone,
        c1_0.updated_at,
        c1_0.updated_by 
    from
        companies c1_0
Hibernate: 
    select
        c1_0.id,
        c1_0.is_active,
        c1_0.address,
        c1_0.code,
        c1_0.created_at,
        c1_0.created_by,
        c1_0.description,
        c1_0.email,
        c1_0.name,
        c1_0.phone,
        c1_0.updated_at,
        c1_0.updated_by 
    from
        companies c1_0
2025-07-08T20:07:37.787+02:00 DEBUG 2708 --- [bika] [           main] org.hibernate.SQL                        : 
    select
        d1_0.company_id,
        d1_0.id,
        d1_0.is_active,
        d1_0.code,
        d1_0.created_at,
        d1_0.created_by,
        d1_0.name,
        d1_0.parent_id,
        d1_0.updated_at,
        d1_0.updated_by 
    from
        departments d1_0 
    where
        d1_0.company_id=?
Hibernate: 
    select
        d1_0.company_id,
        d1_0.id,
        d1_0.is_active,
        d1_0.code,
        d1_0.created_at,
        d1_0.created_by,
        d1_0.name,
        d1_0.parent_id,
        d1_0.updated_at,
        d1_0.updated_by 
    from
        departments d1_0 
    where
        d1_0.company_id=?
2025-07-08T20:07:37.788+02:00 DEBUG 2708 --- [bika] [           main] org.hibernate.SQL                        : 
    delete 
    from
        companies 
    where
        id=?
Hibernate: 
    delete 
    from
        companies 
    where
        id=?
]]></system-out>
  </testcase>
  <testcase name="getTasksByUser_ShouldSucceed_WhenAdmin" classname="com.bika.task.controller.TaskControllerIntegrationTest" time="0.305">
    <system-out><![CDATA[2025-07-08T20:07:37.795+02:00  INFO 2708 --- [bika] [           main] o.s.b.t.m.w.SpringBootMockServletContext : Initializing Spring TestDispatcherServlet ''
2025-07-08T20:07:37.795+02:00  INFO 2708 --- [bika] [           main] o.s.t.web.servlet.TestDispatcherServlet  : Initializing Servlet ''
2025-07-08T20:07:37.796+02:00  INFO 2708 --- [bika] [           main] o.s.t.web.servlet.TestDispatcherServlet  : Completed initialization in 1 ms
2025-07-08T20:07:37.797+02:00 DEBUG 2708 --- [bika] [           main] org.hibernate.SQL                        : 
    insert 
    into
        companies
        (is_active, address, code, created_at, created_by, description, email, name, phone, updated_at, updated_by, id) 
    values
        (?, ?, ?, ?, ?, ?, ?, ?, ?, ?, ?, default)
Hibernate: 
    insert 
    into
        companies
        (is_active, address, code, created_at, created_by, description, email, name, phone, updated_at, updated_by, id) 
    values
        (?, ?, ?, ?, ?, ?, ?, ?, ?, ?, ?, default)
2025-07-08T20:07:37.800+02:00 DEBUG 2708 --- [bika] [           main] org.hibernate.SQL                        : 
    insert 
    into
        departments
        (is_active, code, company_id, created_at, created_by, name, parent_id, updated_at, updated_by, id) 
    values
        (?, ?, ?, ?, ?, ?, ?, ?, ?, default)
Hibernate: 
    insert 
    into
        departments
        (is_active, code, company_id, created_at, created_by, name, parent_id, updated_at, updated_by, id) 
    values
        (?, ?, ?, ?, ?, ?, ?, ?, ?, default)
2025-07-08T20:07:37.801+02:00 DEBUG 2708 --- [bika] [           main] org.hibernate.SQL                        : 
    insert 
    into
        projects
        (code, company_id, created_at, created_by, department_id, description, end_date, is_active, name, start_date, status, updated_at, updated_by, id) 
    values
        (?, ?, ?, ?, ?, ?, ?, ?, ?, ?, ?, ?, ?, default)
Hibernate: 
    insert 
    into
        projects
        (code, company_id, created_at, created_by, department_id, description, end_date, is_active, name, start_date, status, updated_at, updated_by, id) 
    values
        (?, ?, ?, ?, ?, ?, ?, ?, ?, ?, ?, ?, ?, default)
2025-07-08T20:07:37.938+02:00 DEBUG 2708 --- [bika] [           main] org.hibernate.SQL                        : 
    insert 
    into
        users
        (is_active, company_id, created_at, created_by, department_id, email, first_name, last_login, last_name, password, role, updated_at, updated_by, username, id) 
    values
        (?, ?, ?, ?, ?, ?, ?, ?, ?, ?, ?, ?, ?, ?, default)
Hibernate: 
    insert 
    into
        users
        (is_active, company_id, created_at, created_by, department_id, email, first_name, last_login, last_name, password, role, updated_at, updated_by, username, id) 
    values
        (?, ?, ?, ?, ?, ?, ?, ?, ?, ?, ?, ?, ?, ?, default)
2025-07-08T20:07:38.070+02:00 DEBUG 2708 --- [bika] [           main] org.hibernate.SQL                        : 
    insert 
    into
        users
        (is_active, company_id, created_at, created_by, department_id, email, first_name, last_login, last_name, password, role, updated_at, updated_by, username, id) 
    values
        (?, ?, ?, ?, ?, ?, ?, ?, ?, ?, ?, ?, ?, ?, default)
Hibernate: 
    insert 
    into
        users
        (is_active, company_id, created_at, created_by, department_id, email, first_name, last_login, last_name, password, role, updated_at, updated_by, username, id) 
    values
        (?, ?, ?, ?, ?, ?, ?, ?, ?, ?, ?, ?, ?, ?, default)
2025-07-08T20:07:38.074+02:00 DEBUG 2708 --- [bika] [           main] org.hibernate.SQL                        : 
    select
        u1_0.id,
        u1_0.is_active,
        u1_0.company_id,
        u1_0.created_at,
        u1_0.created_by,
        u1_0.department_id,
        u1_0.email,
        u1_0.first_name,
        u1_0.last_login,
        u1_0.last_name,
        u1_0.password,
        u1_0.role,
        u1_0.updated_at,
        u1_0.updated_by,
        u1_0.username 
    from
        users u1_0 
    where
        u1_0.id=?
Hibernate: 
    select
        u1_0.id,
        u1_0.is_active,
        u1_0.company_id,
        u1_0.created_at,
        u1_0.created_by,
        u1_0.department_id,
        u1_0.email,
        u1_0.first_name,
        u1_0.last_login,
        u1_0.last_name,
        u1_0.password,
        u1_0.role,
        u1_0.updated_at,
        u1_0.updated_by,
        u1_0.username 
    from
        users u1_0 
    where
        u1_0.id=?
2025-07-08T20:07:38.077+02:00 DEBUG 2708 --- [bika] [           main] org.hibernate.SQL                        : 
    select
        t1_0.id,
        t1_0.assigned_to,
        t1_0.company_id,
        t1_0.completed_date,
        t1_0.created_at,
        t1_0.created_by,
        t1_0.creator_id,
        t1_0.department_id,
        t1_0.description,
        t1_0.due_date,
        t1_0.is_active,
        t1_0.priority,
        t1_0.project_id,
        t1_0.start_date,
        t1_0.status,
        t1_0.title,
        t1_0.updated_at,
        t1_0.updated_by 
    from
        tasks t1_0 
    where
        t1_0.assigned_to=?
Hibernate: 
    select
        t1_0.id,
        t1_0.assigned_to,
        t1_0.company_id,
        t1_0.completed_date,
        t1_0.created_at,
        t1_0.created_by,
        t1_0.creator_id,
        t1_0.department_id,
        t1_0.description,
        t1_0.due_date,
        t1_0.is_active,
        t1_0.priority,
        t1_0.project_id,
        t1_0.start_date,
        t1_0.status,
        t1_0.title,
        t1_0.updated_at,
        t1_0.updated_by 
    from
        tasks t1_0 
    where
        t1_0.assigned_to=?
2025-07-08T20:07:38.081+02:00 DEBUG 2708 --- [bika] [           main] org.hibernate.SQL                        : 
    select
        t1_0.id,
        t1_0.assigned_to,
        t1_0.company_id,
        t1_0.completed_date,
        t1_0.created_at,
        t1_0.created_by,
        t1_0.creator_id,
        t1_0.department_id,
        t1_0.description,
        t1_0.due_date,
        t1_0.is_active,
        t1_0.priority,
        t1_0.project_id,
        t1_0.start_date,
        t1_0.status,
        t1_0.title,
        t1_0.updated_at,
        t1_0.updated_by 
    from
        tasks t1_0
Hibernate: 
    select
        t1_0.id,
        t1_0.assigned_to,
        t1_0.company_id,
        t1_0.completed_date,
        t1_0.created_at,
        t1_0.created_by,
        t1_0.creator_id,
        t1_0.department_id,
        t1_0.description,
        t1_0.due_date,
        t1_0.is_active,
        t1_0.priority,
        t1_0.project_id,
        t1_0.start_date,
        t1_0.status,
        t1_0.title,
        t1_0.updated_at,
        t1_0.updated_by 
    from
        tasks t1_0
2025-07-08T20:07:38.083+02:00 DEBUG 2708 --- [bika] [           main] org.hibernate.SQL                        : 
    select
        u1_0.id,
        u1_0.is_active,
        u1_0.company_id,
        u1_0.created_at,
        u1_0.created_by,
        u1_0.department_id,
        u1_0.email,
        u1_0.first_name,
        u1_0.last_login,
        u1_0.last_name,
        u1_0.password,
        u1_0.role,
        u1_0.updated_at,
        u1_0.updated_by,
        u1_0.username 
    from
        users u1_0
Hibernate: 
    select
        u1_0.id,
        u1_0.is_active,
        u1_0.company_id,
        u1_0.created_at,
        u1_0.created_by,
        u1_0.department_id,
        u1_0.email,
        u1_0.first_name,
        u1_0.last_login,
        u1_0.last_name,
        u1_0.password,
        u1_0.role,
        u1_0.updated_at,
        u1_0.updated_by,
        u1_0.username 
    from
        users u1_0
2025-07-08T20:07:38.085+02:00 DEBUG 2708 --- [bika] [           main] org.hibernate.SQL                        : 
    delete 
    from
        users 
    where
        id=?
Hibernate: 
    delete 
    from
        users 
    where
        id=?
2025-07-08T20:07:38.085+02:00 DEBUG 2708 --- [bika] [           main] org.hibernate.SQL                        : 
    delete 
    from
        users 
    where
        id=?
Hibernate: 
    delete 
    from
        users 
    where
        id=?
2025-07-08T20:07:38.086+02:00 DEBUG 2708 --- [bika] [           main] org.hibernate.SQL                        : 
    select
        p1_0.id,
        p1_0.code,
        p1_0.company_id,
        p1_0.created_at,
        p1_0.created_by,
        p1_0.department_id,
        p1_0.description,
        p1_0.end_date,
        p1_0.is_active,
        p1_0.name,
        p1_0.start_date,
        p1_0.status,
        p1_0.updated_at,
        p1_0.updated_by 
    from
        projects p1_0
Hibernate: 
    select
        p1_0.id,
        p1_0.code,
        p1_0.company_id,
        p1_0.created_at,
        p1_0.created_by,
        p1_0.department_id,
        p1_0.description,
        p1_0.end_date,
        p1_0.is_active,
        p1_0.name,
        p1_0.start_date,
        p1_0.status,
        p1_0.updated_at,
        p1_0.updated_by 
    from
        projects p1_0
2025-07-08T20:07:38.088+02:00 DEBUG 2708 --- [bika] [           main] org.hibernate.SQL                        : 
    delete 
    from
        projects 
    where
        id=?
Hibernate: 
    delete 
    from
        projects 
    where
        id=?
2025-07-08T20:07:38.090+02:00 DEBUG 2708 --- [bika] [           main] org.hibernate.SQL                        : 
    select
        d1_0.id,
        d1_0.is_active,
        d1_0.code,
        d1_0.company_id,
        d1_0.created_at,
        d1_0.created_by,
        d1_0.name,
        d1_0.parent_id,
        d1_0.updated_at,
        d1_0.updated_by 
    from
        departments d1_0
Hibernate: 
    select
        d1_0.id,
        d1_0.is_active,
        d1_0.code,
        d1_0.company_id,
        d1_0.created_at,
        d1_0.created_by,
        d1_0.name,
        d1_0.parent_id,
        d1_0.updated_at,
        d1_0.updated_by 
    from
        departments d1_0
2025-07-08T20:07:38.091+02:00 DEBUG 2708 --- [bika] [           main] org.hibernate.SQL                        : 
    delete 
    from
        departments 
    where
        id=?
Hibernate: 
    delete 
    from
        departments 
    where
        id=?
2025-07-08T20:07:38.093+02:00 DEBUG 2708 --- [bika] [           main] org.hibernate.SQL                        : 
    select
        c1_0.id,
        c1_0.is_active,
        c1_0.address,
        c1_0.code,
        c1_0.created_at,
        c1_0.created_by,
        c1_0.description,
        c1_0.email,
        c1_0.name,
        c1_0.phone,
        c1_0.updated_at,
        c1_0.updated_by 
    from
        companies c1_0
Hibernate: 
    select
        c1_0.id,
        c1_0.is_active,
        c1_0.address,
        c1_0.code,
        c1_0.created_at,
        c1_0.created_by,
        c1_0.description,
        c1_0.email,
        c1_0.name,
        c1_0.phone,
        c1_0.updated_at,
        c1_0.updated_by 
    from
        companies c1_0
2025-07-08T20:07:38.094+02:00 DEBUG 2708 --- [bika] [           main] org.hibernate.SQL                        : 
    select
        d1_0.company_id,
        d1_0.id,
        d1_0.is_active,
        d1_0.code,
        d1_0.created_at,
        d1_0.created_by,
        d1_0.name,
        d1_0.parent_id,
        d1_0.updated_at,
        d1_0.updated_by 
    from
        departments d1_0 
    where
        d1_0.company_id=?
Hibernate: 
    select
        d1_0.company_id,
        d1_0.id,
        d1_0.is_active,
        d1_0.code,
        d1_0.created_at,
        d1_0.created_by,
        d1_0.name,
        d1_0.parent_id,
        d1_0.updated_at,
        d1_0.updated_by 
    from
        departments d1_0 
    where
        d1_0.company_id=?
2025-07-08T20:07:38.095+02:00 DEBUG 2708 --- [bika] [           main] org.hibernate.SQL                        : 
    delete 
    from
        companies 
    where
        id=?
Hibernate: 
    delete 
    from
        companies 
    where
        id=?
]]></system-out>
  </testcase>
[...]
        companies
        (is_active, address, code, created_at, created_by, description, email, name, phone, updated_at, updated_by, id) 
    values
        (?, ?, ?, ?, ?, ?, ?, ?, ?, ?, ?, default)
Hibernate: 
    insert 
    into
        companies
        (is_active, address, code, created_at, created_by, description, email, name, phone, updated_at, updated_by, id) 
    values
        (?, ?, ?, ?, ?, ?, ?, ?, ?, ?, ?, default)
2025-07-08T20:07:42.914+02:00 DEBUG 2708 --- [bika] [           main] org.hibernate.SQL                        : 
    insert 
    into
        departments
        (is_active, code, company_id, created_at, created_by, name, parent_id, updated_at, updated_by, id) 
    values
        (?, ?, ?, ?, ?, ?, ?, ?, ?, default)
Hibernate: 
    insert 
    into
        departments
        (is_active, code, company_id, created_at, created_by, name, parent_id, updated_at, updated_by, id) 
    values
        (?, ?, ?, ?, ?, ?, ?, ?, ?, default)
2025-07-08T20:07:42.915+02:00 DEBUG 2708 --- [bika] [           main] org.hibernate.SQL                        : 
    insert 
    into
        projects
        (code, company_id, created_at, created_by, department_id, description, end_date, is_active, name, start_date, status, updated_at, updated_by, id) 
    values
        (?, ?, ?, ?, ?, ?, ?, ?, ?, ?, ?, ?, ?, default)
Hibernate: 
    insert 
    into
        projects
        (code, company_id, created_at, created_by, department_id, description, end_date, is_active, name, start_date, status, updated_at, updated_by, id) 
    values
        (?, ?, ?, ?, ?, ?, ?, ?, ?, ?, ?, ?, ?, default)
2025-07-08T20:07:43.083+02:00 DEBUG 2708 --- [bika] [           main] org.hibernate.SQL                        : 
    insert 
    into
        users
        (is_active, company_id, created_at, created_by, department_id, email, first_name, last_login, last_name, password, role, updated_at, updated_by, username, id) 
    values
        (?, ?, ?, ?, ?, ?, ?, ?, ?, ?, ?, ?, ?, ?, default)
Hibernate: 
    insert 
    into
        users
        (is_active, company_id, created_at, created_by, department_id, email, first_name, last_login, last_name, password, role, updated_at, updated_by, username, id) 
    values
        (?, ?, ?, ?, ?, ?, ?, ?, ?, ?, ?, ?, ?, ?, default)
2025-07-08T20:07:43.199+02:00 DEBUG 2708 --- [bika] [           main] org.hibernate.SQL                        : 
    insert 
    into
        users
        (is_active, company_id, created_at, created_by, department_id, email, first_name, last_login, last_name, password, role, updated_at, updated_by, username, id) 
    values
        (?, ?, ?, ?, ?, ?, ?, ?, ?, ?, ?, ?, ?, ?, default)
Hibernate: 
    insert 
    into
        users
        (is_active, company_id, created_at, created_by, department_id, email, first_name, last_login, last_name, password, role, updated_at, updated_by, username, id) 
    values
        (?, ?, ?, ?, ?, ?, ?, ?, ?, ?, ?, ?, ?, ?, default)
2025-07-08T20:07:43.203+02:00 DEBUG 2708 --- [bika] [           main] org.hibernate.SQL                        : 
    select
        d1_0.id,
        d1_0.is_active,
        d1_0.code,
        d1_0.company_id,
        d1_0.created_at,
        d1_0.created_by,
        d1_0.name,
        d1_0.parent_id,
        d1_0.updated_at,
        d1_0.updated_by 
    from
        departments d1_0 
    where
        d1_0.id=?
Hibernate: 
    select
        d1_0.id,
        d1_0.is_active,
        d1_0.code,
        d1_0.company_id,
        d1_0.created_at,
        d1_0.created_by,
        d1_0.name,
        d1_0.parent_id,
        d1_0.updated_at,
        d1_0.updated_by 
    from
        departments d1_0 
    where
        d1_0.id=?
2025-07-08T20:07:43.206+02:00 DEBUG 2708 --- [bika] [           main] org.hibernate.SQL                        : 
    select
        t1_0.id,
        t1_0.assigned_to,
        t1_0.company_id,
        t1_0.completed_date,
        t1_0.created_at,
        t1_0.created_by,
        t1_0.creator_id,
        t1_0.department_id,
        t1_0.description,
        t1_0.due_date,
        t1_0.is_active,
        t1_0.priority,
        t1_0.project_id,
        t1_0.start_date,
        t1_0.status,
        t1_0.title,
        t1_0.updated_at,
        t1_0.updated_by 
    from
        tasks t1_0
Hibernate: 
    select
        t1_0.id,
        t1_0.assigned_to,
        t1_0.company_id,
        t1_0.completed_date,
        t1_0.created_at,
        t1_0.created_by,
        t1_0.creator_id,
        t1_0.department_id,
        t1_0.description,
        t1_0.due_date,
        t1_0.is_active,
        t1_0.priority,
        t1_0.project_id,
        t1_0.start_date,
        t1_0.status,
        t1_0.title,
        t1_0.updated_at,
        t1_0.updated_by 
    from
        tasks t1_0
2025-07-08T20:07:43.209+02:00 DEBUG 2708 --- [bika] [           main] org.hibernate.SQL                        : 
    select
        u1_0.id,
        u1_0.is_active,
        u1_0.company_id,
        u1_0.created_at,
        u1_0.created_by,
        u1_0.department_id,
        u1_0.email,
        u1_0.first_name,
        u1_0.last_login,
        u1_0.last_name,
        u1_0.password,
        u1_0.role,
        u1_0.updated_at,
        u1_0.updated_by,
        u1_0.username 
    from
        users u1_0
Hibernate: 
    select
        u1_0.id,
        u1_0.is_active,
        u1_0.company_id,
        u1_0.created_at,
        u1_0.created_by,
        u1_0.department_id,
        u1_0.email,
        u1_0.first_name,
        u1_0.last_login,
        u1_0.last_name,
        u1_0.password,
        u1_0.role,
        u1_0.updated_at,
        u1_0.updated_by,
        u1_0.username 
    from
        users u1_0
2025-07-08T20:07:43.210+02:00 DEBUG 2708 --- [bika] [           main] org.hibernate.SQL                        : 
    delete 
    from
        users 
    where
        id=?
Hibernate: 
    delete 
    from
        users 
    where
        id=?
2025-07-08T20:07:43.211+02:00 DEBUG 2708 --- [bika] [           main] org.hibernate.SQL                        : 
    delete 
    from
        users 
    where
        id=?
Hibernate: 
    delete 
    from
        users 
    where
        id=?
2025-07-08T20:07:43.212+02:00 DEBUG 2708 --- [bika] [           main] org.hibernate.SQL                        : 
    select
        p1_0.id,
        p1_0.code,
        p1_0.company_id,
        p1_0.created_at,
        p1_0.created_by,
        p1_0.department_id,
        p1_0.description,
        p1_0.end_date,
        p1_0.is_active,
        p1_0.name,
        p1_0.start_date,
        p1_0.status,
        p1_0.updated_at,
        p1_0.updated_by 
    from
        projects p1_0
Hibernate: 
    select
        p1_0.id,
        p1_0.code,
        p1_0.company_id,
        p1_0.created_at,
        p1_0.created_by,
        p1_0.department_id,
        p1_0.description,
        p1_0.end_date,
        p1_0.is_active,
        p1_0.name,
        p1_0.start_date,
        p1_0.status,
        p1_0.updated_at,
        p1_0.updated_by 
    from
        projects p1_0
2025-07-08T20:07:43.213+02:00 DEBUG 2708 --- [bika] [           main] org.hibernate.SQL                        : 
    delete 
    from
        projects 
    where
        id=?
Hibernate: 
    delete 
    from
        projects 
    where
        id=?
2025-07-08T20:07:43.214+02:00 DEBUG 2708 --- [bika] [           main] org.hibernate.SQL                        : 
    select
        d1_0.id,
        d1_0.is_active,
        d1_0.code,
        d1_0.company_id,
        d1_0.created_at,
        d1_0.created_by,
        d1_0.name,
        d1_0.parent_id,
        d1_0.updated_at,
        d1_0.updated_by 
    from
        departments d1_0
Hibernate: 
    select
        d1_0.id,
        d1_0.is_active,
        d1_0.code,
        d1_0.company_id,
        d1_0.created_at,
        d1_0.created_by,
        d1_0.name,
        d1_0.parent_id,
        d1_0.updated_at,
        d1_0.updated_by 
    from
        departments d1_0
2025-07-08T20:07:43.215+02:00 DEBUG 2708 --- [bika] [           main] org.hibernate.SQL                        : 
    delete 
    from
        departments 
    where
        id=?
Hibernate: 
    delete 
    from
        departments 
    where
        id=?
2025-07-08T20:07:43.217+02:00 DEBUG 2708 --- [bika] [           main] org.hibernate.SQL                        : 
    select
        c1_0.id,
        c1_0.is_active,
        c1_0.address,
        c1_0.code,
        c1_0.created_at,
        c1_0.created_by,
        c1_0.description,
        c1_0.email,
        c1_0.name,
        c1_0.phone,
        c1_0.updated_at,
        c1_0.updated_by 
    from
        companies c1_0
Hibernate: 
    select
        c1_0.id,
        c1_0.is_active,
        c1_0.address,
        c1_0.code,
        c1_0.created_at,
        c1_0.created_by,
        c1_0.description,
        c1_0.email,
        c1_0.name,
        c1_0.phone,
        c1_0.updated_at,
        c1_0.updated_by 
    from
        companies c1_0
2025-07-08T20:07:43.218+02:00 DEBUG 2708 --- [bika] [           main] org.hibernate.SQL                        : 
    select
        d1_0.company_id,
        d1_0.id,
        d1_0.is_active,
        d1_0.code,
        d1_0.created_at,
        d1_0.created_by,
        d1_0.name,
        d1_0.parent_id,
        d1_0.updated_at,
        d1_0.updated_by 
    from
        departments d1_0 
    where
        d1_0.company_id=?
Hibernate: 
    select
        d1_0.company_id,
        d1_0.id,
        d1_0.is_active,
        d1_0.code,
        d1_0.created_at,
        d1_0.created_by,
        d1_0.name,
        d1_0.parent_id,
        d1_0.updated_at,
        d1_0.updated_by 
    from
        departments d1_0 
    where
        d1_0.company_id=?
2025-07-08T20:07:43.232+02:00 DEBUG 2708 --- [bika] [           main] org.hibernate.SQL                        : 
    delete 
    from
        companies 
    where
        id=?
Hibernate: 
    delete 
    from
        companies 
    where
        id=?
]]></system-out>
  </testcase>
  <testcase name="deleteTask_ShouldFail_WhenManager" classname="com.bika.task.controller.TaskControllerIntegrationTest" time="0.304">
    <system-out><![CDATA[2025-07-08T20:07:43.247+02:00  INFO 2708 --- [bika] [           main] o.s.b.t.m.w.SpringBootMockServletContext : Initializing Spring TestDispatcherServlet ''
2025-07-08T20:07:43.247+02:00  INFO 2708 --- [bika] [           main] o.s.t.web.servlet.TestDispatcherServlet  : Initializing Servlet ''
2025-07-08T20:07:43.252+02:00  INFO 2708 --- [bika] [           main] o.s.t.web.servlet.TestDispatcherServlet  : Completed initialization in 5 ms
2025-07-08T20:07:43.255+02:00 DEBUG 2708 --- [bika] [           main] org.hibernate.SQL                        : 
    insert 
    into
        companies
        (is_active, address, code, created_at, created_by, description, email, name, phone, updated_at, updated_by, id) 
    values
        (?, ?, ?, ?, ?, ?, ?, ?, ?, ?, ?, default)
Hibernate: 
    insert 
    into
        companies
        (is_active, address, code, created_at, created_by, description, email, name, phone, updated_at, updated_by, id) 
    values
        (?, ?, ?, ?, ?, ?, ?, ?, ?, ?, ?, default)
2025-07-08T20:07:43.273+02:00 DEBUG 2708 --- [bika] [           main] org.hibernate.SQL                        : 
    insert 
    into
        departments
        (is_active, code, company_id, created_at, created_by, name, parent_id, updated_at, updated_by, id) 
    values
        (?, ?, ?, ?, ?, ?, ?, ?, ?, default)
Hibernate: 
    insert 
    into
        departments
        (is_active, code, company_id, created_at, created_by, name, parent_id, updated_at, updated_by, id) 
    values
        (?, ?, ?, ?, ?, ?, ?, ?, ?, default)
2025-07-08T20:07:43.277+02:00 DEBUG 2708 --- [bika] [           main] org.hibernate.SQL                        : 
    insert 
    into
        projects
        (code, company_id, created_at, created_by, department_id, description, end_date, is_active, name, start_date, status, updated_at, updated_by, id) 
    values
        (?, ?, ?, ?, ?, ?, ?, ?, ?, ?, ?, ?, ?, default)
Hibernate: 
    insert 
    into
        projects
        (code, company_id, created_at, created_by, department_id, description, end_date, is_active, name, start_date, status, updated_at, updated_by, id) 
    values
        (?, ?, ?, ?, ?, ?, ?, ?, ?, ?, ?, ?, ?, default)
2025-07-08T20:07:43.405+02:00 DEBUG 2708 --- [bika] [           main] org.hibernate.SQL                        : 
    insert 
    into
        users
        (is_active, company_id, created_at, created_by, department_id, email, first_name, last_login, last_name, password, role, updated_at, updated_by, username, id) 
    values
        (?, ?, ?, ?, ?, ?, ?, ?, ?, ?, ?, ?, ?, ?, default)
Hibernate: 
    insert 
    into
        users
        (is_active, company_id, created_at, created_by, department_id, email, first_name, last_login, last_name, password, role, updated_at, updated_by, username, id) 
    values
        (?, ?, ?, ?, ?, ?, ?, ?, ?, ?, ?, ?, ?, ?, default)
2025-07-08T20:07:43.528+02:00 DEBUG 2708 --- [bika] [           main] org.hibernate.SQL                        : 
    insert 
    into
        users
        (is_active, company_id, created_at, created_by, department_id, email, first_name, last_login, last_name, password, role, updated_at, updated_by, username, id) 
    values
        (?, ?, ?, ?, ?, ?, ?, ?, ?, ?, ?, ?, ?, ?, default)
Hibernate: 
    insert 
    into
        users
        (is_active, company_id, created_at, created_by, department_id, email, first_name, last_login, last_name, password, role, updated_at, updated_by, username, id) 
    values
        (?, ?, ?, ?, ?, ?, ?, ?, ?, ?, ?, ?, ?, ?, default)
2025-07-08T20:07:43.533+02:00 DEBUG 2708 --- [bika] [           main] org.hibernate.SQL                        : 
    select
        t1_0.id,
        t1_0.assigned_to,
        t1_0.company_id,
        t1_0.completed_date,
        t1_0.created_at,
        t1_0.created_by,
        t1_0.creator_id,
        t1_0.department_id,
        t1_0.description,
        t1_0.due_date,
        t1_0.is_active,
        t1_0.priority,
        t1_0.project_id,
        t1_0.start_date,
        t1_0.status,
        t1_0.title,
        t1_0.updated_at,
        t1_0.updated_by 
    from
        tasks t1_0
Hibernate: 
    select
        t1_0.id,
        t1_0.assigned_to,
        t1_0.company_id,
        t1_0.completed_date,
        t1_0.created_at,
        t1_0.created_by,
        t1_0.creator_id,
        t1_0.department_id,
        t1_0.description,
        t1_0.due_date,
        t1_0.is_active,
        t1_0.priority,
        t1_0.project_id,
        t1_0.start_date,
        t1_0.status,
        t1_0.title,
        t1_0.updated_at,
        t1_0.updated_by 
    from
        tasks t1_0
2025-07-08T20:07:43.534+02:00 DEBUG 2708 --- [bika] [           main] org.hibernate.SQL                        : 
    select
        u1_0.id,
        u1_0.is_active,
        u1_0.company_id,
        u1_0.created_at,
        u1_0.created_by,
        u1_0.department_id,
        u1_0.email,
        u1_0.first_name,
        u1_0.last_login,
        u1_0.last_name,
        u1_0.password,
        u1_0.role,
        u1_0.updated_at,
        u1_0.updated_by,
        u1_0.username 
    from
        users u1_0
Hibernate: 
    select
        u1_0.id,
        u1_0.is_active,
        u1_0.company_id,
        u1_0.created_at,
        u1_0.created_by,
        u1_0.department_id,
        u1_0.email,
        u1_0.first_name,
        u1_0.last_login,
        u1_0.last_name,
        u1_0.password,
        u1_0.role,
        u1_0.updated_at,
        u1_0.updated_by,
        u1_0.username 
    from
        users u1_0
2025-07-08T20:07:43.535+02:00 DEBUG 2708 --- [bika] [           main] org.hibernate.SQL                        : 
    delete 
    from
        users 
    where
        id=?
Hibernate: 
    delete 
    from
        users 
    where
        id=?
2025-07-08T20:07:43.535+02:00 DEBUG 2708 --- [bika] [           main] org.hibernate.SQL                        : 
    delete 
    from
        users 
    where
        id=?
Hibernate: 
    delete 
    from
        users 
    where
        id=?
2025-07-08T20:07:43.536+02:00 DEBUG 2708 --- [bika] [           main] org.hibernate.SQL                        : 
    select
        p1_0.id,
        p1_0.code,
        p1_0.company_id,
        p1_0.created_at,
        p1_0.created_by,
        p1_0.department_id,
        p1_0.description,
        p1_0.end_date,
        p1_0.is_active,
        p1_0.name,
        p1_0.start_date,
        p1_0.status,
        p1_0.updated_at,
        p1_0.updated_by 
    from
        projects p1_0
Hibernate: 
    select
        p1_0.id,
        p1_0.code,
        p1_0.company_id,
        p1_0.created_at,
        p1_0.created_by,
        p1_0.department_id,
        p1_0.description,
        p1_0.end_date,
        p1_0.is_active,
        p1_0.name,
        p1_0.start_date,
        p1_0.status,
        p1_0.updated_at,
        p1_0.updated_by 
    from
        projects p1_0
2025-07-08T20:07:43.538+02:00 DEBUG 2708 --- [bika] [           main] org.hibernate.SQL                        : 
    delete 
    from
        projects 
    where
        id=?
Hibernate: 
    delete 
    from
        projects 
    where
        id=?
2025-07-08T20:07:43.540+02:00 DEBUG 2708 --- [bika] [           main] org.hibernate.SQL                        : 
    select
        d1_0.id,
        d1_0.is_active,
        d1_0.code,
        d1_0.company_id,
        d1_0.created_at,
        d1_0.created_by,
        d1_0.name,
        d1_0.parent_id,
        d1_0.updated_at,
        d1_0.updated_by 
    from
        departments d1_0
Hibernate: 
    select
        d1_0.id,
        d1_0.is_active,
        d1_0.code,
        d1_0.company_id,
        d1_0.created_at,
        d1_0.created_by,
        d1_0.name,
        d1_0.parent_id,
        d1_0.updated_at,
        d1_0.updated_by 
    from
        departments d1_0
2025-07-08T20:07:43.541+02:00 DEBUG 2708 --- [bika] [           main] org.hibernate.SQL                        : 
    delete 
    from
        departments 
    where
        id=?
Hibernate: 
    delete 
    from
        departments 
    where
        id=?
2025-07-08T20:07:43.542+02:00 DEBUG 2708 --- [bika] [           main] org.hibernate.SQL                        : 
    select
        c1_0.id,
        c1_0.is_active,
        c1_0.address,
        c1_0.code,
        c1_0.created_at,
        c1_0.created_by,
        c1_0.description,
        c1_0.email,
        c1_0.name,
        c1_0.phone,
        c1_0.updated_at,
        c1_0.updated_by 
    from
        companies c1_0
Hibernate: 
    select
        c1_0.id,
        c1_0.is_active,
        c1_0.address,
        c1_0.code,
        c1_0.created_at,
        c1_0.created_by,
        c1_0.description,
        c1_0.email,
        c1_0.name,
        c1_0.phone,
        c1_0.updated_at,
        c1_0.updated_by 
    from
        companies c1_0
2025-07-08T20:07:43.543+02:00 DEBUG 2708 --- [bika] [           main] org.hibernate.SQL                        : 
    select
        d1_0.company_id,
        d1_0.id,
        d1_0.is_active,
        d1_0.code,
        d1_0.created_at,
        d1_0.created_by,
        d1_0.name,
        d1_0.parent_id,
        d1_0.updated_at,
        d1_0.updated_by 
    from
        departments d1_0 
    where
        d1_0.company_id=?
Hibernate: 
    select
        d1_0.company_id,
        d1_0.id,
        d1_0.is_active,
        d1_0.code,
        d1_0.created_at,
        d1_0.created_by,
        d1_0.name,
        d1_0.parent_id,
        d1_0.updated_at,
        d1_0.updated_by 
    from
        departments d1_0 
    where
        d1_0.company_id=?
2025-07-08T20:07:43.543+02:00 DEBUG 2708 --- [bika] [           main] org.hibernate.SQL                        : 
    delete 
    from
        companies 
    where
        id=?
Hibernate: 
    delete 
    from
        companies 
    where
        id=?
]]></system-out>
  </testcase>
</testsuite>